2023-03-02 21:10:22.398~180265300 GaianNode -------------> isInitDataUpToDate = true = GAIANDB_JAR_MD5 Unknown = gdbJarMD5_previous Unknown && gdbDbTimestampAtStartup 1677791204357 > gdbJarFile.lastModified() 1677774907268
java version "1.8.0_362"
IBM Semeru Runtime Open Edition (build 1.8.0_362-b09)
Eclipse OpenJ9 VM (build openj9-0.36.0, JRE 1.8.0 Windows 11 amd64-64-Bit Compressed References 20230207_599 (JIT enabled, AOT enabled)
OpenJ9   - e68fb241f
OMR      - f491bbf6f
JCL      - eebde685ec based on jdk8u362-b09)

GaianDB V2.1.8 - JAR sizes: [0, 0], timestamps: [2023/03/02-16:35:07, 2023/03/02-16:35:07]

Features Summary: Federated access to JDBC RDBMS tables and CSV Flat files using a logical table abstraction layer;
A stored procedures management API, e.g. to set and view all logical tables and data sources in the network;
SQL Prepared Statement caching; Connection Pooling; Buffered and batched multi-threaded record fetching;
Explain queries to show a query's route and row counts on node; Constant Column definitions for contextual annotations of logical tables;
Discovery of other Gaian Nodes when 'MIN_DISCOVERED_CONNECTIONS' is set, with preferential attachment to highly connected nodes;
Autonomic maintenance of 2-way connections, or re-discovery initiation upon loss of connections;
Automated dynamic management of SQL VIEWS for logical tables and their derivative definitions containing provenance columns or explain columns;
A Policy plugin interface to manipulate the incoming SQL queries or filter returned records;
Flexible GaianDB node discovery using config variable 'DISCOVERY_IP' to specify a broadcast mask or multicast group address;
New configuration parameters defining permitted hosts, denied hosts and cluster IDs to restrict connectivity between nodes;
Connectivity resilience to variable network latency using property 'GAIAN_CONNECTIONS_CHECKER_HEARTBEAT_MS';
MQTT listener & Message Storer; Command line processor; Logging levels; In Memory Tables and Indexing;
Ability to also access an Omnifind text index using com.ibm.db2j.ICAREST('<search_string>');
Excel Spreadsheet Data Source Type; 'Pass-through' SQL capability for insert/update/delete/call; Discovery Gateways for discovery across networks;
Advanced API calls: listnodes(), listflood(), addgateway();
Access control to allow/disallow SQL API configuration and propagated writes;
Basic security: User authentication and low-level automatic scrambling of passwords in the config file;
Detection and cancellation of hanging queries (not mistaken for long-running queries);
Pass-through sub-queries using 'GaianQuery': define exposed data sources on each node which the query will be executed against;
Performance metrics; Provenance columns: GAIAN_NODE, GAIAN_LEAF (queryable using option: 'with_provenance')

PROCESS ID:		6096

NODE ID:		cspc201

WORKING DIRECTORY:	C:\Users\dcsuser\GaianProject\GaianS-Demo\gaiandb
BYTECODE PATH:		C:\Users\dcsuser\GaianProject\GaianS-Demo\gaiandb\classes\production\GAIANDB
WORKSPACE:		C:\Users\dcsuser\GaianProject\GaianS-Demo\gaiandb

PHYSICAL DATABASE:	C:\Users\dcsuser\GaianProject\GaianS-Demo\gaiandb\gaiandb
LOG FILE:		C:\Users\dcsuser\GaianProject\GaianS-Demo\gaiandb\gaiandb.log
CONFIG FILE:		C:\Users\dcsuser\GaianProject\GaianS-Demo\gaiandb\gaiandb_config.properties

DERBY SERVER PORT:	6414
PROVENANCE HOST(S):	0.0.0.0

Network Interfaces: 
lo: Software Loopback Interface 1 /127.0.0.1, /0:0:0:0:0:0:0:1, Address: /127.0.0.1 -> Broadcast: /127.255.255.255, Address: /0:0:0:0:0:0:0:1 -> Broadcast: null
net0: Microsoft 6to4 Adapter 
eth0: WAN Miniport (Network Monitor) 
wlan0: Intel(R) Wi-Fi 6 AX201 160MHz /192.168.1.102, /2a01:4b00:8468:5a00:7e74:3e17:daa3:9fac, /fd00:0:0:0:2243:5b77:42be:4369, /2a01:4b00:8468:5a00:585d:c85a:da36:900d, /fd00:0:0:0:585d:c85a:da36:900d, /fe80:0:0:0:e9b0:ef47:bcef:3e83%wlan0, Address: /192.168.1.102 -> Broadcast: /192.168.1.255, Address: /2a01:4b00:8468:5a00:7e74:3e17:daa3:9fac -> Broadcast: null, Address: /fd00:0:0:0:2243:5b77:42be:4369 -> Broadcast: null, Address: /2a01:4b00:8468:5a00:585d:c85a:da36:900d -> Broadcast: null, Address: /fd00:0:0:0:585d:c85a:da36:900d -> Broadcast: null, Address: /fe80:0:0:0:e9b0:ef47:bcef:3e83%wlan0 -> Broadcast: null
net1: Microsoft IP-HTTPS Platform Adapter 
net2: WAN Miniport (IKEv2) 
eth1: Microsoft Kernel Debug Network Adapter 
eth2: Realtek USB GbE Family Controller 
eth3: Bluetooth Device (Personal Area Network) 
net3: WAN Miniport (L2TP) 
eth4: PANGP Virtual Ethernet Adapter 
net4: Microsoft Teredo Tunneling Adapter 
eth5: WAN Miniport (IP) 
eth6: WAN Miniport (IPv6) 
wlan1: Microsoft Wi-Fi Direct Virtual Adapter /fe80:0:0:0:f382:ad32:1b3:d2de%wlan1, Address: /fe80:0:0:0:f382:ad32:1b3:d2de%wlan1 -> Broadcast: null
net5: WAN Miniport (PPTP) 
net6: WAN Miniport (SSTP) 
ppp0: WAN Miniport (PPPOE) 
wlan2: Microsoft Wi-Fi Direct Virtual Adapter #2 /fe80:0:0:0:6492:15d8:fae7:a385%wlan2, Address: /fe80:0:0:0:6492:15d8:fae7:a385%wlan2 -> Broadcast: null
wlan3: Intel(R) Wi-Fi 6 AX201 160MHz-WFP Native MAC Layer LightWeight Filter-0000 
wlan4: Intel(R) Wi-Fi 6 AX201 160MHz-Virtual WiFi Filter Driver-0000 
wlan5: Intel(R) Wi-Fi 6 AX201 160MHz-Native WiFi Filter Driver-0000 
wlan6: Intel(R) Wi-Fi 6 AX201 160MHz-QoS Packet Scheduler-0000 
wlan7: Intel(R) Wi-Fi 6 AX201 160MHz-WFP 802.3 MAC Layer LightWeight Filter-0000 
wlan8: Microsoft Wi-Fi Direct Virtual Adapter-WFP Native MAC Layer LightWeight Filter-0000 
wlan9: Microsoft Wi-Fi Direct Virtual Adapter-Native WiFi Filter Driver-0000 
wlan10: Microsoft Wi-Fi Direct Virtual Adapter-QoS Packet Scheduler-0000 
wlan11: Microsoft Wi-Fi Direct Virtual Adapter-WFP 802.3 MAC Layer LightWeight Filter-0000 
wlan12: Microsoft Wi-Fi Direct Virtual Adapter #2-WFP Native MAC Layer LightWeight Filter-0000 
wlan13: Microsoft Wi-Fi Direct Virtual Adapter #2-Native WiFi Filter Driver-0000 
wlan14: Microsoft Wi-Fi Direct Virtual Adapter #2-QoS Packet Scheduler-0000 
wlan15: Microsoft Wi-Fi Direct Virtual Adapter #2-WFP 802.3 MAC Layer LightWeight Filter-0000 
eth7: WAN Miniport (IP)-WFP Native MAC Layer LightWeight Filter-0000 
eth8: WAN Miniport (IP)-QoS Packet Scheduler-0000 
eth9: WAN Miniport (IPv6)-WFP Native MAC Layer LightWeight Filter-0000 
eth10: WAN Miniport (IPv6)-QoS Packet Scheduler-0000 
eth11: WAN Miniport (Network Monitor)-WFP Native MAC Layer LightWeight Filter-0000 
eth12: WAN Miniport (Network Monitor)-QoS Packet Scheduler-0000 

Hostname: cspc201
Java localhost ip: 192.168.1.102
Local address designating initial default interface for multicast: 192.168.1.102


2023-03-02 21:10:22.678~459936000 GaianNode -------------> Initialising GaianNode...
2023-03-02 21:10:22.678~460049000 GaianNode -------------> GAIANDB.jar library has not been changed (and db folder is more recent), so initialisation data (e.g. stored procs/funcs) is expected to be already loaded
2023-03-02 21:10:22.678~460129100 GaianNode -------------> Node details: cspc201 gaiandb <password>
2023-03-02 21:10:22.678~460305900 GaianNode -------------> Autonomic Discovery: Maintained connections sought through discovery: MIN_DISCOVERED_CONNECTIONS = 2
2023-03-02 21:10:22.678~460399000 GaianNode -------------> Autonomic Discovery: DISCOVERY_IP = 
2023-03-02 21:10:22.678~460484900 GaianNode -------------> Autonomic Discovery: DISCOVERY_GATEWAYS = <Default=No gateways to other networks>
2023-03-02 21:10:22.678~460575300 GaianNode -------------> Autonomic Discovery: MULTICAST_INTERFACES = ALL
2023-03-02 21:10:22.679~460670100 GaianNode -------------> Connectivity: ACCESS_CLUSTERS = <Default=Connect to nodes which are not cluster members>
2023-03-02 21:10:22.679~460781700 GaianNode -------------> Connectivity: ACCESS_HOSTS_PERMITTED = <Default=Accept further connections from any host outside the defined clusters>
2023-03-02 21:10:22.679~460881100 GaianNode -------------> Connectivity: ACCESS_HOSTS_DENIED = <Default=Do not deny connections from any host in or outside the defined clusters>
2023-03-02 21:10:22.679~460987800 GaianNode -------------> Log level set to: MORE
2023-03-02 21:10:22.686~467836700 GaianDBConfig ------------------------> Reloading config after auto-update...
2023-03-02 21:10:22.700~482015200 DataSourcesManager ---------> Checking Logical Tables: [GDB_LTNULL, LT0, GDB_LTLOG, DERBY_TABLES]
2023-03-02 21:10:22.700~482612000 DataSourcesManager ---------> Signatures differ for LT: GDB_LTNULL, *** OLD: null; *** NEW: {NODE_CONSTANTS=null, GDB_LTNULL_DEF=CNULL CHAR(1)}
2023-03-02 21:10:22.700~482730600 DataSourcesManager ---------> ******* Re-loading Logical Table: GDB_LTNULL
2023-03-02 21:10:22.701~482919500 DataSourcesManager ---------> Logical Table definition changed for: GDB_LTNULL, ltNewDef = CNULL CHAR(1); Constant Cols: 
2023-03-02 21:10:22.704~486497900 GaianResultSetMetaData ----------> Creating columns meta data using physical cols: [CNULL CHAR(1)], special cols: [GDB_NODE VARCHAR(20), GDB_LEAF VARCHAR(50), GDBX_FROM_NODE VARCHAR(20), GDBX_TO_NODE VARCHAR(20), GDBX_DEPTH INT, GDBX_PRECEDENCE CHAR, GDBX_COUNT BIGINT]
2023-03-02 21:10:22.705~487615200 GaianResultSetMetaData ----------> Building row template from special columns: [GDB_NODE VARCHAR(20), GDB_LEAF VARCHAR(50), GDBX_FROM_NODE VARCHAR(20), GDBX_TO_NODE VARCHAR(20), GDBX_DEPTH INT, GDBX_PRECEDENCE CHAR, GDBX_COUNT BIGINT]
2023-03-02 21:10:22.705~487757900 GaianResultSetMetaData ----------> ltColCount = 8, specialColCount (constant + hidden cols) = 7
2023-03-02 21:10:22.714~496139100 GaianResultSetMetaData ----------> Built Logical Table DVD template: [NULL, cspc201, NULL, NULL, NULL, NULL, NULL, NULL]
2023-03-02 21:10:22.714~496848400 DataSourcesManager ---------> GDB_LTNULL logical table ResultSetMetaData: [CNULL, GDB_NODE, GDB_LEAF, GDBX_FROM_NODE, GDBX_TO_NODE, GDBX_DEPTH, GDBX_PRECEDENCE, GDBX_COUNT, GDB_QRYID, GDB_QRYSTEPS, GDB_CREDENTIALS]
2023-03-02 21:10:22.715~497378600 DataSourcesManager ---------> GDB_LTNULL loading global gaian connections: [], length 0
2023-03-02 21:10:22.715~497511000 DataSourcesManager ---------> GDB_LTNULL physical nodes to be loaded: None
2023-03-02 21:10:22.716~498028400 DataSourcesManager ---------> Signatures differ for LT: LT0, *** OLD: null; *** NEW: {LT0_DS0_OPTIONS=INMEMORY, NODE_CONSTANTS=null, LT0_DS0_C2=COLUMN3, LT0_DS0_C3=COLUMN1, LT0_DS0_ARGS=<GAIAN_WORKSPACE>/csvtestfiles/datafile.dat, LT0_DS0_VTI=com.ibm.db2j.FileImport, LT0_DS0_C1=COLUMN2, LT0_DEF=LOCATION VARCHAR(30), MISC VARCHAR(30), NUMBER INTEGER}
2023-03-02 21:10:22.716~498159800 DataSourcesManager ---------> ******* Re-loading Logical Table: LT0
2023-03-02 21:10:22.716~498315000 DataSourcesManager ---------> Logical Table definition changed for: LT0, ltNewDef = LOCATION VARCHAR(30), MISC VARCHAR(30), NUMBER INTEGER; Constant Cols: 
2023-03-02 21:10:22.717~498987800 GaianResultSetMetaData ----------> Creating columns meta data using physical cols: [LOCATION VARCHAR(30), MISC VARCHAR(30), NUMBER INTEGER], special cols: [GDB_NODE VARCHAR(20), GDB_LEAF VARCHAR(50), GDBX_FROM_NODE VARCHAR(20), GDBX_TO_NODE VARCHAR(20), GDBX_DEPTH INT, GDBX_PRECEDENCE CHAR, GDBX_COUNT BIGINT]
2023-03-02 21:10:22.718~500513100 GaianResultSetMetaData ----------> Building row template from special columns: [GDB_NODE VARCHAR(20), GDB_LEAF VARCHAR(50), GDBX_FROM_NODE VARCHAR(20), GDBX_TO_NODE VARCHAR(20), GDBX_DEPTH INT, GDBX_PRECEDENCE CHAR, GDBX_COUNT BIGINT]
2023-03-02 21:10:22.718~500630400 GaianResultSetMetaData ----------> ltColCount = 10, specialColCount (constant + hidden cols) = 7
2023-03-02 21:10:22.719~500948400 GaianResultSetMetaData ----------> Built Logical Table DVD template: [NULL, NULL, NULL, cspc201, NULL, NULL, NULL, NULL, NULL, NULL]
2023-03-02 21:10:22.719~501450500 DataSourcesManager ---------> LT0 logical table ResultSetMetaData: [LOCATION, MISC, NUMBER, GDB_NODE, GDB_LEAF, GDBX_FROM_NODE, GDBX_TO_NODE, GDBX_DEPTH, GDBX_PRECEDENCE, GDBX_COUNT, GDB_QRYID, GDB_QRYSTEPS, GDB_CREDENTIALS]
2023-03-02 21:10:22.719~501749100 DataSourcesManager ---------> LT0 loading global gaian connections: [], length 0
2023-03-02 21:10:22.719~501828500 DataSourcesManager ---------> LT0 physical nodes to be loaded: [LT0_DS0]
2023-03-02 21:10:22.723~505855800 DataSourcesManager ---------> LT0_DS0 is a VTIWrapper File Node, file name def = C:\Users\dcsuser\GaianProject\GaianS-Demo\gaiandb/csvtestfiles/datafile.dat
2023-03-02 21:10:22.724~506439300 VTIFile --------------------> LT0_DS0 Building new VTIWrapper File based on: C:\Users\dcsuser\GaianProject\GaianS-Demo\gaiandb/csvtestfiles/datafile.dat
2023-03-02 21:10:22.726~508661900 Logger -----------> findDocumentation() unable to locate javadoc due to unresolved install path - path prefix will be masked
2023-03-02 21:10:22.726~508845400 Util -------------> WARNING:

2023-03-02 21:10:22.726 ********** GDB_WARNING: NODE_UNRESOLVED_INSTALL_PATH (10th repetition): GaianDB was unable to resolve install path: java.lang.Exception: Cannot find '/lib/' or '/build/' or '/bin' in bytecode path: /C:/Users/dcsuser/GaianProject/GaianS-Demo/gaiandb/classes/production/GAIANDB/

2023-03-02 21:10:22.726 Documentation: <GaianDBDocumentationDirectory>/javadoc-errors/com/ibm/gaiandb/diags/GDBMessages.html#NODE_UNRESOLVED_INSTALL_PATH


2023-03-02 21:10:22.727~508944800 Logger -----------> findDocumentation() unable to locate javadoc due to unresolved install path - path prefix will be masked
2023-03-02 21:10:22.727~509144100 Util -------------> WARNING:

2023-03-02 21:10:22.727 ********** GDB_WARNING: NODE_UNRESOLVED_INSTALL_PATH: GaianDB was unable to resolve install path: java.lang.Exception: Cannot find '/lib/' or '/build/' or '/bin' in bytecode path: /C:/Users/dcsuser/GaianProject/GaianS-Demo/gaiandb/classes/production/GAIANDB/

2023-03-02 21:10:22.727 Documentation: <GaianDBDocumentationDirectory>/javadoc-errors/com/ibm/gaiandb/diags/GDBMessages.html#NODE_UNRESOLVED_INSTALL_PATH


2023-03-02 21:10:22.727~509282200 Logger -----------> findDocumentation() unable to locate javadoc due to unresolved install path - path prefix will be masked
2023-03-02 21:10:22.727~509488800 Util -------------> WARNING:

2023-03-02 21:10:22.727 ********** GDB_WARNING: NODE_UNRESOLVED_INSTALL_PATH: GaianDB was unable to resolve install path: java.lang.Exception: Cannot find '/lib/' or '/build/' or '/bin' in bytecode path: /C:/Users/dcsuser/GaianProject/GaianS-Demo/gaiandb/classes/production/GAIANDB/

2023-03-02 21:10:22.727 Documentation: <GaianDBDocumentationDirectory>/javadoc-errors/com/ibm/gaiandb/diags/GDBMessages.html#NODE_UNRESOLVED_INSTALL_PATH


2023-03-02 21:10:22.727~509603100 Logger -----------> findDocumentation() unable to locate javadoc due to unresolved install path - path prefix will be masked
2023-03-02 21:10:22.727~509764500 Util -------------> WARNING:

2023-03-02 21:10:22.727 ********** GDB_WARNING: NODE_UNRESOLVED_INSTALL_PATH: GaianDB was unable to resolve install path: java.lang.Exception: Cannot find '/lib/' or '/build/' or '/bin' in bytecode path: /C:/Users/dcsuser/GaianProject/GaianS-Demo/gaiandb/classes/production/GAIANDB/

2023-03-02 21:10:22.727 Documentation: <GaianDBDocumentationDirectory>/javadoc-errors/com/ibm/gaiandb/diags/GDBMessages.html#NODE_UNRESOLVED_INSTALL_PATH


2023-03-02 21:10:22.727~509854200 Logger -----------> findDocumentation() unable to locate javadoc due to unresolved install path - path prefix will be masked
2023-03-02 21:10:22.728~510005700 Util -------------> WARNING:

2023-03-02 21:10:22.728 ********** GDB_WARNING: NODE_UNRESOLVED_INSTALL_PATH: GaianDB was unable to resolve install path: java.lang.Exception: Cannot find '/lib/' or '/build/' or '/bin' in bytecode path: /C:/Users/dcsuser/GaianProject/GaianS-Demo/gaiandb/classes/production/GAIANDB/

2023-03-02 21:10:22.728 Documentation: <GaianDBDocumentationDirectory>/javadoc-errors/com/ibm/gaiandb/diags/GDBMessages.html#NODE_UNRESOLVED_INSTALL_PATH


2023-03-02 21:10:22.728~510091000 Logger -----------> findDocumentation() unable to locate javadoc due to unresolved install path - path prefix will be masked
2023-03-02 21:10:22.728~510227900 Util -------------> WARNING:

2023-03-02 21:10:22.728 ********** GDB_WARNING: NODE_UNRESOLVED_INSTALL_PATH: GaianDB was unable to resolve install path: java.lang.Exception: Cannot find '/lib/' or '/build/' or '/bin' in bytecode path: /C:/Users/dcsuser/GaianProject/GaianS-Demo/gaiandb/classes/production/GAIANDB/

2023-03-02 21:10:22.728 Documentation: <GaianDBDocumentationDirectory>/javadoc-errors/com/ibm/gaiandb/diags/GDBMessages.html#NODE_UNRESOLVED_INSTALL_PATH


2023-03-02 21:10:22.728~510382000 Logger -----------> findDocumentation() unable to locate javadoc due to unresolved install path - path prefix will be masked
2023-03-02 21:10:22.728~510580800 DataSourcesManager ---------> INIT: WARNING:

2023-03-02 21:10:22.728 ********** GDB_WARNING: ENGINE_DS_LOAD_ERROR: Unable to load data source LT0_DS0: java.io.IOException: The system cannot find the path specified.

2023-03-02 21:10:22.728 Documentation: <GaianDBDocumentationDirectory>/javadoc-errors/com/ibm/gaiandb/diags/GDBMessages.html#ENGINE_DS_LOAD_ERROR


2023-03-02 21:10:22.729~510955000 DataSourcesManager ---------> Signatures differ for LT: GDB_LTLOG, *** OLD: null; *** NEW: {GDB_LTLOG_DS0_ARGS=C:\Users\dcsuser\GaianProject\GaianS-Demo\gaiandb/gaiandb.log, NODE_CONSTANTS=null, GDB_LTLOG_DEF=COLUMN1 VARCHAR(255), GDB_LTLOG_DS0_VTI=com.ibm.db2j.FileImport}
2023-03-02 21:10:22.729~511061200 DataSourcesManager ---------> ******* Re-loading Logical Table: GDB_LTLOG
2023-03-02 21:10:22.729~511206800 DataSourcesManager ---------> Logical Table definition changed for: GDB_LTLOG, ltNewDef = COLUMN1 VARCHAR(255); Constant Cols: 
2023-03-02 21:10:22.729~511710000 GaianResultSetMetaData ----------> Creating columns meta data using physical cols: [COLUMN1 VARCHAR(255)], special cols: [GDB_NODE VARCHAR(20), GDB_LEAF VARCHAR(50), GDBX_FROM_NODE VARCHAR(20), GDBX_TO_NODE VARCHAR(20), GDBX_DEPTH INT, GDBX_PRECEDENCE CHAR, GDBX_COUNT BIGINT]
2023-03-02 21:10:22.730~512432200 GaianResultSetMetaData ----------> Building row template from special columns: [GDB_NODE VARCHAR(20), GDB_LEAF VARCHAR(50), GDBX_FROM_NODE VARCHAR(20), GDBX_TO_NODE VARCHAR(20), GDBX_DEPTH INT, GDBX_PRECEDENCE CHAR, GDBX_COUNT BIGINT]
2023-03-02 21:10:22.730~512543100 GaianResultSetMetaData ----------> ltColCount = 8, specialColCount (constant + hidden cols) = 7
2023-03-02 21:10:22.730~512879300 GaianResultSetMetaData ----------> Built Logical Table DVD template: [NULL, cspc201, NULL, NULL, NULL, NULL, NULL, NULL]
2023-03-02 21:10:22.731~513378800 DataSourcesManager ---------> GDB_LTLOG logical table ResultSetMetaData: [COLUMN1, GDB_NODE, GDB_LEAF, GDBX_FROM_NODE, GDBX_TO_NODE, GDBX_DEPTH, GDBX_PRECEDENCE, GDBX_COUNT, GDB_QRYID, GDB_QRYSTEPS, GDB_CREDENTIALS]
2023-03-02 21:10:22.731~513690200 DataSourcesManager ---------> GDB_LTLOG loading global gaian connections: [], length 0
2023-03-02 21:10:22.731~513779900 DataSourcesManager ---------> GDB_LTLOG physical nodes to be loaded: [GDB_LTLOG_DS0]
2023-03-02 21:10:22.731~513895500 DataSourcesManager ---------> GDB_LTLOG_DS0 is a VTIWrapper File Node, file name def = C:\Users\dcsuser\GaianProject\GaianS-Demo\gaiandb/gaiandb.log
2023-03-02 21:10:22.732~513989800 VTIFile --------------------> GDB_LTLOG_DS0 Building new VTIWrapper File based on: C:\Users\dcsuser\GaianProject\GaianS-Demo\gaiandb/gaiandb.log
2023-03-02 21:10:22.732~514535600 VTIWrapper ----------------------> GDB_LTLOG_DS0 Set physical column names to: [COLUMN1]
2023-03-02 21:10:22.739~521669200 FileImport -----------------> Searching under config folder C:\Users\dcsuser\GaianProject\GaianS-Demo\gaiandb\FileImportControls\, all sub-locations of relativeDir: Users\dcsuser\GaianProject\GaianS-Demo\gaiandb\
2023-03-02 21:10:22.740~522005600 FileImport -----------------> Resolved controlfilePath: null
2023-03-02 21:10:22.740~522243800 Logger -----------> findDocumentation() unable to locate javadoc due to unresolved install path - path prefix will be masked
2023-03-02 21:10:22.740~522381700 FileImport -----------------> WARNING:

2023-03-02 21:10:22.740 ********** GDB_WARNING: CONFIG_LT_SET_CONTROL_FILE_NOT_FOUND: No control file found for: C:\Users\dcsuser\GaianProject\GaianS-Demo\gaiandb/gaiandb.log (defaulting to csv format) - i.e. Couldn't resolve 'gaiandb.log.properties' or 'FileImportDefaults.properties' at data file location or at workspace locations under: C:\Users\dcsuser\GaianProject\GaianS-Demo\gaiandb\FileImportControls\

2023-03-02 21:10:22.740 Documentation: <GaianDBDocumentationDirectory>/javadoc-errors/com/ibm/gaiandb/diags/GDBMessages.html#CONFIG_LT_SET_CONTROL_FILE_NOT_FOUND


2023-03-02 21:10:22.774~556648200 GaianResultSetMetaData ----------> Meta data column counts: physical cols: 1, special cols: 0
2023-03-02 21:10:22.776~558015300 GaianResultSetMetaData ----------> Building row template from special columns: []
2023-03-02 21:10:22.776~558144000 GaianResultSetMetaData ----------> ltColCount = 1, specialColCount (constant + hidden cols) = 0
2023-03-02 21:10:22.776~558223900 GaianResultSetMetaData ----------> Built Logical Table DVD template: [NULL]
2023-03-02 21:10:22.777~558772900 GaianResultSetMetaData ----------> Retrieved meta data for columns: [COLUMN1]
2023-03-02 21:10:22.777~559052000 VTIFile --------------------> GDB_LTLOG_DS0 Created initial File handle for Stack Pool
2023-03-02 21:10:22.777~559672200 GaianResultSetMetaData ----------> Meta data column counts: physical cols: 1, special cols: 0
2023-03-02 21:10:22.778~559798400 GaianResultSetMetaData ----------> Building row template from special columns: []
2023-03-02 21:10:22.778~559934000 GaianResultSetMetaData ----------> ltColCount = 1, specialColCount (constant + hidden cols) = 0
2023-03-02 21:10:22.778~560047600 GaianResultSetMetaData ----------> Built Logical Table DVD template: [NULL]
2023-03-02 21:10:22.778~560488500 GaianResultSetMetaData ----------> Retrieved meta data for columns: [COLUMN1]
2023-03-02 21:10:22.778~560692000 VTIWrapper ----------------------> INIT: GDB_LTLOG_DS0 Mapping logical to physical col ids. Resolving 1 logical col names for 1 cols of the physical source. isMapByPosition ? false
2023-03-02 21:10:22.779~561300300 VTIWrapper ----------------------> INIT: GDB_LTLOG_DS0 Found that mapped column COLUMN1->COLUMN1 is physical colindex 1
2023-03-02 21:10:22.780~562700900 DataSourcesManager ---------> Signatures differ for LT: DERBY_TABLES, *** OLD: null; *** NEW: {DERBY_TABLES_DS0_C2=TABLETYPE, DERBY_TABLES_DEF=TABNAME VARCHAR(30), TABTYPE CHAR, COLNAME VARCHAR(30), COLTYPE VARCHAR(80), DERBY_TABLES_DS0_C3=COLUMNNAME, DERBY_TABLES_DS0_CONNECTION=localderby sys.systables,sys.syscolumns where tableid=referenceid, DERBY_TABLES_DS0_C4=COLUMNDATATYPE, localderby_USR=null, NODE_CONSTANTS=null, localderby_PWD=null, localderby_DRIVER=null, localderby_URL=null, DERBY_TABLES_DS0_C1=TABLENAME}
2023-03-02 21:10:22.781~562863700 DataSourcesManager ---------> ******* Re-loading Logical Table: DERBY_TABLES
2023-03-02 21:10:22.781~562993000 DataSourcesManager ---------> Logical Table definition changed for: DERBY_TABLES, ltNewDef = TABNAME VARCHAR(30), TABTYPE CHAR, COLNAME VARCHAR(30), COLTYPE VARCHAR(80); Constant Cols: 
2023-03-02 21:10:22.781~563495400 GaianResultSetMetaData ----------> Creating columns meta data using physical cols: [TABNAME VARCHAR(30), TABTYPE CHAR, COLNAME VARCHAR(30), COLTYPE VARCHAR(80)], special cols: [GDB_NODE VARCHAR(20), GDB_LEAF VARCHAR(50), GDBX_FROM_NODE VARCHAR(20), GDBX_TO_NODE VARCHAR(20), GDBX_DEPTH INT, GDBX_PRECEDENCE CHAR, GDBX_COUNT BIGINT]
2023-03-02 21:10:22.782~564404000 GaianResultSetMetaData ----------> Building row template from special columns: [GDB_NODE VARCHAR(20), GDB_LEAF VARCHAR(50), GDBX_FROM_NODE VARCHAR(20), GDBX_TO_NODE VARCHAR(20), GDBX_DEPTH INT, GDBX_PRECEDENCE CHAR, GDBX_COUNT BIGINT]
2023-03-02 21:10:22.782~564523000 GaianResultSetMetaData ----------> ltColCount = 11, specialColCount (constant + hidden cols) = 7
2023-03-02 21:10:22.783~564878900 GaianResultSetMetaData ----------> Built Logical Table DVD template: [NULL, NULL, NULL, NULL, cspc201, NULL, NULL, NULL, NULL, NULL, NULL]
2023-03-02 21:10:22.783~565347500 DataSourcesManager ---------> DERBY_TABLES logical table ResultSetMetaData: [TABNAME, TABTYPE, COLNAME, COLTYPE, GDB_NODE, GDB_LEAF, GDBX_FROM_NODE, GDBX_TO_NODE, GDBX_DEPTH, GDBX_PRECEDENCE, GDBX_COUNT, GDB_QRYID, GDB_QRYSTEPS, GDB_CREDENTIALS]
2023-03-02 21:10:22.783~565540100 DataSourcesManager ---------> DERBY_TABLES loading global gaian connections: [], length 0
2023-03-02 21:10:22.783~565623500 DataSourcesManager ---------> DERBY_TABLES physical nodes to be loaded: [DERBY_TABLES_DS0]
2023-03-02 21:10:22.783~565739100 DataSourcesManager ---------> DERBY_TABLES_DS0 is a VTIWrapper RDB Node, isGaian = false
2023-03-02 21:10:22.785~567260200 VTIRDBResult ---------------> DERBY_TABLES_DS0 Building new VTIRDBResult based on: org.apache.derby.jdbc.EmbeddedDriver'jdbc:derby:gaiandb;create=true'gaiandb, RDBMS provider is Derby
2023-03-02 21:10:22.785~567498200 VTIWrapper ----------------------> DERBY_TABLES_DS0 Set physical column names to: [TABLENAME, TABLETYPE, COLUMNNAME, COLUMNDATATYPE]
2023-03-02 21:10:22.785~567658600 VTIRDBResult ---------------> DERBY_TABLES_DS0 table def = sys.systables,sys.syscolumns where (tableid=referenceid)
2023-03-02 21:10:22.785~567773000 VTIRDBResult ---------------> INIT: DERBY_TABLES_DS0 inMemoryRows is null: true, isNodeInMemoryOptionSet: false
2023-03-02 21:10:22.785~567870300 DataSourcesManager ---------> Number of updated/reloaded Logical Tables (incl dependencies): 4/4, skipped: 0
2023-03-02 21:10:22.786~568298000 DataSourcesManager ---------> INIT: refreshLogicalTables.. cleanup requested for oldDataSources: []
2023-03-02 21:10:22.786~568521900 DataSourcesManager ---------> INIT: Clearing data sources pool for ID that is no longer referenced: C:\Users\dcsuser\GaianProject\GaianS-Demo\gaiandb/gaiandb.log
2023-03-02 21:10:22.786~568777400 GaianDBConfig ------------------------> Loaded JDBC driver: org.apache.derby.jdbc.EmbeddedDriver
2023-03-02 21:10:22.787~569638500 DatabaseConnector ---------------> INIT: Getting DB Connection for: jdbc:derby:gaiandb;create=true (1 concurrent, synchronous timeout 0ms)
2023-03-02 21:10:22.788~569963000 GaianNode -------------> Starting Derby Network Server, host mask 0.0.0.0, port 6414

2023-03-02 21:10:22.893~675595100 DatabaseConnector ---------------> ******* Connector 1 from INIT: Obtained JDBC Connection org.apache.derby.impl.jdbc.EmbedConnection40@-1350243460 (XID = 2720), (SESSIONID = 2), (DATABASE = gaiandb), (DRDAID = null)  in 105 ms for: jdbc:derby:gaiandb;create=true, Pool size: 1
Thu Mar 02 21:10:23 GMT 2023 : Apache Derby Network Server - 10.10.2.1 - (1643489) started and ready to accept connections on port 6414
2023-03-02 21:10:23.570~352012300 GaianNode -------------> 
Derby Version: CSS10100/10.10.2.1 - (1643489)  - Java Version: 1.8.0_362 (Eclipse OpenJ9 VM)

GaianNode started for Derby network server with sslMode=off on port: 6414 at Thu Mar 02 21:10:23 GMT 2023, startup time: 1249ms

2023-03-02 21:10:23.571~353306700 GaianNode -------------> Derby Network Server maxThreads: 0, timeSliceBeforeYieldPerThread: 0
2023-03-02 21:10:23.621~403469800 DataSourcesManager ---------> Checking views status with: select tablename,columnname,columndatatype from sys.syscolumns, sys.systables st, sys.sysschemas ss where referenceid = tableid and tabletype='V' and schemaname='GAIANDB' and st.schemaid=ss.schemaid and tablename in ('GDB_LTNULL','LT0','GDB_LTLOG','DERBY_TABLES') order by tablename, columnnumber
2023-03-02 21:10:23.673~455049600 DataSourcesManager ---------> UP-TO-DATE VIEWS (4/4): [GDB_LTNULL, LT0, GDB_LTLOG, DERBY_TABLES]
2023-03-02 21:10:28.691~472615900 DatabaseConnectionsChecker ------> New number of potentially hanging queries being checked (involving a GaianNode data source): 0
2023-03-02 21:10:28.738~519854300 GaianNode -------------> New node thread count: 9
Thu Mar 02 21:10:28 GMT 2023 : Log Connections turned on.
Thu Mar 02 21:10:28 GMT 2023 : Connection number: 7.
Thu Mar 02 21:10:28 GMT 2023 : Max threads changed to 1000.
Thu Mar 02 21:10:28 GMT 2023 : Max threads changed to 1000.
Thu Mar 02 21:10:28 GMT 2023 : Connection number: 8.
2023-03-02 21:10:28.740~522829000 GaianNode -------------> Derby Network Server maxThreads set to: 1000
Thu Mar 02 21:10:33 GMT 2023 : Connection number: 9.
2023-03-02 21:10:33.969~750519000 GaianTable -------> GDB_LTNULL queryID=null steps=-1 GaianTable() Constructor:
========================================================================================================================================================================
New GaianTable VTI Call, table = GDB_LTNULL, explain = true, withProvenance = true
2023-03-02 21:10:33.969~750630900 GaianTable -------> GDB_LTNULL queryID=null steps=-1 Resolving logical table
2023-03-02 21:10:33.969~750716800 GaianTable -------> GDB_LTNULL queryID=null steps=-1 Establishing logical table definition and set of data sources
2023-03-02 21:10:33.969~750783400 GaianTable -------> GDB_LTNULL queryID=null steps=-1 Got new meta data for LT def, numCols: 8, numExposedCols: 8
2023-03-02 21:10:33.969~750829300 GaianTable -------> GDB_LTNULL queryID=null steps=-1 MetaData to be returned to Derby: [CNULL CHAR(1), GDB_NODE VARCHAR(20), GDB_LEAF VARCHAR(50), GDBX_FROM_NODE VARCHAR(20), GDBX_TO_NODE VARCHAR(20), GDBX_DEPTH INT, GDBX_PRECEDENCE CHAR, GDBX_COUNT BIGINT]
2023-03-02 21:10:33.970~751948900 GaianTable -------> ******* INITIALISING SYSTEM QUERY - THIS WILL SUBSEQUENTLY ONLY BE LOGGED WHEN LOGLEVEL=ALL
SELECT gdbx_to_node local_node FROM new com.ibm.db2j.GaianTable('gdb_ltnull', 'explain') T WHERE gdbx_depth = 0
2023-03-02 21:10:33.976~757785800 GaianTable -------> GDB_LTNULL queryID=null steps=-1 GaianTable() Constructor:
========================================================================================================================================================================
New GaianTable VTI Call, table = GDB_LTNULL, explain = true, withProvenance = true
2023-03-02 21:10:33.994~776366300 GaianTable -------> SUBQUERY queryID=null steps=-1 GaianTable() Constructor:
========================================================================================================================================================================
New GaianQuery VTI Call, table = SUBQUERY, explain = false, withProvenance = true
2023-03-02 21:10:33.995~776580500 GaianQuery -------> Setting up sub query meta data using subquery and first data source (or local gaiandb if none was specified)
2023-03-02 21:10:33.995~776792400 GaianQuery -------> Gaian Query Source List = [LOCALDERBY]
2023-03-02 21:10:33.995~777089300 DataSourcesManager ---------> DRDAConnThread_2: Creating a new DB handle asynchronously as pool is now empty...
2023-03-02 21:10:33.995~777219000 DatabaseConnector ---------------> DRDAConnThread_2: Getting DB Connection for: jdbc:derby:gaiandb;create=true (1 concurrent, synchronous timeout 0ms)
2023-03-02 21:10:33.995~777394300 DataSourcesManager ---------> Preparing subquery to get RSMD: SELECT name, jSecs(CURRENT_TIMESTAMP) - jSecs(received_timestamp) age, value FROM gdb_local_metrics 		UNION SELECT 'Data Throughput' name, 0 age, cast(GDB_THROUGHPUT()/1000 as char(20)) value from sysibm.sysdummy1 		UNION SELECT 'Query Activity' name, 0 age, cast(GDB_QRY_ACTIVITY() as char(20)) value from sysibm.sysdummy1 		UNION SELECT 'Node CPU' name, 0 age, cast(GDB_NODE_CPU() as char(3)) value from sysibm.sysdummy1 		UNION SELECT 'JVM Used Memory' name, 0 age, cast(JMEMORYPERCENT() as char(3)) value from sysibm.sysdummy1
2023-03-02 21:10:33.998~779856800 DatabaseConnector ---------------> ******* Connector 1 from DRDAConnThread_2: Obtained JDBC Connection org.apache.derby.impl.jdbc.EmbedConnection40@-428636139 (XID = 2743), (SESSIONID = 9), (DATABASE = gaiandb), (DRDAID = null)  in 2 ms for: jdbc:derby:gaiandb;create=true, Pool size: 1
2023-03-02 21:10:34.025~806668400 GaianResultSetMetaData ----------> Meta data column counts: physical cols: 3, special cols: 7
2023-03-02 21:10:34.025~807037000 GaianResultSetMetaData ----------> Building row template from special columns: [GDB_NODE VARCHAR(20), GDB_LEAF VARCHAR(50), GDBX_FROM_NODE VARCHAR(20), GDBX_TO_NODE VARCHAR(20), GDBX_DEPTH INT, GDBX_PRECEDENCE CHAR, GDBX_COUNT BIGINT]
2023-03-02 21:10:34.025~807074200 GaianResultSetMetaData ----------> ltColCount = 10, specialColCount (constant + hidden cols) = 7
2023-03-02 21:10:34.025~807227100 GaianResultSetMetaData ----------> Built Logical Table DVD template: [NULL, NULL, NULL, cspc201, NULL, NULL, NULL, NULL, NULL, NULL]
2023-03-02 21:10:34.026~807492200 GaianResultSetMetaData ----------> Retrieved meta data for columns: [NAME, AGE, VALUE, GDB_NODE, GDB_LEAF, GDBX_FROM_NODE, GDBX_TO_NODE, GDBX_DEPTH, GDBX_PRECEDENCE, GDBX_COUNT]
2023-03-02 21:10:34.026~807609700 GaianTable -------> SUBQUERY queryID=null steps=-1 Resolving logical table
2023-03-02 21:10:34.026~807748000 GaianTable -------> SUBQUERY queryID=null steps=-1 Got new meta data for LT def, numCols: 5, numExposedCols: 5
2023-03-02 21:10:34.026~807800800 GaianTable -------> SUBQUERY queryID=null steps=-1 MetaData to be returned to Derby: [NAME VARCHAR(32), AGE BIGINT, VALUE VARCHAR(255), GDB_NODE VARCHAR(20), GDB_LEAF VARCHAR(50)]
2023-03-02 21:10:34.029~810834200 GaianTable -------> ******* INITIALISING SYSTEM QUERY - THIS WILL SUBSEQUENTLY ONLY BE LOGGED WHEN LOGLEVEL=ALL
SELECT gdb_node,           jSecs(CURRENT_TIMESTAMP) - age received_timestamp,           name,           CAST(value AS INT) value     FROM new com.ibm.db2j.GaianQuery(		'SELECT name, jSecs(CURRENT_TIMESTAMP) - jSecs(received_timestamp) age, value FROM gdb_local_metrics 		UNION SELECT ''Data Throughput'' name, 0 age, cast(GDB_THROUGHPUT()/1000 as char(20)) value from sysibm.sysdummy1 		UNION SELECT ''Query Activity'' name, 0 age, cast(GDB_QRY_ACTIVITY() as char(20)) value from sysibm.sysdummy1 		UNION SELECT ''Node CPU'' name, 0 age, cast(GDB_NODE_CPU() as char(3)) value from sysibm.sysdummy1 		UNION SELECT ''JVM Used Memory'' name, 0 age, cast(JMEMORYPERCENT() as char(3)) value from sysibm.sysdummy1', 		'with_provenance') Q    WHERE name IN ('Data Throughput', 'Query Activity', 'Node CPU', 'JVM Used Memory', 'CPU Usage', 'Used Memory', 'Total Memory', 'Disk I/O', 'Network I/O', 'Battery Power', 'Temperature')      AND age < ? ORDER BY gdb_node, received_timestamp, name
2023-03-02 21:10:34.041~823681000 GaianTable -------> SUBQUERY queryID=null steps=-1 GaianTable() Constructor:
========================================================================================================================================================================
New GaianQuery VTI Call, table = SUBQUERY, explain = false, withProvenance = true
2023-03-02 21:10:34.041~823785500 GaianQuery -------> Setting up sub query meta data using subquery and first data source (or local gaiandb if none was specified)
2023-03-02 21:10:34.041~823843100 GaianQuery -------> Gaian Query Source List = [LOCALDERBY]
2023-03-02 21:10:34.041~823951900 DataSourcesManager ---------> Preparing subquery to get RSMD: SELECT name, jSecs(CURRENT_TIMESTAMP) - jSecs(received_timestamp) age, value FROM gdb_local_metrics 		UNION SELECT 'Data Throughput' name, 0 age, cast(GDB_THROUGHPUT()/1000 as char(20)) value from sysibm.sysdummy1 		UNION SELECT 'Query Activity' name, 0 age, cast(GDB_QRY_ACTIVITY() as char(20)) value from sysibm.sysdummy1 		UNION SELECT 'Node CPU' name, 0 age, cast(GDB_NODE_CPU() as char(3)) value from sysibm.sysdummy1 		UNION SELECT 'JVM Used Memory' name, 0 age, cast(JMEMORYPERCENT() as char(3)) value from sysibm.sysdummy1
2023-03-02 21:10:34.042~824155300 GaianResultSetMetaData ----------> Meta data column counts: physical cols: 3, special cols: 7
2023-03-02 21:10:34.042~824415900 GaianResultSetMetaData ----------> Building row template from special columns: [GDB_NODE VARCHAR(20), GDB_LEAF VARCHAR(50), GDBX_FROM_NODE VARCHAR(20), GDBX_TO_NODE VARCHAR(20), GDBX_DEPTH INT, GDBX_PRECEDENCE CHAR, GDBX_COUNT BIGINT]
2023-03-02 21:10:34.042~824461000 GaianResultSetMetaData ----------> ltColCount = 10, specialColCount (constant + hidden cols) = 7
2023-03-02 21:10:34.042~824606800 GaianResultSetMetaData ----------> Built Logical Table DVD template: [NULL, NULL, NULL, cspc201, NULL, NULL, NULL, NULL, NULL, NULL]
2023-03-02 21:10:34.042~824893400 GaianResultSetMetaData ----------> Retrieved meta data for columns: [NAME, AGE, VALUE, GDB_NODE, GDB_LEAF, GDBX_FROM_NODE, GDBX_TO_NODE, GDBX_DEPTH, GDBX_PRECEDENCE, GDBX_COUNT]
2023-03-02 21:10:34.043~825010400 GaianTable -------> SUBQUERY queryID=null steps=-1 Resolving logical table
2023-03-02 21:10:34.043~825204100 GaianTable -------> SUBQUERY queryID=null steps=-1 Got new meta data for LT def, numCols: 5, numExposedCols: 5
2023-03-02 21:10:34.043~825261200 GaianTable -------> SUBQUERY queryID=null steps=-1 MetaData to be returned to Derby: [NAME VARCHAR(32), AGE BIGINT, VALUE VARCHAR(255), GDB_NODE VARCHAR(20), GDB_LEAF VARCHAR(50)]
2023-03-02 21:10:34.049~830648600 GaianTable -------> ******* INITIALISING SYSTEM QUERY - THIS WILL SUBSEQUENTLY ONLY BE LOGGED WHEN LOGLEVEL=ALL
SELECT gdb_node,           max( jSecs(CURRENT_TIMESTAMP) - age ) received_timestamp,           name,           max( CAST(value AS INT) ) value     FROM new com.ibm.db2j.GaianQuery(		'SELECT name, jSecs(CURRENT_TIMESTAMP) - jSecs(received_timestamp) age, value FROM gdb_local_metrics 		UNION SELECT ''Data Throughput'' name, 0 age, cast(GDB_THROUGHPUT()/1000 as char(20)) value from sysibm.sysdummy1 		UNION SELECT ''Query Activity'' name, 0 age, cast(GDB_QRY_ACTIVITY() as char(20)) value from sysibm.sysdummy1 		UNION SELECT ''Node CPU'' name, 0 age, cast(GDB_NODE_CPU() as char(3)) value from sysibm.sysdummy1 		UNION SELECT ''JVM Used Memory'' name, 0 age, cast(JMEMORYPERCENT() as char(3)) value from sysibm.sysdummy1', 		'with_provenance') Q    WHERE name IN ('Data Throughput', 'Query Activity', 'Node CPU', 'JVM Used Memory', 'CPU Usage', 'Used Memory', 'Total Memory', 'Disk I/O', 'Network I/O', 'Battery Power', 'Temperature')      AND age < ? GROUP BY gdb_node, name
2023-03-02 21:10:34.096~878280600 GaianTable -------> GDB_LTNULL queryID=null steps=-1 GaianTable() Constructor:
========================================================================================================================================================================
New GaianTable VTI Call, table = GDB_LTNULL, explain = true, withProvenance = true
2023-03-02 21:10:34.096~878373700 GaianTable -------> GDB_LTNULL queryID=null steps=-1 Resolving logical table
2023-03-02 21:10:34.097~878489200 GaianTable -------> GDB_LTNULL queryID=null steps=-1 Establishing logical table definition and set of data sources
2023-03-02 21:10:34.097~878561900 GaianTable -------> GDB_LTNULL queryID=null steps=-1 Got new meta data for LT def, numCols: 8, numExposedCols: 8
2023-03-02 21:10:34.097~878598000 GaianTable -------> GDB_LTNULL queryID=null steps=-1 MetaData to be returned to Derby: [CNULL CHAR(1), GDB_NODE VARCHAR(20), GDB_LEAF VARCHAR(50), GDBX_FROM_NODE VARCHAR(20), GDBX_TO_NODE VARCHAR(20), GDBX_DEPTH INT, GDBX_PRECEDENCE CHAR, GDBX_COUNT BIGINT]
2023-03-02 21:10:34.097~879045600 GaianTable -------> GDB_LTNULL queryID=null steps=-1 Entered getEstimatedCostPerInstantiation(), returning 100.0
2023-03-02 21:10:34.097~879083800 GaianTable -------> GDB_LTNULL queryID=null steps=-1 Entered getEstimatedRowCount(), returning 1.0
2023-03-02 21:10:34.097~879111300 GaianTable -------> GDB_LTNULL queryID=null steps=-1 Entered supportsMultipleInstantiations(), returning true
2023-03-02 21:10:34.097~879139600 GaianTable -------> GDB_LTNULL queryID=null steps=-1 Entering GaianTable.close()
2023-03-02 21:10:34.097~879166900 GaianTable -------> GDB_LTNULL queryID=null steps=-1 Entered clearResultAndInMemoryCache(), gaianResult isNull? true
2023-03-02 21:10:34.104~886098200 GaianTable -------> GDB_LTNULL queryID=null steps=-1 GaianTable() Constructor:
========================================================================================================================================================================
New GaianTable VTI Call, table = GDB_LTNULL, explain = true, withProvenance = true
2023-03-02 21:10:34.105~886398300 GaianTable -------> GDB_LTNULL queryID=null steps=-1 Projected Columns: [4, 5, 6]
2023-03-02 21:10:34.105~886630300 GaianTable -------> GDB_LTNULL queryID=null steps=-1 Qualifiers: C6>0
2023-03-02 21:10:34.105~886864400 GaianTable -------> GDB_LTNULL queryID=null steps=-1 Original SQL is not a JOIN and has one FROM and WHERE token and no positional parms, EXTRACTED PREDICATES: gdbx_depth > 0, table alias: T
2023-03-02 21:10:34.105~886923300 GaianTable -------> GDB_LTNULL queryID=null steps=-1 Entered clearResultAndInMemoryCache(), gaianResult isNull? true
2023-03-02 21:10:34.105~886960400 GaianTable -------> GDB_LTNULL queryID=null steps=-1 Initialising query: Getting table def and data sources
2023-03-02 21:10:34.105~887016500 GaianTable -------> GDB_LTNULL queryID=null steps=-1 Explain option with elements: [explainds]
2023-03-02 21:10:34.105~887059000 GaianTable -------> GDB_LTNULL queryID=null steps=-1 Resolving logical table
2023-03-02 21:10:34.105~887184100 GaianTable -------> GDB_LTNULL queryID=null steps=-1 Establishing logical table definition and set of data sources
2023-03-02 21:10:34.105~887249500 GaianTable -------> GDB_LTNULL queryID=null steps=-1 Retrieved node definitions: []
2023-03-02 21:10:34.105~887296100 GaianTable -------> GDB_LTNULL queryID=null steps=-1 MetaData for rows passed to Derby: [CNULL CHAR(1), GDB_NODE VARCHAR(20), GDB_LEAF VARCHAR(50), GDBX_FROM_NODE VARCHAR(20), GDBX_TO_NODE VARCHAR(20), GDBX_DEPTH INT, GDBX_PRECEDENCE CHAR, GDBX_COUNT BIGINT]
2023-03-02 21:10:34.105~887336800 GaianTable -------> GDB_LTNULL queryID=null steps=-1 Creating a new queryID, and associated propagationCount=0 for this Query
2023-03-02 21:10:34.106~887409400 GaianTable -------> ******* GDB_LTNULL queryID=cspc201:1677791434106:1 steps=0 executeFastPathQuery():
========================================================================================================================================================================

2023-03-02 21:10:34.106 -------> NEW INCOMING SQL QUERY: SELECT gdbx_from_node source, gdbx_to_node target    FROM new com.ibm.db2j.GaianTable('gdb_ltnull', 'explainds') T WHERE gdbx_depth > 0


2023-03-02 21:10:34.106~887444500 GaianTable -------> GDB_LTNULL queryID=cspc201:1677791434106:1 steps=0 No nodes to execute query on after initialisation, returning empty ResultSet
2023-03-02 21:10:34.106~887584600 GaianTable -------> GDB_LTNULL queryID=cspc201:1677791434106:1 steps=0 Setting explain row: <SQL QUERY>, cspc201, 0, F, 0
2023-03-02 21:10:34.116~898331800 GaianTable -------> GDB_LTNULL queryID=null steps=-1 GaianTable() Constructor:
========================================================================================================================================================================
New GaianTable VTI Call, table = GDB_LTNULL, explain = true, withProvenance = true
2023-03-02 21:10:34.117~898678800 GaianTable -------> GDB_LTNULL queryID=null steps=-1 Projected Columns: [4, 5, 6]
2023-03-02 21:10:34.117~899002400 GaianTable -------> GDB_LTNULL queryID=null steps=-1 Qualifiers: C6>0
2023-03-02 21:10:34.117~899257500 GaianTable -------> GDB_LTNULL queryID=null steps=-1 Original SQL is not a JOIN and has one FROM and WHERE token and no positional parms, EXTRACTED PREDICATES: gdbx_depth > 0, table alias: T
2023-03-02 21:10:34.117~899350500 GaianTable -------> GDB_LTNULL queryID=null steps=-1 Entered clearResultAndInMemoryCache(), gaianResult isNull? true
2023-03-02 21:10:34.118~899403100 GaianTable -------> GDB_LTNULL queryID=null steps=-1 Initialising query: Getting table def and data sources
2023-03-02 21:10:34.118~899509000 GaianTable -------> GDB_LTNULL queryID=null steps=-1 Explain option with elements: [explainds]
2023-03-02 21:10:34.118~899576300 GaianTable -------> GDB_LTNULL queryID=null steps=-1 Resolving logical table
2023-03-02 21:10:34.118~899748100 GaianTable -------> GDB_LTNULL queryID=null steps=-1 Establishing logical table definition and set of data sources
2023-03-02 21:10:34.118~899821400 GaianTable -------> GDB_LTNULL queryID=null steps=-1 Retrieved node definitions: []
2023-03-02 21:10:34.118~899870700 GaianTable -------> GDB_LTNULL queryID=null steps=-1 MetaData for rows passed to Derby: [CNULL CHAR(1), GDB_NODE VARCHAR(20), GDB_LEAF VARCHAR(50), GDBX_FROM_NODE VARCHAR(20), GDBX_TO_NODE VARCHAR(20), GDBX_DEPTH INT, GDBX_PRECEDENCE CHAR, GDBX_COUNT BIGINT]
2023-03-02 21:10:34.118~899923200 GaianTable -------> GDB_LTNULL queryID=null steps=-1 Creating a new queryID, and associated propagationCount=0 for this Query
2023-03-02 21:10:34.118~899998000 GaianTable -------> ******* GDB_LTNULL queryID=cspc201:1677791434118:2 steps=0 executeFastPathQuery():
========================================================================================================================================================================

2023-03-02 21:10:34.118 -------> NEW INCOMING SQL QUERY: SELECT gdbx_from_node source, gdbx_to_node target    FROM new com.ibm.db2j.GaianTable('gdb_ltnull', 'explainds') T WHERE gdbx_depth > 0


2023-03-02 21:10:34.118~900038600 GaianTable -------> GDB_LTNULL queryID=cspc201:1677791434118:2 steps=0 No nodes to execute query on after initialisation, returning empty ResultSet
2023-03-02 21:10:34.118~900186500 GaianTable -------> GDB_LTNULL queryID=cspc201:1677791434118:2 steps=0 Setting explain row: <SQL QUERY>, cspc201, 0, F, 0
2023-03-02 21:10:34.121~902577200 GaianTable -------> GDB_LTNULL queryID=null steps=-1 GaianTable() Constructor:
========================================================================================================================================================================
New GaianTable VTI Call, table = GDB_LTNULL, explain = true, withProvenance = true
2023-03-02 21:10:34.121~902674900 GaianTable -------> GDB_LTNULL queryID=null steps=-1 Projected Columns: [4, 5, 6]
2023-03-02 21:10:34.121~902816500 GaianTable -------> GDB_LTNULL queryID=null steps=-1 Qualifiers: C6>0
2023-03-02 21:10:34.121~902984600 GaianTable -------> GDB_LTNULL queryID=null steps=-1 Original SQL is not a JOIN and has one FROM and WHERE token and no positional parms, EXTRACTED PREDICATES: gdbx_depth > 0, table alias: T
2023-03-02 21:10:34.121~903025200 GaianTable -------> GDB_LTNULL queryID=null steps=-1 Entered clearResultAndInMemoryCache(), gaianResult isNull? true
2023-03-02 21:10:34.121~903053000 GaianTable -------> GDB_LTNULL queryID=null steps=-1 Initialising query: Getting table def and data sources
2023-03-02 21:10:34.121~903111900 GaianTable -------> GDB_LTNULL queryID=null steps=-1 Explain option with elements: [explainds]
2023-03-02 21:10:34.121~903154200 GaianTable -------> GDB_LTNULL queryID=null steps=-1 Resolving logical table
2023-03-02 21:10:34.121~903294700 GaianTable -------> GDB_LTNULL queryID=null steps=-1 Establishing logical table definition and set of data sources
2023-03-02 21:10:34.122~903356200 GaianTable -------> GDB_LTNULL queryID=null steps=-1 Retrieved node definitions: []
2023-03-02 21:10:34.122~903412100 GaianTable -------> GDB_LTNULL queryID=null steps=-1 MetaData for rows passed to Derby: [CNULL CHAR(1), GDB_NODE VARCHAR(20), GDB_LEAF VARCHAR(50), GDBX_FROM_NODE VARCHAR(20), GDBX_TO_NODE VARCHAR(20), GDBX_DEPTH INT, GDBX_PRECEDENCE CHAR, GDBX_COUNT BIGINT]
2023-03-02 21:10:34.122~903452800 GaianTable -------> GDB_LTNULL queryID=null steps=-1 Creating a new queryID, and associated propagationCount=0 for this Query
2023-03-02 21:10:34.122~903516400 GaianTable -------> ******* GDB_LTNULL queryID=cspc201:1677791434122:3 steps=0 executeFastPathQuery():
========================================================================================================================================================================

2023-03-02 21:10:34.122 -------> NEW INCOMING SQL QUERY: SELECT gdbx_from_node source, gdbx_to_node target    FROM new com.ibm.db2j.GaianTable('gdb_ltnull', 'explainds') T WHERE gdbx_depth > 0


2023-03-02 21:10:34.122~903555400 GaianTable -------> GDB_LTNULL queryID=cspc201:1677791434122:3 steps=0 No nodes to execute query on after initialisation, returning empty ResultSet
2023-03-02 21:10:34.122~903670300 GaianTable -------> GDB_LTNULL queryID=cspc201:1677791434122:3 steps=0 Setting explain row: <SQL QUERY>, cspc201, 0, F, 0
2023-03-02 21:10:34.124~905399700 GaianTable -------> GDB_LTNULL queryID=null steps=-1 GaianTable() Constructor:
========================================================================================================================================================================
New GaianTable VTI Call, table = GDB_LTNULL, explain = true, withProvenance = true
2023-03-02 21:10:34.124~905502000 GaianTable -------> GDB_LTNULL queryID=null steps=-1 Projected Columns: [4, 5, 6]
2023-03-02 21:10:34.124~905610700 GaianTable -------> GDB_LTNULL queryID=null steps=-1 Qualifiers: C6>0
2023-03-02 21:10:34.124~905741800 GaianTable -------> GDB_LTNULL queryID=null steps=-1 Original SQL is not a JOIN and has one FROM and WHERE token and no positional parms, EXTRACTED PREDICATES: gdbx_depth > 0, table alias: T
2023-03-02 21:10:34.124~905775900 GaianTable -------> GDB_LTNULL queryID=null steps=-1 Entered clearResultAndInMemoryCache(), gaianResult isNull? true
2023-03-02 21:10:34.124~905802100 GaianTable -------> GDB_LTNULL queryID=null steps=-1 Initialising query: Getting table def and data sources
2023-03-02 21:10:34.124~905844100 GaianTable -------> GDB_LTNULL queryID=null steps=-1 Explain option with elements: [explainds]
2023-03-02 21:10:34.124~905875800 GaianTable -------> GDB_LTNULL queryID=null steps=-1 Resolving logical table
2023-03-02 21:10:34.124~905986000 GaianTable -------> GDB_LTNULL queryID=null steps=-1 Establishing logical table definition and set of data sources
2023-03-02 21:10:34.124~906029800 GaianTable -------> GDB_LTNULL queryID=null steps=-1 Retrieved node definitions: []
2023-03-02 21:10:34.124~906060600 GaianTable -------> GDB_LTNULL queryID=null steps=-1 MetaData for rows passed to Derby: [CNULL CHAR(1), GDB_NODE VARCHAR(20), GDB_LEAF VARCHAR(50), GDBX_FROM_NODE VARCHAR(20), GDBX_TO_NODE VARCHAR(20), GDBX_DEPTH INT, GDBX_PRECEDENCE CHAR, GDBX_COUNT BIGINT]
2023-03-02 21:10:34.124~906089300 GaianTable -------> GDB_LTNULL queryID=null steps=-1 Creating a new queryID, and associated propagationCount=0 for this Query
2023-03-02 21:10:34.124~906131200 GaianTable -------> ******* GDB_LTNULL queryID=cspc201:1677791434124:4 steps=0 executeFastPathQuery():
========================================================================================================================================================================

2023-03-02 21:10:34.124 -------> NEW INCOMING SQL QUERY: SELECT gdbx_from_node source, gdbx_to_node target    FROM new com.ibm.db2j.GaianTable('gdb_ltnull', 'explainds') T WHERE gdbx_depth > 0


2023-03-02 21:10:34.124~906156600 GaianTable -------> GDB_LTNULL queryID=cspc201:1677791434124:4 steps=0 No nodes to execute query on after initialisation, returning empty ResultSet
2023-03-02 21:10:34.124~906247500 GaianTable -------> GDB_LTNULL queryID=cspc201:1677791434124:4 steps=0 Setting explain row: <SQL QUERY>, cspc201, 0, F, 0
2023-03-02 21:10:34.126~907742400 GaianTable -------> GDB_LTNULL queryID=null steps=-1 GaianTable() Constructor:
========================================================================================================================================================================
New GaianTable VTI Call, table = GDB_LTNULL, explain = true, withProvenance = true
2023-03-02 21:10:34.126~907840400 GaianTable -------> GDB_LTNULL queryID=null steps=-1 Projected Columns: [4, 5, 6]
2023-03-02 21:10:34.126~907959300 GaianTable -------> GDB_LTNULL queryID=null steps=-1 Qualifiers: C6>0
2023-03-02 21:10:34.126~908044700 GaianTable -------> GDB_LTNULL queryID=null steps=-1 Original SQL is not a JOIN and has one FROM and WHERE token and no positional parms, EXTRACTED PREDICATES: gdbx_depth > 0, table alias: T
2023-03-02 21:10:34.126~908084600 GaianTable -------> GDB_LTNULL queryID=null steps=-1 Entered clearResultAndInMemoryCache(), gaianResult isNull? true
2023-03-02 21:10:34.126~908112000 GaianTable -------> GDB_LTNULL queryID=null steps=-1 Initialising query: Getting table def and data sources
2023-03-02 21:10:34.126~908166500 GaianTable -------> GDB_LTNULL queryID=null steps=-1 Explain option with elements: [explainds]
2023-03-02 21:10:34.126~908207300 GaianTable -------> GDB_LTNULL queryID=null steps=-1 Resolving logical table
2023-03-02 21:10:34.126~908339200 GaianTable -------> GDB_LTNULL queryID=null steps=-1 Establishing logical table definition and set of data sources
2023-03-02 21:10:34.127~908401500 GaianTable -------> GDB_LTNULL queryID=null steps=-1 Retrieved node definitions: []
2023-03-02 21:10:34.127~908463800 GaianTable -------> GDB_LTNULL queryID=null steps=-1 MetaData for rows passed to Derby: [CNULL CHAR(1), GDB_NODE VARCHAR(20), GDB_LEAF VARCHAR(50), GDBX_FROM_NODE VARCHAR(20), GDBX_TO_NODE VARCHAR(20), GDBX_DEPTH INT, GDBX_PRECEDENCE CHAR, GDBX_COUNT BIGINT]
2023-03-02 21:10:34.127~908504400 GaianTable -------> GDB_LTNULL queryID=null steps=-1 Creating a new queryID, and associated propagationCount=0 for this Query
2023-03-02 21:10:34.127~908564800 GaianTable -------> ******* GDB_LTNULL queryID=cspc201:1677791434127:5 steps=0 executeFastPathQuery():
========================================================================================================================================================================

2023-03-02 21:10:34.127 -------> NEW INCOMING SQL QUERY: SELECT gdbx_from_node source, gdbx_to_node target    FROM new com.ibm.db2j.GaianTable('gdb_ltnull', 'explainds') T WHERE gdbx_depth > 0


2023-03-02 21:10:34.127~908603700 GaianTable -------> GDB_LTNULL queryID=cspc201:1677791434127:5 steps=0 No nodes to execute query on after initialisation, returning empty ResultSet
2023-03-02 21:10:34.127~908736300 GaianTable -------> GDB_LTNULL queryID=cspc201:1677791434127:5 steps=0 Setting explain row: <SQL QUERY>, cspc201, 0, F, 0
2023-03-02 21:10:34.128~910316300 GaianTable -------> GDB_LTNULL queryID=null steps=-1 GaianTable() Constructor:
========================================================================================================================================================================
New GaianTable VTI Call, table = GDB_LTNULL, explain = true, withProvenance = true
2023-03-02 21:10:34.129~910417100 GaianTable -------> GDB_LTNULL queryID=null steps=-1 Projected Columns: [4, 5, 6]
2023-03-02 21:10:34.129~910581800 GaianTable -------> GDB_LTNULL queryID=null steps=-1 Qualifiers: C6>0
2023-03-02 21:10:34.129~910706900 GaianTable -------> GDB_LTNULL queryID=null steps=-1 Original SQL is not a JOIN and has one FROM and WHERE token and no positional parms, EXTRACTED PREDICATES: gdbx_depth > 0, table alias: T
2023-03-02 21:10:34.129~910759500 GaianTable -------> GDB_LTNULL queryID=null steps=-1 Entered clearResultAndInMemoryCache(), gaianResult isNull? true
2023-03-02 21:10:34.129~910798200 GaianTable -------> GDB_LTNULL queryID=null steps=-1 Initialising query: Getting table def and data sources
2023-03-02 21:10:34.129~910862100 GaianTable -------> GDB_LTNULL queryID=null steps=-1 Explain option with elements: [explainds]
2023-03-02 21:10:34.129~910912200 GaianTable -------> GDB_LTNULL queryID=null steps=-1 Resolving logical table
2023-03-02 21:10:34.129~911039700 GaianTable -------> GDB_LTNULL queryID=null steps=-1 Establishing logical table definition and set of data sources
2023-03-02 21:10:34.129~911085300 GaianTable -------> GDB_LTNULL queryID=null steps=-1 Retrieved node definitions: []
2023-03-02 21:10:34.129~911125400 GaianTable -------> GDB_LTNULL queryID=null steps=-1 MetaData for rows passed to Derby: [CNULL CHAR(1), GDB_NODE VARCHAR(20), GDB_LEAF VARCHAR(50), GDBX_FROM_NODE VARCHAR(20), GDBX_TO_NODE VARCHAR(20), GDBX_DEPTH INT, GDBX_PRECEDENCE CHAR, GDBX_COUNT BIGINT]
2023-03-02 21:10:34.129~911170000 GaianTable -------> GDB_LTNULL queryID=null steps=-1 Creating a new queryID, and associated propagationCount=0 for this Query
2023-03-02 21:10:34.129~911232500 GaianTable -------> ******* GDB_LTNULL queryID=cspc201:1677791434129:6 steps=0 executeFastPathQuery():
========================================================================================================================================================================

2023-03-02 21:10:34.129 -------> NEW INCOMING SQL QUERY: SELECT gdbx_from_node source, gdbx_to_node target    FROM new com.ibm.db2j.GaianTable('gdb_ltnull', 'explainds') T WHERE gdbx_depth > 0


2023-03-02 21:10:34.129~911268600 GaianTable -------> GDB_LTNULL queryID=cspc201:1677791434129:6 steps=0 No nodes to execute query on after initialisation, returning empty ResultSet
2023-03-02 21:10:34.130~911360300 GaianTable -------> GDB_LTNULL queryID=cspc201:1677791434129:6 steps=0 Setting explain row: <SQL QUERY>, cspc201, 0, F, 0
2023-03-02 21:10:34.131~913064300 GaianTable -------> GDB_LTNULL queryID=null steps=-1 GaianTable() Constructor:
========================================================================================================================================================================
New GaianTable VTI Call, table = GDB_LTNULL, explain = true, withProvenance = true
2023-03-02 21:10:34.131~913148800 GaianTable -------> GDB_LTNULL queryID=null steps=-1 Projected Columns: [4, 5, 6]
2023-03-02 21:10:34.131~913270500 GaianTable -------> GDB_LTNULL queryID=null steps=-1 Qualifiers: C6>0
2023-03-02 21:10:34.132~913361500 GaianTable -------> GDB_LTNULL queryID=null steps=-1 Original SQL is not a JOIN and has one FROM and WHERE token and no positional parms, EXTRACTED PREDICATES: gdbx_depth > 0, table alias: T
2023-03-02 21:10:34.132~913411300 GaianTable -------> GDB_LTNULL queryID=null steps=-1 Entered clearResultAndInMemoryCache(), gaianResult isNull? true
2023-03-02 21:10:34.132~913437800 GaianTable -------> GDB_LTNULL queryID=null steps=-1 Initialising query: Getting table def and data sources
2023-03-02 21:10:34.132~913480900 GaianTable -------> GDB_LTNULL queryID=null steps=-1 Explain option with elements: [explainds]
2023-03-02 21:10:34.132~913511600 GaianTable -------> GDB_LTNULL queryID=null steps=-1 Resolving logical table
2023-03-02 21:10:34.132~913606500 GaianTable -------> GDB_LTNULL queryID=null steps=-1 Establishing logical table definition and set of data sources
2023-03-02 21:10:34.132~913648500 GaianTable -------> GDB_LTNULL queryID=null steps=-1 Retrieved node definitions: []
2023-03-02 21:10:34.132~913681600 GaianTable -------> GDB_LTNULL queryID=null steps=-1 MetaData for rows passed to Derby: [CNULL CHAR(1), GDB_NODE VARCHAR(20), GDB_LEAF VARCHAR(50), GDBX_FROM_NODE VARCHAR(20), GDBX_TO_NODE VARCHAR(20), GDBX_DEPTH INT, GDBX_PRECEDENCE CHAR, GDBX_COUNT BIGINT]
2023-03-02 21:10:34.132~913710800 GaianTable -------> GDB_LTNULL queryID=null steps=-1 Creating a new queryID, and associated propagationCount=0 for this Query
2023-03-02 21:10:34.132~913767700 GaianTable -------> ******* GDB_LTNULL queryID=cspc201:1677791434132:7 steps=0 executeFastPathQuery():
========================================================================================================================================================================

2023-03-02 21:10:34.132 -------> NEW INCOMING SQL QUERY: SELECT gdbx_from_node source, gdbx_to_node target    FROM new com.ibm.db2j.GaianTable('gdb_ltnull', 'explainds') T WHERE gdbx_depth > 0


2023-03-02 21:10:34.132~913796400 GaianTable -------> GDB_LTNULL queryID=cspc201:1677791434132:7 steps=0 No nodes to execute query on after initialisation, returning empty ResultSet
2023-03-02 21:10:34.132~913882500 GaianTable -------> GDB_LTNULL queryID=cspc201:1677791434132:7 steps=0 Setting explain row: <SQL QUERY>, cspc201, 0, F, 0
2023-03-02 21:10:34.134~915550200 GaianTable -------> GDB_LTNULL queryID=null steps=-1 GaianTable() Constructor:
========================================================================================================================================================================
New GaianTable VTI Call, table = GDB_LTNULL, explain = true, withProvenance = true
2023-03-02 21:10:34.134~915684200 GaianTable -------> GDB_LTNULL queryID=null steps=-1 Projected Columns: [4, 5, 6]
2023-03-02 21:10:34.134~915845900 GaianTable -------> GDB_LTNULL queryID=null steps=-1 Qualifiers: C6>0
2023-03-02 21:10:34.134~915976100 GaianTable -------> GDB_LTNULL queryID=null steps=-1 Original SQL is not a JOIN and has one FROM and WHERE token and no positional parms, EXTRACTED PREDICATES: gdbx_depth > 0, table alias: T
2023-03-02 21:10:34.134~916036300 GaianTable -------> GDB_LTNULL queryID=null steps=-1 Entered clearResultAndInMemoryCache(), gaianResult isNull? true
2023-03-02 21:10:34.134~916077900 GaianTable -------> GDB_LTNULL queryID=null steps=-1 Initialising query: Getting table def and data sources
2023-03-02 21:10:34.134~916143000 GaianTable -------> GDB_LTNULL queryID=null steps=-1 Explain option with elements: [explainds]
2023-03-02 21:10:34.134~916193400 GaianTable -------> GDB_LTNULL queryID=null steps=-1 Resolving logical table
2023-03-02 21:10:34.134~916337300 GaianTable -------> GDB_LTNULL queryID=null steps=-1 Establishing logical table definition and set of data sources
2023-03-02 21:10:34.135~916414800 GaianTable -------> GDB_LTNULL queryID=null steps=-1 Retrieved node definitions: []
2023-03-02 21:10:34.135~916475300 GaianTable -------> GDB_LTNULL queryID=null steps=-1 MetaData for rows passed to Derby: [CNULL CHAR(1), GDB_NODE VARCHAR(20), GDB_LEAF VARCHAR(50), GDBX_FROM_NODE VARCHAR(20), GDBX_TO_NODE VARCHAR(20), GDBX_DEPTH INT, GDBX_PRECEDENCE CHAR, GDBX_COUNT BIGINT]
2023-03-02 21:10:34.135~916518800 GaianTable -------> GDB_LTNULL queryID=null steps=-1 Creating a new queryID, and associated propagationCount=0 for this Query
2023-03-02 21:10:34.135~916593700 GaianTable -------> ******* GDB_LTNULL queryID=cspc201:1677791434135:8 steps=0 executeFastPathQuery():
========================================================================================================================================================================

2023-03-02 21:10:34.135 -------> NEW INCOMING SQL QUERY: SELECT gdbx_from_node source, gdbx_to_node target    FROM new com.ibm.db2j.GaianTable('gdb_ltnull', 'explainds') T WHERE gdbx_depth > 0


2023-03-02 21:10:34.135~916635600 GaianTable -------> GDB_LTNULL queryID=cspc201:1677791434135:8 steps=0 No nodes to execute query on after initialisation, returning empty ResultSet
2023-03-02 21:10:34.135~916763900 GaianTable -------> GDB_LTNULL queryID=cspc201:1677791434135:8 steps=0 Setting explain row: <SQL QUERY>, cspc201, 0, F, 0
2023-03-02 21:10:34.136~918068200 GaianTable -------> GDB_LTNULL queryID=null steps=-1 GaianTable() Constructor:
========================================================================================================================================================================
New GaianTable VTI Call, table = GDB_LTNULL, explain = true, withProvenance = true
2023-03-02 21:10:34.136~918239100 GaianTable -------> GDB_LTNULL queryID=null steps=-1 Projected Columns: [4, 5, 6]
2023-03-02 21:10:34.137~918374200 GaianTable -------> GDB_LTNULL queryID=null steps=-1 Qualifiers: C6>0
2023-03-02 21:10:34.137~918500100 GaianTable -------> GDB_LTNULL queryID=null steps=-1 Original SQL is not a JOIN and has one FROM and WHERE token and no positional parms, EXTRACTED PREDICATES: gdbx_depth > 0, table alias: T
2023-03-02 21:10:34.137~918536400 GaianTable -------> GDB_LTNULL queryID=null steps=-1 Entered clearResultAndInMemoryCache(), gaianResult isNull? true
2023-03-02 21:10:34.137~918560800 GaianTable -------> GDB_LTNULL queryID=null steps=-1 Initialising query: Getting table def and data sources
2023-03-02 21:10:34.137~918598900 GaianTable -------> GDB_LTNULL queryID=null steps=-1 Explain option with elements: [explainds]
2023-03-02 21:10:34.137~918627800 GaianTable -------> GDB_LTNULL queryID=null steps=-1 Resolving logical table
2023-03-02 21:10:34.137~918715300 GaianTable -------> GDB_LTNULL queryID=null steps=-1 Establishing logical table definition and set of data sources
2023-03-02 21:10:34.137~918758000 GaianTable -------> GDB_LTNULL queryID=null steps=-1 Retrieved node definitions: []
2023-03-02 21:10:34.137~918788500 GaianTable -------> GDB_LTNULL queryID=null steps=-1 MetaData for rows passed to Derby: [CNULL CHAR(1), GDB_NODE VARCHAR(20), GDB_LEAF VARCHAR(50), GDBX_FROM_NODE VARCHAR(20), GDBX_TO_NODE VARCHAR(20), GDBX_DEPTH INT, GDBX_PRECEDENCE CHAR, GDBX_COUNT BIGINT]
2023-03-02 21:10:34.137~918822000 GaianTable -------> GDB_LTNULL queryID=null steps=-1 Creating a new queryID, and associated propagationCount=0 for this Query
2023-03-02 21:10:34.137~918939600 GaianTable -------> ******* GDB_LTNULL queryID=cspc201:1677791434137:9 steps=0 executeFastPathQuery():
========================================================================================================================================================================

2023-03-02 21:10:34.137 -------> NEW INCOMING SQL QUERY: SELECT gdbx_from_node source, gdbx_to_node target    FROM new com.ibm.db2j.GaianTable('gdb_ltnull', 'explainds') T WHERE gdbx_depth > 0


2023-03-02 21:10:34.137~918969000 GaianTable -------> GDB_LTNULL queryID=cspc201:1677791434137:9 steps=0 No nodes to execute query on after initialisation, returning empty ResultSet
2023-03-02 21:10:34.137~919080100 GaianTable -------> GDB_LTNULL queryID=cspc201:1677791434137:9 steps=0 Setting explain row: <SQL QUERY>, cspc201, 0, F, 0
2023-03-02 21:10:34.139~920376300 GaianTable -------> GDB_LTNULL queryID=null steps=-1 GaianTable() Constructor:
========================================================================================================================================================================
New GaianTable VTI Call, table = GDB_LTNULL, explain = true, withProvenance = true
2023-03-02 21:10:34.139~920463500 GaianTable -------> GDB_LTNULL queryID=null steps=-1 Projected Columns: [4, 5, 6]
2023-03-02 21:10:34.139~920595000 GaianTable -------> GDB_LTNULL queryID=null steps=-1 Qualifiers: C6>0
2023-03-02 21:10:34.139~920709800 GaianTable -------> GDB_LTNULL queryID=null steps=-1 Original SQL is not a JOIN and has one FROM and WHERE token and no positional parms, EXTRACTED PREDICATES: gdbx_depth > 0, table alias: T
2023-03-02 21:10:34.139~920754900 GaianTable -------> GDB_LTNULL queryID=null steps=-1 Entered clearResultAndInMemoryCache(), gaianResult isNull? true
2023-03-02 21:10:34.139~920794900 GaianTable -------> GDB_LTNULL queryID=null steps=-1 Initialising query: Getting table def and data sources
2023-03-02 21:10:34.139~920853800 GaianTable -------> GDB_LTNULL queryID=null steps=-1 Explain option with elements: [explainds]
2023-03-02 21:10:34.139~920900500 GaianTable -------> GDB_LTNULL queryID=null steps=-1 Resolving logical table
2023-03-02 21:10:34.139~921015500 GaianTable -------> GDB_LTNULL queryID=null steps=-1 Establishing logical table definition and set of data sources
2023-03-02 21:10:34.139~921067100 GaianTable -------> GDB_LTNULL queryID=null steps=-1 Retrieved node definitions: []
2023-03-02 21:10:34.139~921102400 GaianTable -------> GDB_LTNULL queryID=null steps=-1 MetaData for rows passed to Derby: [CNULL CHAR(1), GDB_NODE VARCHAR(20), GDB_LEAF VARCHAR(50), GDBX_FROM_NODE VARCHAR(20), GDBX_TO_NODE VARCHAR(20), GDBX_DEPTH INT, GDBX_PRECEDENCE CHAR, GDBX_COUNT BIGINT]
2023-03-02 21:10:34.139~921131900 GaianTable -------> GDB_LTNULL queryID=null steps=-1 Creating a new queryID, and associated propagationCount=0 for this Query
2023-03-02 21:10:34.139~921169500 GaianTable -------> ******* GDB_LTNULL queryID=cspc201:1677791434139:10 steps=0 executeFastPathQuery():
========================================================================================================================================================================

2023-03-02 21:10:34.139 -------> NEW INCOMING SQL QUERY: SELECT gdbx_from_node source, gdbx_to_node target    FROM new com.ibm.db2j.GaianTable('gdb_ltnull', 'explainds') T WHERE gdbx_depth > 0


2023-03-02 21:10:34.139~921197800 GaianTable -------> GDB_LTNULL queryID=cspc201:1677791434139:10 steps=0 No nodes to execute query on after initialisation, returning empty ResultSet
2023-03-02 21:10:34.139~921286200 GaianTable -------> GDB_LTNULL queryID=cspc201:1677791434139:10 steps=0 Setting explain row: <SQL QUERY>, cspc201, 0, F, 0
2023-03-02 21:10:34.141~922683000 GaianTable -------> GDB_LTNULL queryID=null steps=-1 GaianTable() Constructor:
========================================================================================================================================================================
New GaianTable VTI Call, table = GDB_LTNULL, explain = true, withProvenance = true
2023-03-02 21:10:34.141~922784100 GaianTable -------> GDB_LTNULL queryID=null steps=-1 Projected Columns: [4, 5, 6]
2023-03-02 21:10:34.141~922931000 GaianTable -------> GDB_LTNULL queryID=null steps=-1 Qualifiers: C6>0
2023-03-02 21:10:34.141~923041500 GaianTable -------> GDB_LTNULL queryID=null steps=-1 Original SQL is not a JOIN and has one FROM and WHERE token and no positional parms, EXTRACTED PREDICATES: gdbx_depth > 0, table alias: T
2023-03-02 21:10:34.141~923086000 GaianTable -------> GDB_LTNULL queryID=null steps=-1 Entered clearResultAndInMemoryCache(), gaianResult isNull? true
2023-03-02 21:10:34.141~923120700 GaianTable -------> GDB_LTNULL queryID=null steps=-1 Initialising query: Getting table def and data sources
2023-03-02 21:10:34.141~923176800 GaianTable -------> GDB_LTNULL queryID=null steps=-1 Explain option with elements: [explainds]
2023-03-02 21:10:34.141~923221200 GaianTable -------> GDB_LTNULL queryID=null steps=-1 Resolving logical table
2023-03-02 21:10:34.141~923315300 GaianTable -------> GDB_LTNULL queryID=null steps=-1 Establishing logical table definition and set of data sources
2023-03-02 21:10:34.142~923365800 GaianTable -------> GDB_LTNULL queryID=null steps=-1 Retrieved node definitions: []
2023-03-02 21:10:34.142~923413000 GaianTable -------> GDB_LTNULL queryID=null steps=-1 MetaData for rows passed to Derby: [CNULL CHAR(1), GDB_NODE VARCHAR(20), GDB_LEAF VARCHAR(50), GDBX_FROM_NODE VARCHAR(20), GDBX_TO_NODE VARCHAR(20), GDBX_DEPTH INT, GDBX_PRECEDENCE CHAR, GDBX_COUNT BIGINT]
2023-03-02 21:10:34.142~923445900 GaianTable -------> GDB_LTNULL queryID=null steps=-1 Creating a new queryID, and associated propagationCount=0 for this Query
2023-03-02 21:10:34.142~923488200 GaianTable -------> ******* GDB_LTNULL queryID=cspc201:1677791434142:11 steps=0 executeFastPathQuery():
========================================================================================================================================================================

2023-03-02 21:10:34.142 -------> NEW INCOMING SQL QUERY: SELECT gdbx_from_node source, gdbx_to_node target    FROM new com.ibm.db2j.GaianTable('gdb_ltnull', 'explainds') T WHERE gdbx_depth > 0


2023-03-02 21:10:34.142~923511600 GaianTable -------> GDB_LTNULL queryID=cspc201:1677791434142:11 steps=0 No nodes to execute query on after initialisation, returning empty ResultSet
2023-03-02 21:10:34.142~923598700 GaianTable -------> GDB_LTNULL queryID=cspc201:1677791434142:11 steps=0 Setting explain row: <SQL QUERY>, cspc201, 0, F, 0
2023-03-02 21:10:34.143~925001100 GaianTable -------> GDB_LTNULL queryID=null steps=-1 GaianTable() Constructor:
========================================================================================================================================================================
New GaianTable VTI Call, table = GDB_LTNULL, explain = true, withProvenance = true
2023-03-02 21:10:34.143~925101200 GaianTable -------> GDB_LTNULL queryID=null steps=-1 Projected Columns: [4, 5, 6]
2023-03-02 21:10:34.143~925214100 GaianTable -------> GDB_LTNULL queryID=null steps=-1 Qualifiers: C6>0
2023-03-02 21:10:34.143~925291000 GaianTable -------> GDB_LTNULL queryID=null steps=-1 Original SQL is not a JOIN and has one FROM and WHERE token and no positional parms, EXTRACTED PREDICATES: gdbx_depth > 0, table alias: T
2023-03-02 21:10:34.143~925322800 GaianTable -------> GDB_LTNULL queryID=null steps=-1 Entered clearResultAndInMemoryCache(), gaianResult isNull? true
2023-03-02 21:10:34.143~925356100 GaianTable -------> GDB_LTNULL queryID=null steps=-1 Initialising query: Getting table def and data sources
2023-03-02 21:10:34.144~925407400 GaianTable -------> GDB_LTNULL queryID=null steps=-1 Explain option with elements: [explainds]
2023-03-02 21:10:34.144~925459000 GaianTable -------> GDB_LTNULL queryID=null steps=-1 Resolving logical table
2023-03-02 21:10:34.144~925576400 GaianTable -------> GDB_LTNULL queryID=null steps=-1 Establishing logical table definition and set of data sources
2023-03-02 21:10:34.144~925644600 GaianTable -------> GDB_LTNULL queryID=null steps=-1 Retrieved node definitions: []
2023-03-02 21:10:34.144~925690000 GaianTable -------> GDB_LTNULL queryID=null steps=-1 MetaData for rows passed to Derby: [CNULL CHAR(1), GDB_NODE VARCHAR(20), GDB_LEAF VARCHAR(50), GDBX_FROM_NODE VARCHAR(20), GDBX_TO_NODE VARCHAR(20), GDBX_DEPTH INT, GDBX_PRECEDENCE CHAR, GDBX_COUNT BIGINT]
2023-03-02 21:10:34.144~925732300 GaianTable -------> GDB_LTNULL queryID=null steps=-1 Creating a new queryID, and associated propagationCount=0 for this Query
2023-03-02 21:10:34.144~925793100 GaianTable -------> ******* GDB_LTNULL queryID=cspc201:1677791434144:12 steps=0 executeFastPathQuery():
========================================================================================================================================================================

2023-03-02 21:10:34.144 -------> NEW INCOMING SQL QUERY: SELECT gdbx_from_node source, gdbx_to_node target    FROM new com.ibm.db2j.GaianTable('gdb_ltnull', 'explainds') T WHERE gdbx_depth > 0


2023-03-02 21:10:34.144~925828200 GaianTable -------> GDB_LTNULL queryID=cspc201:1677791434144:12 steps=0 No nodes to execute query on after initialisation, returning empty ResultSet
2023-03-02 21:10:34.144~925952200 GaianTable -------> GDB_LTNULL queryID=cspc201:1677791434144:12 steps=0 Setting explain row: <SQL QUERY>, cspc201, 0, F, 0
2023-03-02 21:10:34.148~930559300 GaianResultSetMetaData ----------> Creating columns meta data using physical cols: [LTNAME VARCHAR(20), LTDEF VARCHAR(128)], special cols: []
2023-03-02 21:10:34.148~930737700 GaianResultSetMetaData ----------> Building row template from special columns: []
2023-03-02 21:10:34.148~930778400 GaianResultSetMetaData ----------> ltColCount = 2, specialColCount (constant + hidden cols) = 0
2023-03-02 21:10:34.148~930826900 GaianResultSetMetaData ----------> Built Logical Table DVD template: [NULL, NULL]
2023-03-02 21:10:34.149~931063300 GaianResultSetMetaData ----------> Creating columns meta data using physical cols: [CID VARCHAR(20), CNODEID VARCHAR(20), CPOOLSIZE INT, CDRIVER VARCHAR(80), CURL VARCHAR(128), CUSR VARCHAR(20)], special cols: []
2023-03-02 21:10:34.149~931234100 GaianResultSetMetaData ----------> Building row template from special columns: []
2023-03-02 21:10:34.149~931258200 GaianResultSetMetaData ----------> ltColCount = 6, specialColCount (constant + hidden cols) = 0
2023-03-02 21:10:34.149~931293700 GaianResultSetMetaData ----------> Built Logical Table DVD template: [NULL, NULL, NULL, NULL, NULL, NULL]
2023-03-02 21:10:34.150~932668900 GaianResultSetMetaData ----------> Creating columns meta data using physical cols: [DSID VARCHAR(20), DSTYPE CHAR, DSWRAPPER VARCHAR(20), DSHANDLE VARCHAR(128), DSOPTIONS VARCHAR(128), DSCID VARCHAR(20)], special cols: []
2023-03-02 21:10:34.151~932883900 GaianResultSetMetaData ----------> Building row template from special columns: []
2023-03-02 21:10:34.151~932933100 GaianResultSetMetaData ----------> ltColCount = 6, specialColCount (constant + hidden cols) = 0
2023-03-02 21:10:34.151~932984000 GaianResultSetMetaData ----------> Built Logical Table DVD template: [NULL, NULL, NULL, NULL, NULL, NULL]
2023-03-02 21:10:34.151~933222800 GaianResultSetMetaData ----------> Creating columns meta data using physical cols: [PROPID VARCHAR(80), PROPDEF VARCHAR(128)], special cols: []
2023-03-02 21:10:34.151~933304700 GaianResultSetMetaData ----------> Building row template from special columns: []
2023-03-02 21:10:34.151~933328600 GaianResultSetMetaData ----------> ltColCount = 2, specialColCount (constant + hidden cols) = 0
2023-03-02 21:10:34.151~933366900 GaianResultSetMetaData ----------> Built Logical Table DVD template: [NULL, NULL]
2023-03-02 21:10:34.151~933615800 GaianResultSetMetaData ----------> Creating columns meta data using physical cols: [QUERYID VARCHAR(80), DEPTH INT, STATE VARCHAR(20), LTNAME VARCHAR(20), QUERYHASH VARCHAR(20), START_TS TIMESTAMP, QUERY_MS BIGINT, NBROWS BIGINT, GDB_WID VARCHAR(20)], special cols: []
2023-03-02 21:10:34.151~933842900 GaianResultSetMetaData ----------> Building row template from special columns: []
2023-03-02 21:10:34.151~933873400 GaianResultSetMetaData ----------> ltColCount = 9, specialColCount (constant + hidden cols) = 0
2023-03-02 21:10:34.152~933927500 GaianResultSetMetaData ----------> Built Logical Table DVD template: [NULL, NULL, NULL, NULL, NULL, NULL, NULL, NULL, NULL]
2023-03-02 21:10:34.152~934172600 GaianResultSetMetaData ----------> Creating columns meta data using physical cols: [TSTAMP TIMESTAMP, WARNING VARCHAR(128), TSTAMPFIRST TIMESTAMP, REPEATCOUNT BIGINT], special cols: []
2023-03-02 21:10:34.152~934284300 GaianResultSetMetaData ----------> Building row template from special columns: []
2023-03-02 21:10:34.152~934312100 GaianResultSetMetaData ----------> ltColCount = 4, specialColCount (constant + hidden cols) = 0
2023-03-02 21:10:34.152~934344700 GaianResultSetMetaData ----------> Built Logical Table DVD template: [NULL, NULL, NULL, NULL]
2023-03-02 21:10:34.152~934541000 GaianResultSetMetaData ----------> Creating columns meta data using physical cols: [APISETUPSQL VARCHAR(128)], special cols: []
2023-03-02 21:10:34.152~934598200 GaianResultSetMetaData ----------> Building row template from special columns: []
2023-03-02 21:10:34.152~934624200 GaianResultSetMetaData ----------> ltColCount = 1, specialColCount (constant + hidden cols) = 0
2023-03-02 21:10:34.152~934654000 GaianResultSetMetaData ----------> Built Logical Table DVD template: [NULL]
2023-03-02 21:10:34.153~934876500 GaianResultSetMetaData ----------> Creating columns meta data using physical cols: [FNAME VARCHAR(128), MODIFIED BIGINT, SIZE BIGINT, CHECKSUM CHAR(20) FOR BIT DATA], special cols: []
2023-03-02 21:10:34.153~934998500 GaianResultSetMetaData ----------> Building row template from special columns: []
2023-03-02 21:10:34.153~935024800 GaianResultSetMetaData ----------> ltColCount = 4, specialColCount (constant + hidden cols) = 0
2023-03-02 21:10:34.153~935058500 GaianResultSetMetaData ----------> Built Logical Table DVD template: [NULL, NULL, NULL, NULL]
2023-03-02 21:10:34.512~294019600 GaianDBProcedureUtils -> ******* 
========================================================================================================================================================================

2023-03-02 21:10:34.512 ---------------> API call: listNet('')

2023-03-02 21:10:34.615~396504900 GaianTable -------> GDB_LTNULL queryID=cspc201:1677791434106:1 steps=0 Entering GaianTable.close()
2023-03-02 21:10:34.615~396584800 GaianTable -------> GDB_LTNULL queryID=cspc201:1677791434106:1 steps=0 Entered clearResultAndInMemoryCache(), gaianResult isNull? true
2023-03-02 21:10:34.615~397176300 GaianTable -------> GDB_LTNULL queryID=null steps=-1 GaianTable() Constructor:
========================================================================================================================================================================
New GaianTable VTI Call, table = GDB_LTNULL, explain = true, withProvenance = true
2023-03-02 21:10:34.615~397254600 GaianTable -------> GDB_LTNULL queryID=null steps=-1 Projected Columns: [4, 5, 6]
2023-03-02 21:10:34.615~397378900 GaianTable -------> GDB_LTNULL queryID=null steps=-1 Qualifiers: C6>0
2023-03-02 21:10:34.616~397439100 GaianTable -------> GDB_LTNULL queryID=null steps=-1 Original SQL is not a JOIN and has one FROM and WHERE token and no positional parms, EXTRACTED PREDICATES: gdbx_depth > 0, table alias: T
2023-03-02 21:10:34.616~397482200 GaianTable -------> GDB_LTNULL queryID=null steps=-1 Entered clearResultAndInMemoryCache(), gaianResult isNull? true
2023-03-02 21:10:34.616~397502600 GaianTable -------> GDB_LTNULL queryID=null steps=-1 Initialising query: Getting table def and data sources
2023-03-02 21:10:34.616~397540600 GaianTable -------> GDB_LTNULL queryID=null steps=-1 Explain option with elements: [explainds]
2023-03-02 21:10:34.616~397570400 GaianTable -------> GDB_LTNULL queryID=null steps=-1 Resolving logical table
2023-03-02 21:10:34.616~397667400 GaianTable -------> GDB_LTNULL queryID=null steps=-1 Establishing logical table definition and set of data sources
2023-03-02 21:10:34.616~397704000 GaianTable -------> GDB_LTNULL queryID=null steps=-1 Retrieved node definitions: []
2023-03-02 21:10:34.616~397728000 GaianTable -------> GDB_LTNULL queryID=null steps=-1 MetaData for rows passed to Derby: [CNULL CHAR(1), GDB_NODE VARCHAR(20), GDB_LEAF VARCHAR(50), GDBX_FROM_NODE VARCHAR(20), GDBX_TO_NODE VARCHAR(20), GDBX_DEPTH INT, GDBX_PRECEDENCE CHAR, GDBX_COUNT BIGINT]
2023-03-02 21:10:34.616~397748700 GaianTable -------> GDB_LTNULL queryID=null steps=-1 Creating a new queryID, and associated propagationCount=0 for this Query
2023-03-02 21:10:34.616~397784300 GaianTable -------> ******* GDB_LTNULL queryID=cspc201:1677791434616:13 steps=0 executeFastPathQuery():
========================================================================================================================================================================

2023-03-02 21:10:34.616 -------> NEW INCOMING SQL QUERY: SELECT gdbx_from_node source, gdbx_to_node target    FROM new com.ibm.db2j.GaianTable('gdb_ltnull', 'explainds') T WHERE gdbx_depth > 0


2023-03-02 21:10:34.616~397803300 GaianTable -------> GDB_LTNULL queryID=cspc201:1677791434616:13 steps=0 No nodes to execute query on after initialisation, returning empty ResultSet
2023-03-02 21:10:34.616~397884000 GaianTable -------> GDB_LTNULL queryID=cspc201:1677791434616:13 steps=0 Setting explain row: <SQL QUERY>, cspc201, 0, F, 0
2023-03-02 21:10:34.618~399423600 GaianTable -------> GDB_LTNULL queryID=cspc201:1677791434144:12 steps=0 Entering GaianTable.close()
2023-03-02 21:10:34.618~399498300 GaianTable -------> GDB_LTNULL queryID=cspc201:1677791434144:12 steps=0 Entered clearResultAndInMemoryCache(), gaianResult isNull? true
2023-03-02 21:10:34.710~492669700 GaianTable -------> GDB_LTNULL queryID=cspc201:1677791434142:11 steps=0 Entering GaianTable.close()
2023-03-02 21:10:34.710~492785100 GaianTable -------> GDB_LTNULL queryID=cspc201:1677791434142:11 steps=0 Entered clearResultAndInMemoryCache(), gaianResult isNull? true
2023-03-02 21:10:34.716~498549900 GaianDBProcedureUtils -> ******* 
========================================================================================================================================================================

2023-03-02 21:10:34.716 ---------------> API call: setconfigproperty('DISCOVERY_IP', '')

2023-03-02 21:10:34.719~501221800 GaianDBConfig ------------------------> Reloading config after auto-update...
2023-03-02 21:10:34.719~501375300 DataSourcesManager ---------> Checking Logical Tables: []
2023-03-02 21:10:34.719~501407500 DataSourcesManager ---------> Number of updated/reloaded Logical Tables (incl dependencies): 0/0, skipped: 4
2023-03-02 21:10:34.719~501481700 DataSourcesManager ---------> DRDAConnThread_2: refreshLogicalTables.. cleanup requested for oldDataSources: [DERBY_TABLES_DS0, GDB_LTLOG_DS0]
2023-03-02 21:10:35.734~516399700 GaianDBProcedureUtils -> ******* 
========================================================================================================================================================================

2023-03-02 21:10:35.734 ---------------> API call: listNet('')

2023-03-02 21:10:35.834~616356700 GaianTable -------> GDB_LTNULL queryID=cspc201:1677791434139:10 steps=0 Entering GaianTable.close()
2023-03-02 21:10:35.834~616436100 GaianTable -------> GDB_LTNULL queryID=cspc201:1677791434139:10 steps=0 Entered clearResultAndInMemoryCache(), gaianResult isNull? true
2023-03-02 21:10:35.834~616914100 GaianTable -------> GDB_LTNULL queryID=null steps=-1 GaianTable() Constructor:
========================================================================================================================================================================
New GaianTable VTI Call, table = GDB_LTNULL, explain = true, withProvenance = true
2023-03-02 21:10:35.835~616984300 GaianTable -------> GDB_LTNULL queryID=null steps=-1 Projected Columns: [4, 5, 6]
2023-03-02 21:10:35.835~617110800 GaianTable -------> GDB_LTNULL queryID=null steps=-1 Qualifiers: C6>0
2023-03-02 21:10:35.835~617171900 GaianTable -------> GDB_LTNULL queryID=null steps=-1 Original SQL is not a JOIN and has one FROM and WHERE token and no positional parms, EXTRACTED PREDICATES: gdbx_depth > 0, table alias: T
2023-03-02 21:10:35.835~617206800 GaianTable -------> GDB_LTNULL queryID=null steps=-1 Entered clearResultAndInMemoryCache(), gaianResult isNull? true
2023-03-02 21:10:35.835~617228900 GaianTable -------> GDB_LTNULL queryID=null steps=-1 Initialising query: Getting table def and data sources
2023-03-02 21:10:35.835~617259500 GaianTable -------> GDB_LTNULL queryID=null steps=-1 Explain option with elements: [explainds]
2023-03-02 21:10:35.835~617280600 GaianTable -------> GDB_LTNULL queryID=null steps=-1 Resolving logical table
2023-03-02 21:10:35.835~617382000 GaianTable -------> GDB_LTNULL queryID=null steps=-1 Establishing logical table definition and set of data sources
2023-03-02 21:10:35.835~617415800 GaianTable -------> GDB_LTNULL queryID=null steps=-1 Retrieved node definitions: []
2023-03-02 21:10:35.835~617438900 GaianTable -------> GDB_LTNULL queryID=null steps=-1 MetaData for rows passed to Derby: [CNULL CHAR(1), GDB_NODE VARCHAR(20), GDB_LEAF VARCHAR(50), GDBX_FROM_NODE VARCHAR(20), GDBX_TO_NODE VARCHAR(20), GDBX_DEPTH INT, GDBX_PRECEDENCE CHAR, GDBX_COUNT BIGINT]
2023-03-02 21:10:35.835~617461900 GaianTable -------> GDB_LTNULL queryID=null steps=-1 Creating a new queryID, and associated propagationCount=0 for this Query
2023-03-02 21:10:35.835~617491600 GaianTable -------> ******* GDB_LTNULL queryID=cspc201:1677791435835:14 steps=0 executeFastPathQuery():
========================================================================================================================================================================

2023-03-02 21:10:35.835 -------> NEW INCOMING SQL QUERY: SELECT gdbx_from_node source, gdbx_to_node target    FROM new com.ibm.db2j.GaianTable('gdb_ltnull', 'explainds') T WHERE gdbx_depth > 0


2023-03-02 21:10:35.835~617510900 GaianTable -------> GDB_LTNULL queryID=cspc201:1677791435835:14 steps=0 No nodes to execute query on after initialisation, returning empty ResultSet
2023-03-02 21:10:35.835~617589300 GaianTable -------> GDB_LTNULL queryID=cspc201:1677791435835:14 steps=0 Setting explain row: <SQL QUERY>, cspc201, 0, F, 0
2023-03-02 21:10:38.833~615667400 VTIWrapper ----------------------> GaianNode Watchdog: DERBY_TABLES_DS0 Clearing indexes, count 0
2023-03-02 21:10:38.834~616139600 VTIWrapper ----------------------> GaianNode Watchdog: GDB_LTLOG_DS0 Clearing indexes, count 0
2023-03-02 21:10:48.506~288662500 GaianTable -------> GDB_LTNULL queryID=cspc201:1677791434616:13 steps=0 Entering GaianTable.close()
2023-03-02 21:10:48.507~288809500 GaianTable -------> GDB_LTNULL queryID=cspc201:1677791434616:13 steps=0 Entered clearResultAndInMemoryCache(), gaianResult isNull? true
2023-03-02 21:10:48.519~300642800 GaianTable -------> LT0 queryID=null steps=-1 GaianTable() Constructor:
========================================================================================================================================================================
New GaianTable VTI Call, table = LT0, explain = false, withProvenance = false
2023-03-02 21:10:48.519~300741700 GaianTable -------> LT0 queryID=null steps=-1 Resolving logical table
2023-03-02 21:10:48.519~300880300 GaianTable -------> LT0 queryID=null steps=-1 Establishing logical table definition and set of data sources
2023-03-02 21:10:48.519~301125800 GaianTable -------> LT0 queryID=null steps=-1 Got new meta data for LT def, numCols: 3, numExposedCols: 3
2023-03-02 21:10:48.519~301203800 GaianTable -------> LT0 queryID=null steps=-1 MetaData to be returned to Derby: [LOCATION VARCHAR(30), MISC VARCHAR(30), NUMBER INTEGER]
2023-03-02 21:10:48.523~304971100 GaianTable -------> LT0 queryID=null steps=-1 Entered getEstimatedCostPerInstantiation(), returning 100.0
2023-03-02 21:10:48.523~305166800 GaianTable -------> LT0 queryID=null steps=-1 Entered getEstimatedRowCount(), returning 1.0
2023-03-02 21:10:48.523~305259700 GaianTable -------> LT0 queryID=null steps=-1 Entered supportsMultipleInstantiations(), returning true
2023-03-02 21:10:48.524~305350100 GaianTable -------> LT0 queryID=null steps=-1 Entering GaianTable.close()
2023-03-02 21:10:48.524~305419200 GaianTable -------> LT0 queryID=null steps=-1 Entered clearResultAndInMemoryCache(), gaianResult isNull? true
2023-03-02 21:10:48.528~309398500 GaianTable -------> LT0 queryID=null steps=-1 GaianTable() Constructor:
========================================================================================================================================================================
New GaianTable VTI Call, table = LT0, explain = false, withProvenance = false
2023-03-02 21:10:48.528~309767400 GaianTable -------> LT0 queryID=null steps=-1 Qualifiers: 
2023-03-02 21:10:48.528~309913200 GaianTable -------> LT0 queryID=null steps=-1 Original SQL detected not to have a single FROM and WHERE token - no shallow parsed predicates will be pushed to other nodes
2023-03-02 21:10:48.528~310019100 GaianTable -------> LT0 queryID=null steps=-1 Entered clearResultAndInMemoryCache(), gaianResult isNull? true
2023-03-02 21:10:48.528~310094900 GaianTable -------> LT0 queryID=null steps=-1 Initialising query: Getting table def and data sources
2023-03-02 21:10:48.528~310183300 GaianTable -------> LT0 queryID=null steps=-1 Resolving logical table
2023-03-02 21:10:48.529~310454900 GaianTable -------> LT0 queryID=null steps=-1 Establishing logical table definition and set of data sources
2023-03-02 21:10:48.529~310611700 GaianTable -------> LT0 queryID=null steps=-1 Retrieved node definitions: [null]
2023-03-02 21:10:48.529~310704700 GaianTable -------> LT0 queryID=null steps=-1 MetaData for rows passed to Derby: [LOCATION VARCHAR(30), MISC VARCHAR(30), NUMBER INTEGER]
2023-03-02 21:10:48.529~310781400 GaianTable -------> LT0 queryID=null steps=-1 Creating a new queryID, and associated propagationCount=0 for this Query
2023-03-02 21:10:48.529~310917500 GaianTable -------> ******* LT0 queryID=cspc201:1677791448529:15 steps=0 executeFastPathQuery():
========================================================================================================================================================================

2023-03-02 21:10:48.529 -------> NEW INCOMING SQL QUERY: select * from lt0


2023-03-02 21:10:48.529~311167000 Logger -----------> findDocumentation() unable to locate javadoc due to unresolved install path - path prefix will be masked
2023-03-02 21:10:48.530~311796800 GaianTable -------> WARNING:

2023-03-02 21:10:48.530 ********** GDB_WARNING: ENGINE_PRUNING_INDEXES: Pruning 1 data sources of logical table LT0 as they failed to load properly (see earlier logs)

2023-03-02 21:10:48.530 Documentation: <GaianDBDocumentationDirectory>/javadoc-errors/com/ibm/gaiandb/diags/GDBMessages.html#ENGINE_PRUNING_INDEXES


2023-03-02 21:10:48.530~311939800 GaianTable -------> LT0 queryID=cspc201:1677791448529:15 steps=0 No nodes to execute query on after initialisation, returning empty ResultSet
2023-03-02 21:11:07.739~521644500 GaianTable -------> GDB_LTNULL queryID=cspc201:1677791434129:6 steps=0 Entering GaianTable.close()
2023-03-02 21:11:07.740~521970100 GaianTable -------> GDB_LTNULL queryID=cspc201:1677791434129:6 steps=0 Entered clearResultAndInMemoryCache(), gaianResult isNull? true
2023-03-02 21:11:07.740~522116000 GaianTable -------> GDB_LTNULL queryID=cspc201:1677791434132:7 steps=0 Entering GaianTable.close()
2023-03-02 21:11:07.740~522192500 GaianTable -------> GDB_LTNULL queryID=cspc201:1677791434132:7 steps=0 Entered clearResultAndInMemoryCache(), gaianResult isNull? true
2023-03-02 21:11:07.740~522301200 GaianTable -------> GDB_LTNULL queryID=cspc201:1677791434124:4 steps=0 Entering GaianTable.close()
2023-03-02 21:11:07.740~522391800 GaianTable -------> GDB_LTNULL queryID=cspc201:1677791434124:4 steps=0 Entered clearResultAndInMemoryCache(), gaianResult isNull? true
2023-03-02 21:11:07.740~522501800 GaianTable -------> GDB_LTNULL queryID=cspc201:1677791434127:5 steps=0 Entering GaianTable.close()
2023-03-02 21:11:07.740~522572100 GaianTable -------> GDB_LTNULL queryID=cspc201:1677791434127:5 steps=0 Entered clearResultAndInMemoryCache(), gaianResult isNull? true
2023-03-02 21:11:07.740~522671300 GaianTable -------> GDB_LTNULL queryID=cspc201:1677791435835:14 steps=0 Entering GaianTable.close()
2023-03-02 21:11:07.740~522744500 GaianTable -------> GDB_LTNULL queryID=cspc201:1677791435835:14 steps=0 Entered clearResultAndInMemoryCache(), gaianResult isNull? true
2023-03-02 21:11:07.741~522886500 GaianTable -------> GDB_LTNULL queryID=cspc201:1677791434135:8 steps=0 Entering GaianTable.close()
2023-03-02 21:11:07.741~522999000 GaianTable -------> GDB_LTNULL queryID=cspc201:1677791434135:8 steps=0 Entered clearResultAndInMemoryCache(), gaianResult isNull? true
2023-03-02 21:11:07.741~523103300 GaianTable -------> GDB_LTNULL queryID=cspc201:1677791434137:9 steps=0 Entering GaianTable.close()
2023-03-02 21:11:07.741~523177500 GaianTable -------> GDB_LTNULL queryID=cspc201:1677791434137:9 steps=0 Entered clearResultAndInMemoryCache(), gaianResult isNull? true
2023-03-02 21:11:07.741~523378400 GaianTable -------> LT0 queryID=cspc201:1677791448529:15 steps=0 Entering GaianTable.close()
2023-03-02 21:11:07.741~523463500 GaianTable -------> LT0 queryID=cspc201:1677791448529:15 steps=0 Entered clearResultAndInMemoryCache(), gaianResult isNull? true
2023-03-02 21:11:07.741~523570100 GaianTable -------> GDB_LTNULL queryID=cspc201:1677791434122:3 steps=0 Entering GaianTable.close()
2023-03-02 21:11:07.741~523642900 GaianTable -------> GDB_LTNULL queryID=cspc201:1677791434122:3 steps=0 Entered clearResultAndInMemoryCache(), gaianResult isNull? true
2023-03-02 21:11:07.741~523764100 GaianTable -------> GDB_LTNULL queryID=cspc201:1677791434118:2 steps=0 Entering GaianTable.close()
2023-03-02 21:11:07.741~523839800 GaianTable -------> GDB_LTNULL queryID=cspc201:1677791434118:2 steps=0 Entered clearResultAndInMemoryCache(), gaianResult isNull? true
