2023-03-03 06:29:49.902~684749300 GaianNode -------------> isInitDataUpToDate = true = GAIANDB_JAR_MD5 Unknown = gdbJarMD5_previous Unknown && gdbDbTimestampAtStartup 1677791422693 > gdbJarFile.lastModified() 1677774907268
java version "1.8.0_362"
IBM Semeru Runtime Open Edition (build 1.8.0_362-b09)
Eclipse OpenJ9 VM (build openj9-0.36.0, JRE 1.8.0 Windows 11 amd64-64-Bit Compressed References 20230207_599 (JIT enabled, AOT enabled)
OpenJ9   - e68fb241f
OMR      - f491bbf6f
JCL      - eebde685ec based on jdk8u362-b09)

GaianDB V2.1.8 - JAR sizes: [0, 0], timestamps: [2023/03/02-16:35:07, 2023/03/02-16:35:07]

Features Summary: Federated access to JDBC RDBMS tables and CSV Flat files using a logical table abstraction layer;
A stored procedures management API, e.g. to set and view all logical tables and data sources in the network;
SQL Prepared Statement caching; Connection Pooling; Buffered and batched multi-threaded record fetching;
Explain queries to show a query's route and row counts on node; Constant Column definitions for contextual annotations of logical tables;
Discovery of other Gaian Nodes when 'MIN_DISCOVERED_CONNECTIONS' is set, with preferential attachment to highly connected nodes;
Autonomic maintenance of 2-way connections, or re-discovery initiation upon loss of connections;
Automated dynamic management of SQL VIEWS for logical tables and their derivative definitions containing provenance columns or explain columns;
A Policy plugin interface to manipulate the incoming SQL queries or filter returned records;
Flexible GaianDB node discovery using config variable 'DISCOVERY_IP' to specify a broadcast mask or multicast group address;
New configuration parameters defining permitted hosts, denied hosts and cluster IDs to restrict connectivity between nodes;
Connectivity resilience to variable network latency using property 'GAIAN_CONNECTIONS_CHECKER_HEARTBEAT_MS';
MQTT listener & Message Storer; Command line processor; Logging levels; In Memory Tables and Indexing;
Ability to also access an Omnifind text index using com.ibm.db2j.ICAREST('<search_string>');
Excel Spreadsheet Data Source Type; 'Pass-through' SQL capability for insert/update/delete/call; Discovery Gateways for discovery across networks;
Advanced API calls: listnodes(), listflood(), addgateway();
Access control to allow/disallow SQL API configuration and propagated writes;
Basic security: User authentication and low-level automatic scrambling of passwords in the config file;
Detection and cancellation of hanging queries (not mistaken for long-running queries);
Pass-through sub-queries using 'GaianQuery': define exposed data sources on each node which the query will be executed against;
Performance metrics; Provenance columns: GAIAN_NODE, GAIAN_LEAF (queryable using option: 'with_provenance')

PROCESS ID:		13024

NODE ID:		cspc201

WORKING DIRECTORY:	C:\Users\dcsuser\GaianProject\GaianS-Demo\gaiandb
BYTECODE PATH:		C:\Users\dcsuser\GaianProject\GaianS-Demo\gaiandb\classes\production\GAIANDB
WORKSPACE:		C:\Users\dcsuser\GaianProject\GaianS-Demo\gaiandb

PHYSICAL DATABASE:	C:\Users\dcsuser\GaianProject\GaianS-Demo\gaiandb\gaiandb
LOG FILE:		C:\Users\dcsuser\GaianProject\GaianS-Demo\gaiandb\gaiandb.log
CONFIG FILE:		C:\Users\dcsuser\GaianProject\GaianS-Demo\gaiandb\gaiandb_config.properties

DERBY SERVER PORT:	6414
PROVENANCE HOST(S):	0.0.0.0

Network Interfaces: 
lo: Software Loopback Interface 1 /127.0.0.1, /0:0:0:0:0:0:0:1, Address: /127.0.0.1 -> Broadcast: /127.255.255.255, Address: /0:0:0:0:0:0:0:1 -> Broadcast: null
net0: Microsoft 6to4 Adapter 
eth0: WAN Miniport (Network Monitor) 
wlan0: Intel(R) Wi-Fi 6 AX201 160MHz /192.168.1.102, /2a01:4b00:8468:5a00:7e74:3e17:daa3:9fac, /fd00:0:0:0:2243:5b77:42be:4369, /2a01:4b00:8468:5a00:585d:c85a:da36:900d, /fd00:0:0:0:585d:c85a:da36:900d, /fe80:0:0:0:e9b0:ef47:bcef:3e83%wlan0, Address: /192.168.1.102 -> Broadcast: /192.168.1.255, Address: /2a01:4b00:8468:5a00:7e74:3e17:daa3:9fac -> Broadcast: null, Address: /fd00:0:0:0:2243:5b77:42be:4369 -> Broadcast: null, Address: /2a01:4b00:8468:5a00:585d:c85a:da36:900d -> Broadcast: null, Address: /fd00:0:0:0:585d:c85a:da36:900d -> Broadcast: null, Address: /fe80:0:0:0:e9b0:ef47:bcef:3e83%wlan0 -> Broadcast: null
net1: Microsoft IP-HTTPS Platform Adapter 
net2: WAN Miniport (IKEv2) 
eth1: Microsoft Kernel Debug Network Adapter 
eth2: Realtek USB GbE Family Controller 
eth3: Bluetooth Device (Personal Area Network) 
net3: WAN Miniport (L2TP) 
eth4: PANGP Virtual Ethernet Adapter 
net4: Microsoft Teredo Tunneling Adapter 
eth5: WAN Miniport (IP) 
eth6: WAN Miniport (IPv6) 
wlan1: Microsoft Wi-Fi Direct Virtual Adapter /fe80:0:0:0:f382:ad32:1b3:d2de%wlan1, Address: /fe80:0:0:0:f382:ad32:1b3:d2de%wlan1 -> Broadcast: null
net5: WAN Miniport (PPTP) 
net6: WAN Miniport (SSTP) 
ppp0: WAN Miniport (PPPOE) 
wlan2: Microsoft Wi-Fi Direct Virtual Adapter #2 /fe80:0:0:0:6492:15d8:fae7:a385%wlan2, Address: /fe80:0:0:0:6492:15d8:fae7:a385%wlan2 -> Broadcast: null
wlan3: Intel(R) Wi-Fi 6 AX201 160MHz-WFP Native MAC Layer LightWeight Filter-0000 
wlan4: Intel(R) Wi-Fi 6 AX201 160MHz-Virtual WiFi Filter Driver-0000 
wlan5: Intel(R) Wi-Fi 6 AX201 160MHz-Native WiFi Filter Driver-0000 
wlan6: Intel(R) Wi-Fi 6 AX201 160MHz-QoS Packet Scheduler-0000 
wlan7: Intel(R) Wi-Fi 6 AX201 160MHz-WFP 802.3 MAC Layer LightWeight Filter-0000 
wlan8: Microsoft Wi-Fi Direct Virtual Adapter-WFP Native MAC Layer LightWeight Filter-0000 
wlan9: Microsoft Wi-Fi Direct Virtual Adapter-Native WiFi Filter Driver-0000 
wlan10: Microsoft Wi-Fi Direct Virtual Adapter-QoS Packet Scheduler-0000 
wlan11: Microsoft Wi-Fi Direct Virtual Adapter-WFP 802.3 MAC Layer LightWeight Filter-0000 
wlan12: Microsoft Wi-Fi Direct Virtual Adapter #2-WFP Native MAC Layer LightWeight Filter-0000 
wlan13: Microsoft Wi-Fi Direct Virtual Adapter #2-Native WiFi Filter Driver-0000 
wlan14: Microsoft Wi-Fi Direct Virtual Adapter #2-QoS Packet Scheduler-0000 
wlan15: Microsoft Wi-Fi Direct Virtual Adapter #2-WFP 802.3 MAC Layer LightWeight Filter-0000 
eth7: WAN Miniport (IP)-WFP Native MAC Layer LightWeight Filter-0000 
eth8: WAN Miniport (IP)-QoS Packet Scheduler-0000 
eth9: WAN Miniport (IPv6)-WFP Native MAC Layer LightWeight Filter-0000 
eth10: WAN Miniport (IPv6)-QoS Packet Scheduler-0000 
eth11: WAN Miniport (Network Monitor)-WFP Native MAC Layer LightWeight Filter-0000 
eth12: WAN Miniport (Network Monitor)-QoS Packet Scheduler-0000 

Hostname: cspc201
Java localhost ip: 192.168.1.102
Local address designating initial default interface for multicast: 192.168.1.102


2023-03-03 06:29:50.233~15453900 GaianNode -------------> Initialising GaianNode...
2023-03-03 06:29:50.234~16140400 GaianNode -------------> GAIANDB.jar library has not been changed (and db folder is more recent), so initialisation data (e.g. stored procs/funcs) is expected to be already loaded
2023-03-03 06:29:50.234~16340000 GaianNode -------------> Node details: cspc201 gaiandb <password>
2023-03-03 06:29:50.235~16645600 GaianNode -------------> Autonomic Discovery: Maintained connections sought through discovery: MIN_DISCOVERED_CONNECTIONS = 2
2023-03-03 06:29:50.235~16834000 GaianNode -------------> Autonomic Discovery: DISCOVERY_IP = 
2023-03-03 06:29:50.235~16976900 GaianNode -------------> Autonomic Discovery: DISCOVERY_GATEWAYS = <Default=No gateways to other networks>
2023-03-03 06:29:50.235~17133000 GaianNode -------------> Autonomic Discovery: MULTICAST_INTERFACES = ALL
2023-03-03 06:29:50.235~17280700 GaianNode -------------> Connectivity: ACCESS_CLUSTERS = <Default=Connect to nodes which are not cluster members>
2023-03-03 06:29:50.235~17441400 GaianNode -------------> Connectivity: ACCESS_HOSTS_PERMITTED = <Default=Accept further connections from any host outside the defined clusters>
2023-03-03 06:29:50.236~17608500 GaianNode -------------> Connectivity: ACCESS_HOSTS_DENIED = <Default=Do not deny connections from any host in or outside the defined clusters>
2023-03-03 06:29:50.236~17910800 GaianNode -------------> Log level set to: MORE
2023-03-03 06:29:50.252~34078800 GaianDBConfig ------------------------> Reloading config after auto-update...
2023-03-03 06:29:50.273~54911600 DataSourcesManager ---------> Checking Logical Tables: [GDB_LTNULL, LT0, GDB_LTLOG, DERBY_TABLES]
2023-03-03 06:29:50.274~55764000 DataSourcesManager ---------> Signatures differ for LT: GDB_LTNULL, *** OLD: null; *** NEW: {NODE_CONSTANTS=null, GDB_LTNULL_DEF=CNULL CHAR(1)}
2023-03-03 06:29:50.275~56064400 DataSourcesManager ---------> ******* Re-loading Logical Table: GDB_LTNULL
2023-03-03 06:29:50.275~56458700 DataSourcesManager ---------> Logical Table definition changed for: GDB_LTNULL, ltNewDef = CNULL CHAR(1); Constant Cols: 
2023-03-03 06:29:50.280~62339300 GaianResultSetMetaData ----------> Creating columns meta data using physical cols: [CNULL CHAR(1)], special cols: [GDB_NODE VARCHAR(20), GDB_LEAF VARCHAR(50), GDBX_FROM_NODE VARCHAR(20), GDBX_TO_NODE VARCHAR(20), GDBX_DEPTH INT, GDBX_PRECEDENCE CHAR, GDBX_COUNT BIGINT]
2023-03-03 06:29:50.281~63804000 GaianResultSetMetaData ----------> Building row template from special columns: [GDB_NODE VARCHAR(20), GDB_LEAF VARCHAR(50), GDBX_FROM_NODE VARCHAR(20), GDBX_TO_NODE VARCHAR(20), GDBX_DEPTH INT, GDBX_PRECEDENCE CHAR, GDBX_COUNT BIGINT]
2023-03-03 06:29:50.282~64011900 GaianResultSetMetaData ----------> ltColCount = 8, specialColCount (constant + hidden cols) = 7
2023-03-03 06:29:50.294~76513600 GaianResultSetMetaData ----------> Built Logical Table DVD template: [NULL, cspc201, NULL, NULL, NULL, NULL, NULL, NULL]
2023-03-03 06:29:50.296~77534400 DataSourcesManager ---------> GDB_LTNULL logical table ResultSetMetaData: [CNULL, GDB_NODE, GDB_LEAF, GDBX_FROM_NODE, GDBX_TO_NODE, GDBX_DEPTH, GDBX_PRECEDENCE, GDBX_COUNT, GDB_QRYID, GDB_QRYSTEPS, GDB_CREDENTIALS]
2023-03-03 06:29:50.296~78019300 DataSourcesManager ---------> GDB_LTNULL loading global gaian connections: [], length 0
2023-03-03 06:29:50.297~78115000 DataSourcesManager ---------> GDB_LTNULL physical nodes to be loaded: None
2023-03-03 06:29:50.297~78524800 DataSourcesManager ---------> Signatures differ for LT: LT0, *** OLD: null; *** NEW: {LT0_DS0_OPTIONS=INMEMORY, NODE_CONSTANTS=null, LT0_DS0_C2=COLUMN3, LT0_DS0_C3=COLUMN1, LT0_DS0_ARGS=<GAIAN_WORKSPACE>/csvtestfiles/datafile.dat, LT0_DS0_VTI=com.ibm.db2j.FileImport, LT0_DS0_C1=COLUMN2, LT0_DEF=LOCATION VARCHAR(30), MISC VARCHAR(30), NUMBER INTEGER}
2023-03-03 06:29:50.297~78618000 DataSourcesManager ---------> ******* Re-loading Logical Table: LT0
2023-03-03 06:29:50.297~78756700 DataSourcesManager ---------> Logical Table definition changed for: LT0, ltNewDef = LOCATION VARCHAR(30), MISC VARCHAR(30), NUMBER INTEGER; Constant Cols: 
2023-03-03 06:29:50.298~79471200 GaianResultSetMetaData ----------> Creating columns meta data using physical cols: [LOCATION VARCHAR(30), MISC VARCHAR(30), NUMBER INTEGER], special cols: [GDB_NODE VARCHAR(20), GDB_LEAF VARCHAR(50), GDBX_FROM_NODE VARCHAR(20), GDBX_TO_NODE VARCHAR(20), GDBX_DEPTH INT, GDBX_PRECEDENCE CHAR, GDBX_COUNT BIGINT]
2023-03-03 06:29:50.299~80657700 GaianResultSetMetaData ----------> Building row template from special columns: [GDB_NODE VARCHAR(20), GDB_LEAF VARCHAR(50), GDBX_FROM_NODE VARCHAR(20), GDBX_TO_NODE VARCHAR(20), GDBX_DEPTH INT, GDBX_PRECEDENCE CHAR, GDBX_COUNT BIGINT]
2023-03-03 06:29:50.299~80778800 GaianResultSetMetaData ----------> ltColCount = 10, specialColCount (constant + hidden cols) = 7
2023-03-03 06:29:50.300~81270800 GaianResultSetMetaData ----------> Built Logical Table DVD template: [NULL, NULL, NULL, cspc201, NULL, NULL, NULL, NULL, NULL, NULL]
2023-03-03 06:29:50.300~81861100 DataSourcesManager ---------> LT0 logical table ResultSetMetaData: [LOCATION, MISC, NUMBER, GDB_NODE, GDB_LEAF, GDBX_FROM_NODE, GDBX_TO_NODE, GDBX_DEPTH, GDBX_PRECEDENCE, GDBX_COUNT, GDB_QRYID, GDB_QRYSTEPS, GDB_CREDENTIALS]
2023-03-03 06:29:50.301~82285200 DataSourcesManager ---------> LT0 loading global gaian connections: [], length 0
2023-03-03 06:29:50.301~82401800 DataSourcesManager ---------> LT0 physical nodes to be loaded: [LT0_DS0]
2023-03-03 06:29:50.304~86312400 DataSourcesManager ---------> LT0_DS0 is a VTIWrapper File Node, file name def = C:\Users\dcsuser\GaianProject\GaianS-Demo\gaiandb/csvtestfiles/datafile.dat
2023-03-03 06:29:50.305~86954000 VTIFile --------------------> LT0_DS0 Building new VTIWrapper File based on: C:\Users\dcsuser\GaianProject\GaianS-Demo\gaiandb/csvtestfiles/datafile.dat
2023-03-03 06:29:50.307~89369100 Logger -----------> findDocumentation() unable to locate javadoc due to unresolved install path - path prefix will be masked
2023-03-03 06:29:50.308~89639800 Util -------------> WARNING:

2023-03-03 06:29:50.307 ********** GDB_WARNING: NODE_UNRESOLVED_INSTALL_PATH (10th repetition): GaianDB was unable to resolve install path: java.lang.Exception: Cannot find '/lib/' or '/build/' or '/bin' in bytecode path: /C:/Users/dcsuser/GaianProject/GaianS-Demo/gaiandb/classes/production/GAIANDB/

2023-03-03 06:29:50.307 Documentation: <GaianDBDocumentationDirectory>/javadoc-errors/com/ibm/gaiandb/diags/GDBMessages.html#NODE_UNRESOLVED_INSTALL_PATH


2023-03-03 06:29:50.308~89826500 Logger -----------> findDocumentation() unable to locate javadoc due to unresolved install path - path prefix will be masked
2023-03-03 06:29:50.308~89987800 Util -------------> WARNING:

2023-03-03 06:29:50.308 ********** GDB_WARNING: NODE_UNRESOLVED_INSTALL_PATH: GaianDB was unable to resolve install path: java.lang.Exception: Cannot find '/lib/' or '/build/' or '/bin' in bytecode path: /C:/Users/dcsuser/GaianProject/GaianS-Demo/gaiandb/classes/production/GAIANDB/

2023-03-03 06:29:50.308 Documentation: <GaianDBDocumentationDirectory>/javadoc-errors/com/ibm/gaiandb/diags/GDBMessages.html#NODE_UNRESOLVED_INSTALL_PATH


2023-03-03 06:29:50.308~90076100 Logger -----------> findDocumentation() unable to locate javadoc due to unresolved install path - path prefix will be masked
2023-03-03 06:29:50.308~90248700 Util -------------> WARNING:

2023-03-03 06:29:50.308 ********** GDB_WARNING: NODE_UNRESOLVED_INSTALL_PATH: GaianDB was unable to resolve install path: java.lang.Exception: Cannot find '/lib/' or '/build/' or '/bin' in bytecode path: /C:/Users/dcsuser/GaianProject/GaianS-Demo/gaiandb/classes/production/GAIANDB/

2023-03-03 06:29:50.308 Documentation: <GaianDBDocumentationDirectory>/javadoc-errors/com/ibm/gaiandb/diags/GDBMessages.html#NODE_UNRESOLVED_INSTALL_PATH


2023-03-03 06:29:50.308~90345200 Logger -----------> findDocumentation() unable to locate javadoc due to unresolved install path - path prefix will be masked
2023-03-03 06:29:50.308~90502700 Util -------------> WARNING:

2023-03-03 06:29:50.308 ********** GDB_WARNING: NODE_UNRESOLVED_INSTALL_PATH: GaianDB was unable to resolve install path: java.lang.Exception: Cannot find '/lib/' or '/build/' or '/bin' in bytecode path: /C:/Users/dcsuser/GaianProject/GaianS-Demo/gaiandb/classes/production/GAIANDB/

2023-03-03 06:29:50.308 Documentation: <GaianDBDocumentationDirectory>/javadoc-errors/com/ibm/gaiandb/diags/GDBMessages.html#NODE_UNRESOLVED_INSTALL_PATH


2023-03-03 06:29:50.309~90661800 Logger -----------> findDocumentation() unable to locate javadoc due to unresolved install path - path prefix will be masked
2023-03-03 06:29:50.309~90857400 Util -------------> WARNING:

2023-03-03 06:29:50.309 ********** GDB_WARNING: NODE_UNRESOLVED_INSTALL_PATH: GaianDB was unable to resolve install path: java.lang.Exception: Cannot find '/lib/' or '/build/' or '/bin' in bytecode path: /C:/Users/dcsuser/GaianProject/GaianS-Demo/gaiandb/classes/production/GAIANDB/

2023-03-03 06:29:50.309 Documentation: <GaianDBDocumentationDirectory>/javadoc-errors/com/ibm/gaiandb/diags/GDBMessages.html#NODE_UNRESOLVED_INSTALL_PATH


2023-03-03 06:29:50.309~90951800 Logger -----------> findDocumentation() unable to locate javadoc due to unresolved install path - path prefix will be masked
2023-03-03 06:29:50.309~91134400 Util -------------> WARNING:

2023-03-03 06:29:50.309 ********** GDB_WARNING: NODE_UNRESOLVED_INSTALL_PATH: GaianDB was unable to resolve install path: java.lang.Exception: Cannot find '/lib/' or '/build/' or '/bin' in bytecode path: /C:/Users/dcsuser/GaianProject/GaianS-Demo/gaiandb/classes/production/GAIANDB/

2023-03-03 06:29:50.309 Documentation: <GaianDBDocumentationDirectory>/javadoc-errors/com/ibm/gaiandb/diags/GDBMessages.html#NODE_UNRESOLVED_INSTALL_PATH


2023-03-03 06:29:50.309~91298100 Logger -----------> findDocumentation() unable to locate javadoc due to unresolved install path - path prefix will be masked
2023-03-03 06:29:50.310~91694600 DataSourcesManager ---------> INIT: WARNING:

2023-03-03 06:29:50.309 ********** GDB_WARNING: ENGINE_DS_LOAD_ERROR: Unable to load data source LT0_DS0: java.io.IOException: The system cannot find the path specified.

2023-03-03 06:29:50.309 Documentation: <GaianDBDocumentationDirectory>/javadoc-errors/com/ibm/gaiandb/diags/GDBMessages.html#ENGINE_DS_LOAD_ERROR


2023-03-03 06:29:50.310~92006500 DataSourcesManager ---------> Signatures differ for LT: GDB_LTLOG, *** OLD: null; *** NEW: {GDB_LTLOG_DS0_ARGS=C:\Users\dcsuser\GaianProject\GaianS-Demo\gaiandb/gaiandb.log, NODE_CONSTANTS=null, GDB_LTLOG_DEF=COLUMN1 VARCHAR(255), GDB_LTLOG_DS0_VTI=com.ibm.db2j.FileImport}
2023-03-03 06:29:50.310~92121100 DataSourcesManager ---------> ******* Re-loading Logical Table: GDB_LTLOG
2023-03-03 06:29:50.310~92244600 DataSourcesManager ---------> Logical Table definition changed for: GDB_LTLOG, ltNewDef = COLUMN1 VARCHAR(255); Constant Cols: 
2023-03-03 06:29:50.311~92847400 GaianResultSetMetaData ----------> Creating columns meta data using physical cols: [COLUMN1 VARCHAR(255)], special cols: [GDB_NODE VARCHAR(20), GDB_LEAF VARCHAR(50), GDBX_FROM_NODE VARCHAR(20), GDBX_TO_NODE VARCHAR(20), GDBX_DEPTH INT, GDBX_PRECEDENCE CHAR, GDBX_COUNT BIGINT]
2023-03-03 06:29:50.312~93935600 GaianResultSetMetaData ----------> Building row template from special columns: [GDB_NODE VARCHAR(20), GDB_LEAF VARCHAR(50), GDBX_FROM_NODE VARCHAR(20), GDBX_TO_NODE VARCHAR(20), GDBX_DEPTH INT, GDBX_PRECEDENCE CHAR, GDBX_COUNT BIGINT]
2023-03-03 06:29:50.312~94067800 GaianResultSetMetaData ----------> ltColCount = 8, specialColCount (constant + hidden cols) = 7
2023-03-03 06:29:50.312~94463500 GaianResultSetMetaData ----------> Built Logical Table DVD template: [NULL, cspc201, NULL, NULL, NULL, NULL, NULL, NULL]
2023-03-03 06:29:50.313~95065300 DataSourcesManager ---------> GDB_LTLOG logical table ResultSetMetaData: [COLUMN1, GDB_NODE, GDB_LEAF, GDBX_FROM_NODE, GDBX_TO_NODE, GDBX_DEPTH, GDBX_PRECEDENCE, GDBX_COUNT, GDB_QRYID, GDB_QRYSTEPS, GDB_CREDENTIALS]
2023-03-03 06:29:50.314~95307900 DataSourcesManager ---------> GDB_LTLOG loading global gaian connections: [], length 0
2023-03-03 06:29:50.314~95414600 DataSourcesManager ---------> GDB_LTLOG physical nodes to be loaded: [GDB_LTLOG_DS0]
2023-03-03 06:29:50.314~95519900 DataSourcesManager ---------> GDB_LTLOG_DS0 is a VTIWrapper File Node, file name def = C:\Users\dcsuser\GaianProject\GaianS-Demo\gaiandb/gaiandb.log
2023-03-03 06:29:50.314~95607300 VTIFile --------------------> GDB_LTLOG_DS0 Building new VTIWrapper File based on: C:\Users\dcsuser\GaianProject\GaianS-Demo\gaiandb/gaiandb.log
2023-03-03 06:29:50.314~96016600 VTIWrapper ----------------------> GDB_LTLOG_DS0 Set physical column names to: [COLUMN1]
2023-03-03 06:29:50.324~106148400 FileImport -----------------> Searching under config folder C:\Users\dcsuser\GaianProject\GaianS-Demo\gaiandb\FileImportControls\, all sub-locations of relativeDir: Users\dcsuser\GaianProject\GaianS-Demo\gaiandb\
2023-03-03 06:29:50.324~106551500 FileImport -----------------> Resolved controlfilePath: null
2023-03-03 06:29:50.324~106906200 Logger -----------> findDocumentation() unable to locate javadoc due to unresolved install path - path prefix will be masked
2023-03-03 06:29:50.325~107079300 FileImport -----------------> WARNING:

2023-03-03 06:29:50.325 ********** GDB_WARNING: CONFIG_LT_SET_CONTROL_FILE_NOT_FOUND: No control file found for: C:\Users\dcsuser\GaianProject\GaianS-Demo\gaiandb/gaiandb.log (defaulting to csv format) - i.e. Couldn't resolve 'gaiandb.log.properties' or 'FileImportDefaults.properties' at data file location or at workspace locations under: C:\Users\dcsuser\GaianProject\GaianS-Demo\gaiandb\FileImportControls\

2023-03-03 06:29:50.325 Documentation: <GaianDBDocumentationDirectory>/javadoc-errors/com/ibm/gaiandb/diags/GDBMessages.html#CONFIG_LT_SET_CONTROL_FILE_NOT_FOUND


2023-03-03 06:29:50.361~142937700 GaianResultSetMetaData ----------> Meta data column counts: physical cols: 1, special cols: 0
2023-03-03 06:29:50.361~143168200 GaianResultSetMetaData ----------> Building row template from special columns: []
2023-03-03 06:29:50.361~143261100 GaianResultSetMetaData ----------> ltColCount = 1, specialColCount (constant + hidden cols) = 0
2023-03-03 06:29:50.361~143341500 GaianResultSetMetaData ----------> Built Logical Table DVD template: [NULL]
2023-03-03 06:29:50.362~143847500 GaianResultSetMetaData ----------> Retrieved meta data for columns: [COLUMN1]
2023-03-03 06:29:50.362~143996300 VTIFile --------------------> GDB_LTLOG_DS0 Created initial File handle for Stack Pool
2023-03-03 06:29:50.363~144798600 GaianResultSetMetaData ----------> Meta data column counts: physical cols: 1, special cols: 0
2023-03-03 06:29:50.363~144942500 GaianResultSetMetaData ----------> Building row template from special columns: []
2023-03-03 06:29:50.363~145026700 GaianResultSetMetaData ----------> ltColCount = 1, specialColCount (constant + hidden cols) = 0
2023-03-03 06:29:50.363~145107700 GaianResultSetMetaData ----------> Built Logical Table DVD template: [NULL]
2023-03-03 06:29:50.364~145534300 GaianResultSetMetaData ----------> Retrieved meta data for columns: [COLUMN1]
2023-03-03 06:29:50.364~145699500 VTIWrapper ----------------------> INIT: GDB_LTLOG_DS0 Mapping logical to physical col ids. Resolving 1 logical col names for 1 cols of the physical source. isMapByPosition ? false
2023-03-03 06:29:50.364~145824000 VTIWrapper ----------------------> INIT: GDB_LTLOG_DS0 Found that mapped column COLUMN1->COLUMN1 is physical colindex 1
2023-03-03 06:29:50.365~146817700 DataSourcesManager ---------> Signatures differ for LT: DERBY_TABLES, *** OLD: null; *** NEW: {DERBY_TABLES_DS0_C2=TABLETYPE, DERBY_TABLES_DEF=TABNAME VARCHAR(30), TABTYPE CHAR, COLNAME VARCHAR(30), COLTYPE VARCHAR(80), DERBY_TABLES_DS0_C3=COLUMNNAME, DERBY_TABLES_DS0_CONNECTION=localderby sys.systables,sys.syscolumns where tableid=referenceid, DERBY_TABLES_DS0_C4=COLUMNDATATYPE, localderby_USR=null, NODE_CONSTANTS=null, localderby_PWD=null, localderby_DRIVER=null, localderby_URL=null, DERBY_TABLES_DS0_C1=TABLENAME}
2023-03-03 06:29:50.365~146960300 DataSourcesManager ---------> ******* Re-loading Logical Table: DERBY_TABLES
2023-03-03 06:29:50.365~147095900 DataSourcesManager ---------> Logical Table definition changed for: DERBY_TABLES, ltNewDef = TABNAME VARCHAR(30), TABTYPE CHAR, COLNAME VARCHAR(30), COLTYPE VARCHAR(80); Constant Cols: 
2023-03-03 06:29:50.365~147709100 GaianResultSetMetaData ----------> Creating columns meta data using physical cols: [TABNAME VARCHAR(30), TABTYPE CHAR, COLNAME VARCHAR(30), COLTYPE VARCHAR(80)], special cols: [GDB_NODE VARCHAR(20), GDB_LEAF VARCHAR(50), GDBX_FROM_NODE VARCHAR(20), GDBX_TO_NODE VARCHAR(20), GDBX_DEPTH INT, GDBX_PRECEDENCE CHAR, GDBX_COUNT BIGINT]
2023-03-03 06:29:50.367~148689400 GaianResultSetMetaData ----------> Building row template from special columns: [GDB_NODE VARCHAR(20), GDB_LEAF VARCHAR(50), GDBX_FROM_NODE VARCHAR(20), GDBX_TO_NODE VARCHAR(20), GDBX_DEPTH INT, GDBX_PRECEDENCE CHAR, GDBX_COUNT BIGINT]
2023-03-03 06:29:50.368~149027300 GaianResultSetMetaData ----------> ltColCount = 11, specialColCount (constant + hidden cols) = 7
2023-03-03 06:29:50.368~149360300 GaianResultSetMetaData ----------> Built Logical Table DVD template: [NULL, NULL, NULL, NULL, cspc201, NULL, NULL, NULL, NULL, NULL, NULL]
2023-03-03 06:29:50.368~149867200 DataSourcesManager ---------> DERBY_TABLES logical table ResultSetMetaData: [TABNAME, TABTYPE, COLNAME, COLTYPE, GDB_NODE, GDB_LEAF, GDBX_FROM_NODE, GDBX_TO_NODE, GDBX_DEPTH, GDBX_PRECEDENCE, GDBX_COUNT, GDB_QRYID, GDB_QRYSTEPS, GDB_CREDENTIALS]
2023-03-03 06:29:50.369~150063900 DataSourcesManager ---------> DERBY_TABLES loading global gaian connections: [], length 0
2023-03-03 06:29:50.369~150172500 DataSourcesManager ---------> DERBY_TABLES physical nodes to be loaded: [DERBY_TABLES_DS0]
2023-03-03 06:29:50.369~150303700 DataSourcesManager ---------> DERBY_TABLES_DS0 is a VTIWrapper RDB Node, isGaian = false
2023-03-03 06:29:50.370~151408900 VTIRDBResult ---------------> DERBY_TABLES_DS0 Building new VTIRDBResult based on: org.apache.derby.jdbc.EmbeddedDriver'jdbc:derby:gaiandb;create=true'gaiandb, RDBMS provider is Derby
2023-03-03 06:29:50.370~151625400 VTIWrapper ----------------------> DERBY_TABLES_DS0 Set physical column names to: [TABLENAME, TABLETYPE, COLUMNNAME, COLUMNDATATYPE]
2023-03-03 06:29:50.370~151778900 VTIRDBResult ---------------> DERBY_TABLES_DS0 table def = sys.systables,sys.syscolumns where (tableid=referenceid)
2023-03-03 06:29:50.370~151883000 VTIRDBResult ---------------> INIT: DERBY_TABLES_DS0 inMemoryRows is null: true, isNodeInMemoryOptionSet: false
2023-03-03 06:29:50.370~151987900 DataSourcesManager ---------> Number of updated/reloaded Logical Tables (incl dependencies): 4/4, skipped: 0
2023-03-03 06:29:50.370~152407800 DataSourcesManager ---------> INIT: refreshLogicalTables.. cleanup requested for oldDataSources: []
2023-03-03 06:29:50.371~152617000 DataSourcesManager ---------> INIT: Clearing data sources pool for ID that is no longer referenced: C:\Users\dcsuser\GaianProject\GaianS-Demo\gaiandb/gaiandb.log
2023-03-03 06:29:50.371~152875700 GaianDBConfig ------------------------> Loaded JDBC driver: org.apache.derby.jdbc.EmbeddedDriver
2023-03-03 06:29:50.372~154096900 DatabaseConnector ---------------> INIT: Getting DB Connection for: jdbc:derby:gaiandb;create=true (1 concurrent, synchronous timeout 0ms)
2023-03-03 06:29:50.372~154437500 GaianNode -------------> Starting Derby Network Server, host mask 0.0.0.0, port 6414

2023-03-03 06:29:50.582~363975000 DatabaseConnector ---------------> ******* Connector 1 from INIT: Obtained JDBC Connection org.apache.derby.impl.jdbc.EmbedConnection40@816270044 (XID = 2737), (SESSIONID = 3), (DATABASE = gaiandb), (DRDAID = null)  in 210 ms for: jdbc:derby:gaiandb;create=true, Pool size: 1
Fri Mar 03 06:29:50 GMT 2023 : Apache Derby Network Server - 10.10.2.1 - (1643489) started and ready to accept connections on port 6414
2023-03-03 06:29:51.303~84703900 GaianNode -------------> 
Derby Version: CSS10100/10.10.2.1 - (1643489)  - Java Version: 1.8.0_362 (Eclipse OpenJ9 VM)

GaianNode started for Derby network server with sslMode=off on port: 6414 at Fri Mar 03 06:29:51 GMT 2023, startup time: 1484ms

2023-03-03 06:29:51.304~86179000 GaianNode -------------> Derby Network Server maxThreads: 0, timeSliceBeforeYieldPerThread: 0
2023-03-03 06:29:51.364~146034300 DataSourcesManager ---------> Checking views status with: select tablename,columnname,columndatatype from sys.syscolumns, sys.systables st, sys.sysschemas ss where referenceid = tableid and tabletype='V' and schemaname='GAIANDB' and st.schemaid=ss.schemaid and tablename in ('GDB_LTNULL','LT0','GDB_LTLOG','DERBY_TABLES') order by tablename, columnnumber
2023-03-03 06:29:51.424~206243700 DataSourcesManager ---------> UP-TO-DATE VIEWS (4/4): [GDB_LTNULL, LT0, GDB_LTLOG, DERBY_TABLES]
2023-03-03 06:29:56.448~229985900 DatabaseConnectionsChecker ------> New number of potentially hanging queries being checked (involving a GaianNode data source): 0
2023-03-03 06:29:56.512~293573000 GaianNode -------------> New node thread count: 10
Fri Mar 03 06:29:56 GMT 2023 : Log Connections turned on.
Fri Mar 03 06:29:56 GMT 2023 : Connection number: 7.
Fri Mar 03 06:29:56 GMT 2023 : Max threads changed to 1000.
Fri Mar 03 06:29:56 GMT 2023 : Max threads changed to 1000.
Fri Mar 03 06:29:56 GMT 2023 : Connection number: 8.
2023-03-03 06:29:56.515~296539600 GaianNode -------------> Derby Network Server maxThreads set to: 1000
Fri Mar 03 06:30:48 GMT 2023 : Connection number: 9.
2023-03-03 06:30:48.952~733493300 GaianTable -------> GDB_LTNULL queryID=null steps=-1 GaianTable() Constructor:
========================================================================================================================================================================
New GaianTable VTI Call, table = GDB_LTNULL, explain = true, withProvenance = true
2023-03-03 06:30:48.952~733619400 GaianTable -------> GDB_LTNULL queryID=null steps=-1 Resolving logical table
2023-03-03 06:30:48.952~733718700 GaianTable -------> GDB_LTNULL queryID=null steps=-1 Establishing logical table definition and set of data sources
2023-03-03 06:30:48.952~733785000 GaianTable -------> GDB_LTNULL queryID=null steps=-1 Got new meta data for LT def, numCols: 8, numExposedCols: 8
2023-03-03 06:30:48.952~733828100 GaianTable -------> GDB_LTNULL queryID=null steps=-1 MetaData to be returned to Derby: [CNULL CHAR(1), GDB_NODE VARCHAR(20), GDB_LEAF VARCHAR(50), GDBX_FROM_NODE VARCHAR(20), GDBX_TO_NODE VARCHAR(20), GDBX_DEPTH INT, GDBX_PRECEDENCE CHAR, GDBX_COUNT BIGINT]
2023-03-03 06:30:48.953~735082000 GaianTable -------> ******* INITIALISING SYSTEM QUERY - THIS WILL SUBSEQUENTLY ONLY BE LOGGED WHEN LOGLEVEL=ALL
SELECT gdbx_to_node local_node FROM new com.ibm.db2j.GaianTable('gdb_ltnull', 'explain') T WHERE gdbx_depth = 0
2023-03-03 06:30:48.959~741661300 GaianTable -------> GDB_LTNULL queryID=null steps=-1 GaianTable() Constructor:
========================================================================================================================================================================
New GaianTable VTI Call, table = GDB_LTNULL, explain = true, withProvenance = true
2023-03-03 06:30:48.986~767794200 GaianTable -------> SUBQUERY queryID=null steps=-1 GaianTable() Constructor:
========================================================================================================================================================================
New GaianQuery VTI Call, table = SUBQUERY, explain = false, withProvenance = true
2023-03-03 06:30:48.986~767952500 GaianQuery -------> Setting up sub query meta data using subquery and first data source (or local gaiandb if none was specified)
2023-03-03 06:30:48.986~768017500 GaianQuery -------> Gaian Query Source List = [LOCALDERBY]
2023-03-03 06:30:48.986~768227500 DataSourcesManager ---------> DRDAConnThread_2: Creating a new DB handle asynchronously as pool is now empty...
2023-03-03 06:30:48.986~768344800 DatabaseConnector ---------------> DRDAConnThread_2: Getting DB Connection for: jdbc:derby:gaiandb;create=true (1 concurrent, synchronous timeout 0ms)
2023-03-03 06:30:48.987~768578600 DataSourcesManager ---------> Preparing subquery to get RSMD: SELECT name, jSecs(CURRENT_TIMESTAMP) - jSecs(received_timestamp) age, value FROM gdb_local_metrics 		UNION SELECT 'Data Throughput' name, 0 age, cast(GDB_THROUGHPUT()/1000 as char(20)) value from sysibm.sysdummy1 		UNION SELECT 'Query Activity' name, 0 age, cast(GDB_QRY_ACTIVITY() as char(20)) value from sysibm.sysdummy1 		UNION SELECT 'Node CPU' name, 0 age, cast(GDB_NODE_CPU() as char(3)) value from sysibm.sysdummy1 		UNION SELECT 'JVM Used Memory' name, 0 age, cast(JMEMORYPERCENT() as char(3)) value from sysibm.sysdummy1
2023-03-03 06:30:48.995~776422600 DatabaseConnector ---------------> ******* Connector 1 from DRDAConnThread_2: Obtained JDBC Connection org.apache.derby.impl.jdbc.EmbedConnection40@1720552313 (XID = 2761), (SESSIONID = 9), (DATABASE = gaiandb), (DRDAID = null)  in 7 ms for: jdbc:derby:gaiandb;create=true, Pool size: 1
2023-03-03 06:30:49.023~804991900 GaianResultSetMetaData ----------> Meta data column counts: physical cols: 3, special cols: 7
2023-03-03 06:30:49.023~805319400 GaianResultSetMetaData ----------> Building row template from special columns: [GDB_NODE VARCHAR(20), GDB_LEAF VARCHAR(50), GDBX_FROM_NODE VARCHAR(20), GDBX_TO_NODE VARCHAR(20), GDBX_DEPTH INT, GDBX_PRECEDENCE CHAR, GDBX_COUNT BIGINT]
2023-03-03 06:30:49.023~805356700 GaianResultSetMetaData ----------> ltColCount = 10, specialColCount (constant + hidden cols) = 7
2023-03-03 06:30:49.023~805492300 GaianResultSetMetaData ----------> Built Logical Table DVD template: [NULL, NULL, NULL, cspc201, NULL, NULL, NULL, NULL, NULL, NULL]
2023-03-03 06:30:49.023~805708700 GaianResultSetMetaData ----------> Retrieved meta data for columns: [NAME, AGE, VALUE, GDB_NODE, GDB_LEAF, GDBX_FROM_NODE, GDBX_TO_NODE, GDBX_DEPTH, GDBX_PRECEDENCE, GDBX_COUNT]
2023-03-03 06:30:49.023~805789700 GaianTable -------> SUBQUERY queryID=null steps=-1 Resolving logical table
2023-03-03 06:30:49.024~805914700 GaianTable -------> SUBQUERY queryID=null steps=-1 Got new meta data for LT def, numCols: 5, numExposedCols: 5
2023-03-03 06:30:49.024~805961600 GaianTable -------> SUBQUERY queryID=null steps=-1 MetaData to be returned to Derby: [NAME VARCHAR(32), AGE BIGINT, VALUE VARCHAR(255), GDB_NODE VARCHAR(20), GDB_LEAF VARCHAR(50)]
2023-03-03 06:30:49.026~808954200 GaianTable -------> ******* INITIALISING SYSTEM QUERY - THIS WILL SUBSEQUENTLY ONLY BE LOGGED WHEN LOGLEVEL=ALL
SELECT gdb_node,           jSecs(CURRENT_TIMESTAMP) - age received_timestamp,           name,           CAST(value AS INT) value     FROM new com.ibm.db2j.GaianQuery(		'SELECT name, jSecs(CURRENT_TIMESTAMP) - jSecs(received_timestamp) age, value FROM gdb_local_metrics 		UNION SELECT ''Data Throughput'' name, 0 age, cast(GDB_THROUGHPUT()/1000 as char(20)) value from sysibm.sysdummy1 		UNION SELECT ''Query Activity'' name, 0 age, cast(GDB_QRY_ACTIVITY() as char(20)) value from sysibm.sysdummy1 		UNION SELECT ''Node CPU'' name, 0 age, cast(GDB_NODE_CPU() as char(3)) value from sysibm.sysdummy1 		UNION SELECT ''JVM Used Memory'' name, 0 age, cast(JMEMORYPERCENT() as char(3)) value from sysibm.sysdummy1', 		'with_provenance') Q    WHERE name IN ('Data Throughput', 'Query Activity', 'Node CPU', 'JVM Used Memory', 'CPU Usage', 'Used Memory', 'Total Memory', 'Disk I/O', 'Network I/O', 'Battery Power', 'Temperature')      AND age < ? ORDER BY gdb_node, received_timestamp, name
2023-03-03 06:30:49.042~824171000 GaianTable -------> SUBQUERY queryID=null steps=-1 GaianTable() Constructor:
========================================================================================================================================================================
New GaianQuery VTI Call, table = SUBQUERY, explain = false, withProvenance = true
2023-03-03 06:30:49.042~824308800 GaianQuery -------> Setting up sub query meta data using subquery and first data source (or local gaiandb if none was specified)
2023-03-03 06:30:49.042~824364500 GaianQuery -------> Gaian Query Source List = [LOCALDERBY]
2023-03-03 06:30:49.042~824500900 DataSourcesManager ---------> Preparing subquery to get RSMD: SELECT name, jSecs(CURRENT_TIMESTAMP) - jSecs(received_timestamp) age, value FROM gdb_local_metrics 		UNION SELECT 'Data Throughput' name, 0 age, cast(GDB_THROUGHPUT()/1000 as char(20)) value from sysibm.sysdummy1 		UNION SELECT 'Query Activity' name, 0 age, cast(GDB_QRY_ACTIVITY() as char(20)) value from sysibm.sysdummy1 		UNION SELECT 'Node CPU' name, 0 age, cast(GDB_NODE_CPU() as char(3)) value from sysibm.sysdummy1 		UNION SELECT 'JVM Used Memory' name, 0 age, cast(JMEMORYPERCENT() as char(3)) value from sysibm.sysdummy1
2023-03-03 06:30:49.042~824901500 GaianResultSetMetaData ----------> Meta data column counts: physical cols: 3, special cols: 7
2023-03-03 06:30:49.042~825359400 GaianResultSetMetaData ----------> Building row template from special columns: [GDB_NODE VARCHAR(20), GDB_LEAF VARCHAR(50), GDBX_FROM_NODE VARCHAR(20), GDBX_TO_NODE VARCHAR(20), GDBX_DEPTH INT, GDBX_PRECEDENCE CHAR, GDBX_COUNT BIGINT]
2023-03-03 06:30:49.042~825415900 GaianResultSetMetaData ----------> ltColCount = 10, specialColCount (constant + hidden cols) = 7
2023-03-03 06:30:49.044~825612900 GaianResultSetMetaData ----------> Built Logical Table DVD template: [NULL, NULL, NULL, cspc201, NULL, NULL, NULL, NULL, NULL, NULL]
2023-03-03 06:30:49.044~826120400 GaianResultSetMetaData ----------> Retrieved meta data for columns: [NAME, AGE, VALUE, GDB_NODE, GDB_LEAF, GDBX_FROM_NODE, GDBX_TO_NODE, GDBX_DEPTH, GDBX_PRECEDENCE, GDBX_COUNT]
2023-03-03 06:30:49.045~826885600 GaianTable -------> SUBQUERY queryID=null steps=-1 Resolving logical table
2023-03-03 06:30:49.045~827159900 GaianTable -------> SUBQUERY queryID=null steps=-1 Got new meta data for LT def, numCols: 5, numExposedCols: 5
2023-03-03 06:30:49.045~827221400 GaianTable -------> SUBQUERY queryID=null steps=-1 MetaData to be returned to Derby: [NAME VARCHAR(32), AGE BIGINT, VALUE VARCHAR(255), GDB_NODE VARCHAR(20), GDB_LEAF VARCHAR(50)]
2023-03-03 06:30:49.053~835676300 GaianTable -------> ******* INITIALISING SYSTEM QUERY - THIS WILL SUBSEQUENTLY ONLY BE LOGGED WHEN LOGLEVEL=ALL
SELECT gdb_node,           max( jSecs(CURRENT_TIMESTAMP) - age ) received_timestamp,           name,           max( CAST(value AS INT) ) value     FROM new com.ibm.db2j.GaianQuery(		'SELECT name, jSecs(CURRENT_TIMESTAMP) - jSecs(received_timestamp) age, value FROM gdb_local_metrics 		UNION SELECT ''Data Throughput'' name, 0 age, cast(GDB_THROUGHPUT()/1000 as char(20)) value from sysibm.sysdummy1 		UNION SELECT ''Query Activity'' name, 0 age, cast(GDB_QRY_ACTIVITY() as char(20)) value from sysibm.sysdummy1 		UNION SELECT ''Node CPU'' name, 0 age, cast(GDB_NODE_CPU() as char(3)) value from sysibm.sysdummy1 		UNION SELECT ''JVM Used Memory'' name, 0 age, cast(JMEMORYPERCENT() as char(3)) value from sysibm.sysdummy1', 		'with_provenance') Q    WHERE name IN ('Data Throughput', 'Query Activity', 'Node CPU', 'JVM Used Memory', 'CPU Usage', 'Used Memory', 'Total Memory', 'Disk I/O', 'Network I/O', 'Battery Power', 'Temperature')      AND age < ? GROUP BY gdb_node, name
2023-03-03 06:30:49.111~893180700 GaianTable -------> GDB_LTNULL queryID=null steps=-1 GaianTable() Constructor:
========================================================================================================================================================================
New GaianTable VTI Call, table = GDB_LTNULL, explain = true, withProvenance = true
2023-03-03 06:30:49.111~893313800 GaianTable -------> GDB_LTNULL queryID=null steps=-1 Resolving logical table
2023-03-03 06:30:49.111~893461800 GaianTable -------> GDB_LTNULL queryID=null steps=-1 Establishing logical table definition and set of data sources
2023-03-03 06:30:49.111~893520600 GaianTable -------> GDB_LTNULL queryID=null steps=-1 Got new meta data for LT def, numCols: 8, numExposedCols: 8
2023-03-03 06:30:49.111~893577200 GaianTable -------> GDB_LTNULL queryID=null steps=-1 MetaData to be returned to Derby: [CNULL CHAR(1), GDB_NODE VARCHAR(20), GDB_LEAF VARCHAR(50), GDBX_FROM_NODE VARCHAR(20), GDBX_TO_NODE VARCHAR(20), GDBX_DEPTH INT, GDBX_PRECEDENCE CHAR, GDBX_COUNT BIGINT]
2023-03-03 06:30:49.112~894322800 GaianTable -------> GDB_LTNULL queryID=null steps=-1 Entered getEstimatedCostPerInstantiation(), returning 100.0
2023-03-03 06:30:49.112~894400800 GaianTable -------> GDB_LTNULL queryID=null steps=-1 Entered getEstimatedRowCount(), returning 1.0
2023-03-03 06:30:49.112~894436500 GaianTable -------> GDB_LTNULL queryID=null steps=-1 Entered supportsMultipleInstantiations(), returning true
2023-03-03 06:30:49.112~894478800 GaianTable -------> GDB_LTNULL queryID=null steps=-1 Entering GaianTable.close()
2023-03-03 06:30:49.112~894521500 GaianTable -------> GDB_LTNULL queryID=null steps=-1 Entered clearResultAndInMemoryCache(), gaianResult isNull? true
2023-03-03 06:30:49.121~902840300 GaianTable -------> GDB_LTNULL queryID=null steps=-1 GaianTable() Constructor:
========================================================================================================================================================================
New GaianTable VTI Call, table = GDB_LTNULL, explain = true, withProvenance = true
2023-03-03 06:30:49.121~903138100 GaianTable -------> GDB_LTNULL queryID=null steps=-1 Projected Columns: [4, 5, 6]
2023-03-03 06:30:49.121~903382500 GaianTable -------> GDB_LTNULL queryID=null steps=-1 Qualifiers: C6>0
2023-03-03 06:30:49.122~904152900 GaianTable -------> GDB_LTNULL queryID=null steps=-1 Original SQL is not a JOIN and has one FROM and WHERE token and no positional parms, EXTRACTED PREDICATES: gdbx_depth > 0, table alias: T
2023-03-03 06:30:49.122~904376500 GaianTable -------> GDB_LTNULL queryID=null steps=-1 Entered clearResultAndInMemoryCache(), gaianResult isNull? true
2023-03-03 06:30:49.122~904455500 GaianTable -------> GDB_LTNULL queryID=null steps=-1 Initialising query: Getting table def and data sources
2023-03-03 06:30:49.122~904583300 GaianTable -------> GDB_LTNULL queryID=null steps=-1 Explain option with elements: [explainds]
2023-03-03 06:30:49.122~904646700 GaianTable -------> GDB_LTNULL queryID=null steps=-1 Resolving logical table
2023-03-03 06:30:49.123~904838600 GaianTable -------> GDB_LTNULL queryID=null steps=-1 Establishing logical table definition and set of data sources
2023-03-03 06:30:49.123~904970500 GaianTable -------> GDB_LTNULL queryID=null steps=-1 Retrieved node definitions: []
2023-03-03 06:30:49.123~905038600 GaianTable -------> GDB_LTNULL queryID=null steps=-1 MetaData for rows passed to Derby: [CNULL CHAR(1), GDB_NODE VARCHAR(20), GDB_LEAF VARCHAR(50), GDBX_FROM_NODE VARCHAR(20), GDBX_TO_NODE VARCHAR(20), GDBX_DEPTH INT, GDBX_PRECEDENCE CHAR, GDBX_COUNT BIGINT]
2023-03-03 06:30:49.123~905093800 GaianTable -------> GDB_LTNULL queryID=null steps=-1 Creating a new queryID, and associated propagationCount=0 for this Query
2023-03-03 06:30:49.123~905176600 GaianTable -------> ******* GDB_LTNULL queryID=cspc201:1677825049123:1 steps=0 executeFastPathQuery():
========================================================================================================================================================================

2023-03-03 06:30:49.123 -------> NEW INCOMING SQL QUERY: SELECT gdbx_from_node source, gdbx_to_node target    FROM new com.ibm.db2j.GaianTable('gdb_ltnull', 'explainds') T WHERE gdbx_depth > 0


2023-03-03 06:30:49.123~905225700 GaianTable -------> GDB_LTNULL queryID=cspc201:1677825049123:1 steps=0 No nodes to execute query on after initialisation, returning empty ResultSet
2023-03-03 06:30:49.123~905423000 GaianTable -------> GDB_LTNULL queryID=cspc201:1677825049123:1 steps=0 Setting explain row: <SQL QUERY>, cspc201, 0, F, 0
2023-03-03 06:30:49.138~920625700 GaianTable -------> GDB_LTNULL queryID=null steps=-1 GaianTable() Constructor:
========================================================================================================================================================================
New GaianTable VTI Call, table = GDB_LTNULL, explain = true, withProvenance = true
2023-03-03 06:30:49.138~920869500 GaianTable -------> GDB_LTNULL queryID=null steps=-1 Projected Columns: [4, 5, 6]
2023-03-03 06:30:49.140~921193100 GaianTable -------> GDB_LTNULL queryID=null steps=-1 Qualifiers: C6>0
2023-03-03 06:30:49.140~921564000 GaianTable -------> GDB_LTNULL queryID=null steps=-1 Original SQL is not a JOIN and has one FROM and WHERE token and no positional parms, EXTRACTED PREDICATES: gdbx_depth > 0, table alias: T
2023-03-03 06:30:49.140~921682600 GaianTable -------> GDB_LTNULL queryID=null steps=-1 Entered clearResultAndInMemoryCache(), gaianResult isNull? true
2023-03-03 06:30:49.140~921772200 GaianTable -------> GDB_LTNULL queryID=null steps=-1 Initialising query: Getting table def and data sources
2023-03-03 06:30:49.141~922197700 GaianTable -------> GDB_LTNULL queryID=null steps=-1 Explain option with elements: [explainds]
2023-03-03 06:30:49.141~922527200 GaianTable -------> GDB_LTNULL queryID=null steps=-1 Resolving logical table
2023-03-03 06:30:49.141~922739500 GaianTable -------> GDB_LTNULL queryID=null steps=-1 Establishing logical table definition and set of data sources
2023-03-03 06:30:49.141~922820600 GaianTable -------> GDB_LTNULL queryID=null steps=-1 Retrieved node definitions: []
2023-03-03 06:30:49.141~922885500 GaianTable -------> GDB_LTNULL queryID=null steps=-1 MetaData for rows passed to Derby: [CNULL CHAR(1), GDB_NODE VARCHAR(20), GDB_LEAF VARCHAR(50), GDBX_FROM_NODE VARCHAR(20), GDBX_TO_NODE VARCHAR(20), GDBX_DEPTH INT, GDBX_PRECEDENCE CHAR, GDBX_COUNT BIGINT]
2023-03-03 06:30:49.141~922973100 GaianTable -------> GDB_LTNULL queryID=null steps=-1 Creating a new queryID, and associated propagationCount=0 for this Query
2023-03-03 06:30:49.142~923112500 GaianTable -------> ******* GDB_LTNULL queryID=cspc201:1677825049141:2 steps=0 executeFastPathQuery():
========================================================================================================================================================================

2023-03-03 06:30:49.141 -------> NEW INCOMING SQL QUERY: SELECT gdbx_from_node source, gdbx_to_node target    FROM new com.ibm.db2j.GaianTable('gdb_ltnull', 'explainds') T WHERE gdbx_depth > 0


2023-03-03 06:30:49.142~923210600 GaianTable -------> GDB_LTNULL queryID=cspc201:1677825049141:2 steps=0 No nodes to execute query on after initialisation, returning empty ResultSet
2023-03-03 06:30:49.142~923564500 GaianTable -------> GDB_LTNULL queryID=cspc201:1677825049141:2 steps=0 Setting explain row: <SQL QUERY>, cspc201, 0, F, 0
2023-03-03 06:30:49.147~928262100 GaianTable -------> GDB_LTNULL queryID=null steps=-1 GaianTable() Constructor:
========================================================================================================================================================================
New GaianTable VTI Call, table = GDB_LTNULL, explain = true, withProvenance = true
2023-03-03 06:30:49.147~928518500 GaianTable -------> GDB_LTNULL queryID=null steps=-1 Projected Columns: [4, 5, 6]
2023-03-03 06:30:49.147~928836000 GaianTable -------> GDB_LTNULL queryID=null steps=-1 Qualifiers: C6>0
2023-03-03 06:30:49.148~929137100 GaianTable -------> GDB_LTNULL queryID=null steps=-1 Original SQL is not a JOIN and has one FROM and WHERE token and no positional parms, EXTRACTED PREDICATES: gdbx_depth > 0, table alias: T
2023-03-03 06:30:49.148~929204900 GaianTable -------> GDB_LTNULL queryID=null steps=-1 Entered clearResultAndInMemoryCache(), gaianResult isNull? true
2023-03-03 06:30:49.148~929247000 GaianTable -------> GDB_LTNULL queryID=null steps=-1 Initialising query: Getting table def and data sources
2023-03-03 06:30:49.148~929305800 GaianTable -------> GDB_LTNULL queryID=null steps=-1 Explain option with elements: [explainds]
2023-03-03 06:30:49.148~929350800 GaianTable -------> GDB_LTNULL queryID=null steps=-1 Resolving logical table
2023-03-03 06:30:49.148~929531300 GaianTable -------> GDB_LTNULL queryID=null steps=-1 Establishing logical table definition and set of data sources
2023-03-03 06:30:49.148~929604300 GaianTable -------> GDB_LTNULL queryID=null steps=-1 Retrieved node definitions: []
2023-03-03 06:30:49.148~929662400 GaianTable -------> GDB_LTNULL queryID=null steps=-1 MetaData for rows passed to Derby: [CNULL CHAR(1), GDB_NODE VARCHAR(20), GDB_LEAF VARCHAR(50), GDBX_FROM_NODE VARCHAR(20), GDBX_TO_NODE VARCHAR(20), GDBX_DEPTH INT, GDBX_PRECEDENCE CHAR, GDBX_COUNT BIGINT]
2023-03-03 06:30:49.148~929710900 GaianTable -------> GDB_LTNULL queryID=null steps=-1 Creating a new queryID, and associated propagationCount=0 for this Query
2023-03-03 06:30:49.148~929808200 GaianTable -------> ******* GDB_LTNULL queryID=cspc201:1677825049148:3 steps=0 executeFastPathQuery():
========================================================================================================================================================================

2023-03-03 06:30:49.148 -------> NEW INCOMING SQL QUERY: SELECT gdbx_from_node source, gdbx_to_node target    FROM new com.ibm.db2j.GaianTable('gdb_ltnull', 'explainds') T WHERE gdbx_depth > 0


2023-03-03 06:30:49.148~929855000 GaianTable -------> GDB_LTNULL queryID=cspc201:1677825049148:3 steps=0 No nodes to execute query on after initialisation, returning empty ResultSet
2023-03-03 06:30:49.148~930011000 GaianTable -------> GDB_LTNULL queryID=cspc201:1677825049148:3 steps=0 Setting explain row: <SQL QUERY>, cspc201, 0, F, 0
2023-03-03 06:30:49.153~935803400 GaianTable -------> GDB_LTNULL queryID=null steps=-1 GaianTable() Constructor:
========================================================================================================================================================================
New GaianTable VTI Call, table = GDB_LTNULL, explain = true, withProvenance = true
2023-03-03 06:30:49.153~935968700 GaianTable -------> GDB_LTNULL queryID=null steps=-1 Projected Columns: [4, 5, 6]
2023-03-03 06:30:49.155~936220400 GaianTable -------> GDB_LTNULL queryID=null steps=-1 Qualifiers: C6>0
2023-03-03 06:30:49.155~936441700 GaianTable -------> GDB_LTNULL queryID=null steps=-1 Original SQL is not a JOIN and has one FROM and WHERE token and no positional parms, EXTRACTED PREDICATES: gdbx_depth > 0, table alias: T
2023-03-03 06:30:49.155~936497000 GaianTable -------> GDB_LTNULL queryID=null steps=-1 Entered clearResultAndInMemoryCache(), gaianResult isNull? true
2023-03-03 06:30:49.155~936535600 GaianTable -------> GDB_LTNULL queryID=null steps=-1 Initialising query: Getting table def and data sources
2023-03-03 06:30:49.155~936596200 GaianTable -------> GDB_LTNULL queryID=null steps=-1 Explain option with elements: [explainds]
2023-03-03 06:30:49.155~936642900 GaianTable -------> GDB_LTNULL queryID=null steps=-1 Resolving logical table
2023-03-03 06:30:49.155~936806900 GaianTable -------> GDB_LTNULL queryID=null steps=-1 Establishing logical table definition and set of data sources
2023-03-03 06:30:49.155~936878400 GaianTable -------> GDB_LTNULL queryID=null steps=-1 Retrieved node definitions: []
2023-03-03 06:30:49.155~936936900 GaianTable -------> GDB_LTNULL queryID=null steps=-1 MetaData for rows passed to Derby: [CNULL CHAR(1), GDB_NODE VARCHAR(20), GDB_LEAF VARCHAR(50), GDBX_FROM_NODE VARCHAR(20), GDBX_TO_NODE VARCHAR(20), GDBX_DEPTH INT, GDBX_PRECEDENCE CHAR, GDBX_COUNT BIGINT]
2023-03-03 06:30:49.155~936984400 GaianTable -------> GDB_LTNULL queryID=null steps=-1 Creating a new queryID, and associated propagationCount=0 for this Query
2023-03-03 06:30:49.156~937069400 GaianTable -------> ******* GDB_LTNULL queryID=cspc201:1677825049156:4 steps=0 executeFastPathQuery():
========================================================================================================================================================================

2023-03-03 06:30:49.156 -------> NEW INCOMING SQL QUERY: SELECT gdbx_from_node source, gdbx_to_node target    FROM new com.ibm.db2j.GaianTable('gdb_ltnull', 'explainds') T WHERE gdbx_depth > 0


2023-03-03 06:30:49.156~937111500 GaianTable -------> GDB_LTNULL queryID=cspc201:1677825049156:4 steps=0 No nodes to execute query on after initialisation, returning empty ResultSet
2023-03-03 06:30:49.156~937250300 GaianTable -------> GDB_LTNULL queryID=cspc201:1677825049156:4 steps=0 Setting explain row: <SQL QUERY>, cspc201, 0, F, 0
2023-03-03 06:30:49.160~941658400 GaianTable -------> GDB_LTNULL queryID=null steps=-1 GaianTable() Constructor:
========================================================================================================================================================================
New GaianTable VTI Call, table = GDB_LTNULL, explain = true, withProvenance = true
2023-03-03 06:30:49.160~941907300 GaianTable -------> GDB_LTNULL queryID=null steps=-1 Projected Columns: [4, 5, 6]
2023-03-03 06:30:49.160~942239100 GaianTable -------> GDB_LTNULL queryID=null steps=-1 Qualifiers: C6>0
2023-03-03 06:30:49.160~942452900 GaianTable -------> GDB_LTNULL queryID=null steps=-1 Original SQL is not a JOIN and has one FROM and WHERE token and no positional parms, EXTRACTED PREDICATES: gdbx_depth > 0, table alias: T
2023-03-03 06:30:49.161~942578100 GaianTable -------> GDB_LTNULL queryID=null steps=-1 Entered clearResultAndInMemoryCache(), gaianResult isNull? true
2023-03-03 06:30:49.161~942661200 GaianTable -------> GDB_LTNULL queryID=null steps=-1 Initialising query: Getting table def and data sources
2023-03-03 06:30:49.161~942799200 GaianTable -------> GDB_LTNULL queryID=null steps=-1 Explain option with elements: [explainds]
2023-03-03 06:30:49.161~942881200 GaianTable -------> GDB_LTNULL queryID=null steps=-1 Resolving logical table
2023-03-03 06:30:49.161~943116800 GaianTable -------> GDB_LTNULL queryID=null steps=-1 Establishing logical table definition and set of data sources
2023-03-03 06:30:49.161~943199100 GaianTable -------> GDB_LTNULL queryID=null steps=-1 Retrieved node definitions: []
2023-03-03 06:30:49.161~943298900 GaianTable -------> GDB_LTNULL queryID=null steps=-1 MetaData for rows passed to Derby: [CNULL CHAR(1), GDB_NODE VARCHAR(20), GDB_LEAF VARCHAR(50), GDBX_FROM_NODE VARCHAR(20), GDBX_TO_NODE VARCHAR(20), GDBX_DEPTH INT, GDBX_PRECEDENCE CHAR, GDBX_COUNT BIGINT]
2023-03-03 06:30:49.161~943355400 GaianTable -------> GDB_LTNULL queryID=null steps=-1 Creating a new queryID, and associated propagationCount=0 for this Query
2023-03-03 06:30:49.161~943433700 GaianTable -------> ******* GDB_LTNULL queryID=cspc201:1677825049161:5 steps=0 executeFastPathQuery():
========================================================================================================================================================================

2023-03-03 06:30:49.161 -------> NEW INCOMING SQL QUERY: SELECT gdbx_from_node source, gdbx_to_node target    FROM new com.ibm.db2j.GaianTable('gdb_ltnull', 'explainds') T WHERE gdbx_depth > 0


2023-03-03 06:30:49.161~943477300 GaianTable -------> GDB_LTNULL queryID=cspc201:1677825049161:5 steps=0 No nodes to execute query on after initialisation, returning empty ResultSet
2023-03-03 06:30:49.161~943631500 GaianTable -------> GDB_LTNULL queryID=cspc201:1677825049161:5 steps=0 Setting explain row: <SQL QUERY>, cspc201, 0, F, 0
2023-03-03 06:30:49.168~950022500 GaianTable -------> GDB_LTNULL queryID=null steps=-1 GaianTable() Constructor:
========================================================================================================================================================================
New GaianTable VTI Call, table = GDB_LTNULL, explain = true, withProvenance = true
2023-03-03 06:30:49.168~950314600 GaianTable -------> GDB_LTNULL queryID=null steps=-1 Projected Columns: [4, 5, 6]
2023-03-03 06:30:49.168~950576800 GaianTable -------> GDB_LTNULL queryID=null steps=-1 Qualifiers: C6>0
2023-03-03 06:30:49.169~950721500 GaianTable -------> GDB_LTNULL queryID=null steps=-1 Original SQL is not a JOIN and has one FROM and WHERE token and no positional parms, EXTRACTED PREDICATES: gdbx_depth > 0, table alias: T
2023-03-03 06:30:49.169~950784700 GaianTable -------> GDB_LTNULL queryID=null steps=-1 Entered clearResultAndInMemoryCache(), gaianResult isNull? true
2023-03-03 06:30:49.169~950824500 GaianTable -------> GDB_LTNULL queryID=null steps=-1 Initialising query: Getting table def and data sources
2023-03-03 06:30:49.169~950885800 GaianTable -------> GDB_LTNULL queryID=null steps=-1 Explain option with elements: [explainds]
2023-03-03 06:30:49.169~950930300 GaianTable -------> GDB_LTNULL queryID=null steps=-1 Resolving logical table
2023-03-03 06:30:49.169~951098100 GaianTable -------> GDB_LTNULL queryID=null steps=-1 Establishing logical table definition and set of data sources
2023-03-03 06:30:49.169~951166700 GaianTable -------> GDB_LTNULL queryID=null steps=-1 Retrieved node definitions: []
2023-03-03 06:30:49.169~951232500 GaianTable -------> GDB_LTNULL queryID=null steps=-1 MetaData for rows passed to Derby: [CNULL CHAR(1), GDB_NODE VARCHAR(20), GDB_LEAF VARCHAR(50), GDBX_FROM_NODE VARCHAR(20), GDBX_TO_NODE VARCHAR(20), GDBX_DEPTH INT, GDBX_PRECEDENCE CHAR, GDBX_COUNT BIGINT]
2023-03-03 06:30:49.169~951273000 GaianTable -------> GDB_LTNULL queryID=null steps=-1 Creating a new queryID, and associated propagationCount=0 for this Query
2023-03-03 06:30:49.169~951352800 GaianTable -------> ******* GDB_LTNULL queryID=cspc201:1677825049169:6 steps=0 executeFastPathQuery():
========================================================================================================================================================================

2023-03-03 06:30:49.169 -------> NEW INCOMING SQL QUERY: SELECT gdbx_from_node source, gdbx_to_node target    FROM new com.ibm.db2j.GaianTable('gdb_ltnull', 'explainds') T WHERE gdbx_depth > 0


2023-03-03 06:30:49.169~951407500 GaianTable -------> GDB_LTNULL queryID=cspc201:1677825049169:6 steps=0 No nodes to execute query on after initialisation, returning empty ResultSet
2023-03-03 06:30:49.169~951604600 GaianTable -------> GDB_LTNULL queryID=cspc201:1677825049169:6 steps=0 Setting explain row: <SQL QUERY>, cspc201, 0, F, 0
2023-03-03 06:30:49.173~954776800 GaianTable -------> GDB_LTNULL queryID=null steps=-1 GaianTable() Constructor:
========================================================================================================================================================================
New GaianTable VTI Call, table = GDB_LTNULL, explain = true, withProvenance = true
2023-03-03 06:30:49.173~955017900 GaianTable -------> GDB_LTNULL queryID=null steps=-1 Projected Columns: [4, 5, 6]
2023-03-03 06:30:49.174~955768300 GaianTable -------> GDB_LTNULL queryID=null steps=-1 Qualifiers: C6>0
2023-03-03 06:30:49.174~956057900 GaianTable -------> GDB_LTNULL queryID=null steps=-1 Original SQL is not a JOIN and has one FROM and WHERE token and no positional parms, EXTRACTED PREDICATES: gdbx_depth > 0, table alias: T
2023-03-03 06:30:49.174~956131300 GaianTable -------> GDB_LTNULL queryID=null steps=-1 Entered clearResultAndInMemoryCache(), gaianResult isNull? true
2023-03-03 06:30:49.174~956172400 GaianTable -------> GDB_LTNULL queryID=null steps=-1 Initialising query: Getting table def and data sources
2023-03-03 06:30:49.175~956234100 GaianTable -------> GDB_LTNULL queryID=null steps=-1 Explain option with elements: [explainds]
2023-03-03 06:30:49.175~956290000 GaianTable -------> GDB_LTNULL queryID=null steps=-1 Resolving logical table
2023-03-03 06:30:49.175~956465600 GaianTable -------> GDB_LTNULL queryID=null steps=-1 Establishing logical table definition and set of data sources
2023-03-03 06:30:49.175~956541500 GaianTable -------> GDB_LTNULL queryID=null steps=-1 Retrieved node definitions: []
2023-03-03 06:30:49.175~956608400 GaianTable -------> GDB_LTNULL queryID=null steps=-1 MetaData for rows passed to Derby: [CNULL CHAR(1), GDB_NODE VARCHAR(20), GDB_LEAF VARCHAR(50), GDBX_FROM_NODE VARCHAR(20), GDBX_TO_NODE VARCHAR(20), GDBX_DEPTH INT, GDBX_PRECEDENCE CHAR, GDBX_COUNT BIGINT]
2023-03-03 06:30:49.175~956657000 GaianTable -------> GDB_LTNULL queryID=null steps=-1 Creating a new queryID, and associated propagationCount=0 for this Query
2023-03-03 06:30:49.175~956730500 GaianTable -------> ******* GDB_LTNULL queryID=cspc201:1677825049175:7 steps=0 executeFastPathQuery():
========================================================================================================================================================================

2023-03-03 06:30:49.175 -------> NEW INCOMING SQL QUERY: SELECT gdbx_from_node source, gdbx_to_node target    FROM new com.ibm.db2j.GaianTable('gdb_ltnull', 'explainds') T WHERE gdbx_depth > 0


2023-03-03 06:30:49.175~956775600 GaianTable -------> GDB_LTNULL queryID=cspc201:1677825049175:7 steps=0 No nodes to execute query on after initialisation, returning empty ResultSet
2023-03-03 06:30:49.175~956938600 GaianTable -------> GDB_LTNULL queryID=cspc201:1677825049175:7 steps=0 Setting explain row: <SQL QUERY>, cspc201, 0, F, 0
2023-03-03 06:30:49.179~960899700 GaianTable -------> GDB_LTNULL queryID=null steps=-1 GaianTable() Constructor:
========================================================================================================================================================================
New GaianTable VTI Call, table = GDB_LTNULL, explain = true, withProvenance = true
2023-03-03 06:30:49.179~961095900 GaianTable -------> GDB_LTNULL queryID=null steps=-1 Projected Columns: [4, 5, 6]
2023-03-03 06:30:49.180~961710300 GaianTable -------> GDB_LTNULL queryID=null steps=-1 Qualifiers: C6>0
2023-03-03 06:30:49.180~962115200 GaianTable -------> GDB_LTNULL queryID=null steps=-1 Original SQL is not a JOIN and has one FROM and WHERE token and no positional parms, EXTRACTED PREDICATES: gdbx_depth > 0, table alias: T
2023-03-03 06:30:49.181~962310100 GaianTable -------> GDB_LTNULL queryID=null steps=-1 Entered clearResultAndInMemoryCache(), gaianResult isNull? true
2023-03-03 06:30:49.181~962411000 GaianTable -------> GDB_LTNULL queryID=null steps=-1 Initialising query: Getting table def and data sources
2023-03-03 06:30:49.181~962559500 GaianTable -------> GDB_LTNULL queryID=null steps=-1 Explain option with elements: [explainds]
2023-03-03 06:30:49.181~962669400 GaianTable -------> GDB_LTNULL queryID=null steps=-1 Resolving logical table
2023-03-03 06:30:49.181~962877500 GaianTable -------> GDB_LTNULL queryID=null steps=-1 Establishing logical table definition and set of data sources
2023-03-03 06:30:49.181~963007500 GaianTable -------> GDB_LTNULL queryID=null steps=-1 Retrieved node definitions: []
2023-03-03 06:30:49.181~963094000 GaianTable -------> GDB_LTNULL queryID=null steps=-1 MetaData for rows passed to Derby: [CNULL CHAR(1), GDB_NODE VARCHAR(20), GDB_LEAF VARCHAR(50), GDBX_FROM_NODE VARCHAR(20), GDBX_TO_NODE VARCHAR(20), GDBX_DEPTH INT, GDBX_PRECEDENCE CHAR, GDBX_COUNT BIGINT]
2023-03-03 06:30:49.181~963166400 GaianTable -------> GDB_LTNULL queryID=null steps=-1 Creating a new queryID, and associated propagationCount=0 for this Query
2023-03-03 06:30:49.182~963284600 GaianTable -------> ******* GDB_LTNULL queryID=cspc201:1677825049182:8 steps=0 executeFastPathQuery():
========================================================================================================================================================================

2023-03-03 06:30:49.182 -------> NEW INCOMING SQL QUERY: SELECT gdbx_from_node source, gdbx_to_node target    FROM new com.ibm.db2j.GaianTable('gdb_ltnull', 'explainds') T WHERE gdbx_depth > 0


2023-03-03 06:30:49.182~963350100 GaianTable -------> GDB_LTNULL queryID=cspc201:1677825049182:8 steps=0 No nodes to execute query on after initialisation, returning empty ResultSet
2023-03-03 06:30:49.182~963654300 GaianTable -------> GDB_LTNULL queryID=cspc201:1677825049182:8 steps=0 Setting explain row: <SQL QUERY>, cspc201, 0, F, 0
2023-03-03 06:30:49.184~966000000 GaianTable -------> GDB_LTNULL queryID=cspc201:1677825049175:7 steps=0 Entering GaianTable.close()
2023-03-03 06:30:49.184~966155400 GaianTable -------> GDB_LTNULL queryID=cspc201:1677825049175:7 steps=0 Entered clearResultAndInMemoryCache(), gaianResult isNull? true
2023-03-03 06:30:49.185~967694500 GaianTable -------> GDB_LTNULL queryID=null steps=-1 GaianTable() Constructor:
========================================================================================================================================================================
New GaianTable VTI Call, table = GDB_LTNULL, explain = true, withProvenance = true
2023-03-03 06:30:49.186~967955700 GaianTable -------> GDB_LTNULL queryID=null steps=-1 Projected Columns: [4, 5, 6]
2023-03-03 06:30:49.186~968341800 GaianTable -------> GDB_LTNULL queryID=null steps=-1 Qualifiers: C6>0
2023-03-03 06:30:49.186~968623600 GaianTable -------> GDB_LTNULL queryID=null steps=-1 Original SQL is not a JOIN and has one FROM and WHERE token and no positional parms, EXTRACTED PREDICATES: gdbx_depth > 0, table alias: T
2023-03-03 06:30:49.186~968707100 GaianTable -------> GDB_LTNULL queryID=null steps=-1 Entered clearResultAndInMemoryCache(), gaianResult isNull? true
2023-03-03 06:30:49.187~968762800 GaianTable -------> GDB_LTNULL queryID=null steps=-1 Initialising query: Getting table def and data sources
2023-03-03 06:30:49.187~968880900 GaianTable -------> GDB_LTNULL queryID=null steps=-1 Explain option with elements: [explainds]
2023-03-03 06:30:49.187~968929400 GaianTable -------> GDB_LTNULL queryID=null steps=-1 Resolving logical table
2023-03-03 06:30:49.187~969146300 GaianTable -------> GDB_LTNULL queryID=null steps=-1 Establishing logical table definition and set of data sources
2023-03-03 06:30:49.187~969217800 GaianTable -------> GDB_LTNULL queryID=null steps=-1 Retrieved node definitions: []
2023-03-03 06:30:49.187~969272000 GaianTable -------> GDB_LTNULL queryID=null steps=-1 MetaData for rows passed to Derby: [CNULL CHAR(1), GDB_NODE VARCHAR(20), GDB_LEAF VARCHAR(50), GDBX_FROM_NODE VARCHAR(20), GDBX_TO_NODE VARCHAR(20), GDBX_DEPTH INT, GDBX_PRECEDENCE CHAR, GDBX_COUNT BIGINT]
2023-03-03 06:30:49.187~969371200 GaianTable -------> GDB_LTNULL queryID=null steps=-1 Creating a new queryID, and associated propagationCount=0 for this Query
2023-03-03 06:30:49.189~971067900 GaianTable -------> ******* GDB_LTNULL queryID=cspc201:1677825049187:9 steps=0 executeFastPathQuery():
========================================================================================================================================================================

2023-03-03 06:30:49.187 -------> NEW INCOMING SQL QUERY: SELECT gdbx_from_node source, gdbx_to_node target    FROM new com.ibm.db2j.GaianTable('gdb_ltnull', 'explainds') T WHERE gdbx_depth > 0


2023-03-03 06:30:49.189~971230400 GaianTable -------> GDB_LTNULL queryID=cspc201:1677825049187:9 steps=0 No nodes to execute query on after initialisation, returning empty ResultSet
2023-03-03 06:30:49.189~971474600 GaianTable -------> GDB_LTNULL queryID=cspc201:1677825049187:9 steps=0 Setting explain row: <SQL QUERY>, cspc201, 0, F, 0
2023-03-03 06:30:49.192~973753100 GaianTable -------> GDB_LTNULL queryID=cspc201:1677825049169:6 steps=0 Entering GaianTable.close()
2023-03-03 06:30:49.192~973880000 GaianTable -------> GDB_LTNULL queryID=cspc201:1677825049169:6 steps=0 Entered clearResultAndInMemoryCache(), gaianResult isNull? true
2023-03-03 06:30:49.194~975697700 GaianTable -------> GDB_LTNULL queryID=null steps=-1 GaianTable() Constructor:
========================================================================================================================================================================
New GaianTable VTI Call, table = GDB_LTNULL, explain = true, withProvenance = true
2023-03-03 06:30:49.194~975894500 GaianTable -------> GDB_LTNULL queryID=null steps=-1 Projected Columns: [4, 5, 6]
2023-03-03 06:30:49.194~976105100 GaianTable -------> GDB_LTNULL queryID=null steps=-1 Qualifiers: C6>0
2023-03-03 06:30:49.195~976225200 GaianTable -------> GDB_LTNULL queryID=null steps=-1 Original SQL is not a JOIN and has one FROM and WHERE token and no positional parms, EXTRACTED PREDICATES: gdbx_depth > 0, table alias: T
2023-03-03 06:30:49.195~976310800 GaianTable -------> GDB_LTNULL queryID=null steps=-1 Entered clearResultAndInMemoryCache(), gaianResult isNull? true
2023-03-03 06:30:49.195~976375200 GaianTable -------> GDB_LTNULL queryID=null steps=-1 Initialising query: Getting table def and data sources
2023-03-03 06:30:49.195~976446400 GaianTable -------> GDB_LTNULL queryID=null steps=-1 Explain option with elements: [explainds]
2023-03-03 06:30:49.195~976487100 GaianTable -------> GDB_LTNULL queryID=null steps=-1 Resolving logical table
2023-03-03 06:30:49.195~976658200 GaianTable -------> GDB_LTNULL queryID=null steps=-1 Establishing logical table definition and set of data sources
2023-03-03 06:30:49.195~976720800 GaianTable -------> GDB_LTNULL queryID=null steps=-1 Retrieved node definitions: []
2023-03-03 06:30:49.195~976769800 GaianTable -------> GDB_LTNULL queryID=null steps=-1 MetaData for rows passed to Derby: [CNULL CHAR(1), GDB_NODE VARCHAR(20), GDB_LEAF VARCHAR(50), GDBX_FROM_NODE VARCHAR(20), GDBX_TO_NODE VARCHAR(20), GDBX_DEPTH INT, GDBX_PRECEDENCE CHAR, GDBX_COUNT BIGINT]
2023-03-03 06:30:49.195~976814500 GaianTable -------> GDB_LTNULL queryID=null steps=-1 Creating a new queryID, and associated propagationCount=0 for this Query
2023-03-03 06:30:49.195~976867800 GaianTable -------> ******* GDB_LTNULL queryID=cspc201:1677825049195:10 steps=0 executeFastPathQuery():
========================================================================================================================================================================

2023-03-03 06:30:49.195 -------> NEW INCOMING SQL QUERY: SELECT gdbx_from_node source, gdbx_to_node target    FROM new com.ibm.db2j.GaianTable('gdb_ltnull', 'explainds') T WHERE gdbx_depth > 0


2023-03-03 06:30:49.195~976916800 GaianTable -------> GDB_LTNULL queryID=cspc201:1677825049195:10 steps=0 No nodes to execute query on after initialisation, returning empty ResultSet
2023-03-03 06:30:49.195~977051000 GaianTable -------> GDB_LTNULL queryID=cspc201:1677825049195:10 steps=0 Setting explain row: <SQL QUERY>, cspc201, 0, F, 0
2023-03-03 06:30:49.197~978258100 GaianTable -------> GDB_LTNULL queryID=cspc201:1677825049161:5 steps=0 Entering GaianTable.close()
2023-03-03 06:30:49.197~978361600 GaianTable -------> GDB_LTNULL queryID=cspc201:1677825049161:5 steps=0 Entered clearResultAndInMemoryCache(), gaianResult isNull? true
2023-03-03 06:30:49.198~979664600 GaianTable -------> GDB_LTNULL queryID=null steps=-1 GaianTable() Constructor:
========================================================================================================================================================================
New GaianTable VTI Call, table = GDB_LTNULL, explain = true, withProvenance = true
2023-03-03 06:30:49.198~979768200 GaianTable -------> GDB_LTNULL queryID=null steps=-1 Projected Columns: [4, 5, 6]
2023-03-03 06:30:49.198~979934900 GaianTable -------> GDB_LTNULL queryID=null steps=-1 Qualifiers: C6>0
2023-03-03 06:30:49.198~980061600 GaianTable -------> GDB_LTNULL queryID=null steps=-1 Original SQL is not a JOIN and has one FROM and WHERE token and no positional parms, EXTRACTED PREDICATES: gdbx_depth > 0, table alias: T
2023-03-03 06:30:49.198~980102500 GaianTable -------> GDB_LTNULL queryID=null steps=-1 Entered clearResultAndInMemoryCache(), gaianResult isNull? true
2023-03-03 06:30:49.198~980126800 GaianTable -------> GDB_LTNULL queryID=null steps=-1 Initialising query: Getting table def and data sources
2023-03-03 06:30:49.198~980167600 GaianTable -------> GDB_LTNULL queryID=null steps=-1 Explain option with elements: [explainds]
2023-03-03 06:30:49.198~980196500 GaianTable -------> GDB_LTNULL queryID=null steps=-1 Resolving logical table
2023-03-03 06:30:49.199~980349000 GaianTable -------> GDB_LTNULL queryID=null steps=-1 Establishing logical table definition and set of data sources
2023-03-03 06:30:49.199~980413500 GaianTable -------> GDB_LTNULL queryID=null steps=-1 Retrieved node definitions: []
2023-03-03 06:30:49.199~980455900 GaianTable -------> GDB_LTNULL queryID=null steps=-1 MetaData for rows passed to Derby: [CNULL CHAR(1), GDB_NODE VARCHAR(20), GDB_LEAF VARCHAR(50), GDBX_FROM_NODE VARCHAR(20), GDBX_TO_NODE VARCHAR(20), GDBX_DEPTH INT, GDBX_PRECEDENCE CHAR, GDBX_COUNT BIGINT]
2023-03-03 06:30:49.199~980501500 GaianTable -------> GDB_LTNULL queryID=null steps=-1 Creating a new queryID, and associated propagationCount=0 for this Query
2023-03-03 06:30:49.199~980561200 GaianTable -------> ******* GDB_LTNULL queryID=cspc201:1677825049199:11 steps=0 executeFastPathQuery():
========================================================================================================================================================================

2023-03-03 06:30:49.199 -------> NEW INCOMING SQL QUERY: SELECT gdbx_from_node source, gdbx_to_node target    FROM new com.ibm.db2j.GaianTable('gdb_ltnull', 'explainds') T WHERE gdbx_depth > 0


2023-03-03 06:30:49.199~980598400 GaianTable -------> GDB_LTNULL queryID=cspc201:1677825049199:11 steps=0 No nodes to execute query on after initialisation, returning empty ResultSet
2023-03-03 06:30:49.199~980722300 GaianTable -------> GDB_LTNULL queryID=cspc201:1677825049199:11 steps=0 Setting explain row: <SQL QUERY>, cspc201, 0, F, 0
2023-03-03 06:30:49.200~981956100 GaianTable -------> GDB_LTNULL queryID=cspc201:1677825049156:4 steps=0 Entering GaianTable.close()
2023-03-03 06:30:49.201~982679000 GaianTable -------> GDB_LTNULL queryID=cspc201:1677825049156:4 steps=0 Entered clearResultAndInMemoryCache(), gaianResult isNull? true
2023-03-03 06:30:49.202~983899300 GaianTable -------> GDB_LTNULL queryID=null steps=-1 GaianTable() Constructor:
========================================================================================================================================================================
New GaianTable VTI Call, table = GDB_LTNULL, explain = true, withProvenance = true
2023-03-03 06:30:49.202~984087700 GaianTable -------> GDB_LTNULL queryID=null steps=-1 Projected Columns: [4, 5, 6]
2023-03-03 06:30:49.203~984323500 GaianTable -------> GDB_LTNULL queryID=null steps=-1 Qualifiers: C6>0
2023-03-03 06:30:49.203~984444600 GaianTable -------> GDB_LTNULL queryID=null steps=-1 Original SQL is not a JOIN and has one FROM and WHERE token and no positional parms, EXTRACTED PREDICATES: gdbx_depth > 0, table alias: T
2023-03-03 06:30:49.203~984495500 GaianTable -------> GDB_LTNULL queryID=null steps=-1 Entered clearResultAndInMemoryCache(), gaianResult isNull? true
2023-03-03 06:30:49.203~984528900 GaianTable -------> GDB_LTNULL queryID=null steps=-1 Initialising query: Getting table def and data sources
2023-03-03 06:30:49.203~984612800 GaianTable -------> GDB_LTNULL queryID=null steps=-1 Explain option with elements: [explainds]
2023-03-03 06:30:49.203~984690800 GaianTable -------> GDB_LTNULL queryID=null steps=-1 Resolving logical table
2023-03-03 06:30:49.203~984855300 GaianTable -------> GDB_LTNULL queryID=null steps=-1 Establishing logical table definition and set of data sources
2023-03-03 06:30:49.203~984915000 GaianTable -------> GDB_LTNULL queryID=null steps=-1 Retrieved node definitions: []
2023-03-03 06:30:49.203~984955300 GaianTable -------> GDB_LTNULL queryID=null steps=-1 MetaData for rows passed to Derby: [CNULL CHAR(1), GDB_NODE VARCHAR(20), GDB_LEAF VARCHAR(50), GDBX_FROM_NODE VARCHAR(20), GDBX_TO_NODE VARCHAR(20), GDBX_DEPTH INT, GDBX_PRECEDENCE CHAR, GDBX_COUNT BIGINT]
2023-03-03 06:30:49.203~984987300 GaianTable -------> GDB_LTNULL queryID=null steps=-1 Creating a new queryID, and associated propagationCount=0 for this Query
2023-03-03 06:30:49.203~985030400 GaianTable -------> ******* GDB_LTNULL queryID=cspc201:1677825049203:12 steps=0 executeFastPathQuery():
========================================================================================================================================================================

2023-03-03 06:30:49.203 -------> NEW INCOMING SQL QUERY: SELECT gdbx_from_node source, gdbx_to_node target    FROM new com.ibm.db2j.GaianTable('gdb_ltnull', 'explainds') T WHERE gdbx_depth > 0


2023-03-03 06:30:49.203~985051700 GaianTable -------> GDB_LTNULL queryID=cspc201:1677825049203:12 steps=0 No nodes to execute query on after initialisation, returning empty ResultSet
2023-03-03 06:30:49.203~985161200 GaianTable -------> GDB_LTNULL queryID=cspc201:1677825049203:12 steps=0 Setting explain row: <SQL QUERY>, cspc201, 0, F, 0
2023-03-03 06:30:49.204~985951800 GaianTable -------> GDB_LTNULL queryID=cspc201:1677825049148:3 steps=0 Entering GaianTable.close()
2023-03-03 06:30:49.204~986023500 GaianTable -------> GDB_LTNULL queryID=cspc201:1677825049148:3 steps=0 Entered clearResultAndInMemoryCache(), gaianResult isNull? true
2023-03-03 06:30:49.210~992150800 GaianResultSetMetaData ----------> Creating columns meta data using physical cols: [LTNAME VARCHAR(20), LTDEF VARCHAR(128)], special cols: []
2023-03-03 06:30:49.210~992334000 GaianResultSetMetaData ----------> Building row template from special columns: []
2023-03-03 06:30:49.210~992379500 GaianResultSetMetaData ----------> ltColCount = 2, specialColCount (constant + hidden cols) = 0
2023-03-03 06:30:49.210~992429400 GaianResultSetMetaData ----------> Built Logical Table DVD template: [NULL, NULL]
2023-03-03 06:30:49.211~992813700 GaianResultSetMetaData ----------> Creating columns meta data using physical cols: [CID VARCHAR(20), CNODEID VARCHAR(20), CPOOLSIZE INT, CDRIVER VARCHAR(80), CURL VARCHAR(128), CUSR VARCHAR(20)], special cols: []
2023-03-03 06:30:49.211~993075900 GaianResultSetMetaData ----------> Building row template from special columns: []
2023-03-03 06:30:49.211~993119400 GaianResultSetMetaData ----------> ltColCount = 6, specialColCount (constant + hidden cols) = 0
2023-03-03 06:30:49.211~993178200 GaianResultSetMetaData ----------> Built Logical Table DVD template: [NULL, NULL, NULL, NULL, NULL, NULL]
2023-03-03 06:30:49.211~993567800 GaianResultSetMetaData ----------> Creating columns meta data using physical cols: [DSID VARCHAR(20), DSTYPE CHAR, DSWRAPPER VARCHAR(20), DSHANDLE VARCHAR(128), DSOPTIONS VARCHAR(128), DSCID VARCHAR(20)], special cols: []
2023-03-03 06:30:49.212~993809500 GaianResultSetMetaData ----------> Building row template from special columns: []
2023-03-03 06:30:49.212~993858900 GaianResultSetMetaData ----------> ltColCount = 6, specialColCount (constant + hidden cols) = 0
2023-03-03 06:30:49.212~993917600 GaianResultSetMetaData ----------> Built Logical Table DVD template: [NULL, NULL, NULL, NULL, NULL, NULL]
2023-03-03 06:30:49.212~994340900 GaianResultSetMetaData ----------> Creating columns meta data using physical cols: [PROPID VARCHAR(80), PROPDEF VARCHAR(128)], special cols: []
2023-03-03 06:30:49.212~994474900 GaianResultSetMetaData ----------> Building row template from special columns: []
2023-03-03 06:30:49.212~994507200 GaianResultSetMetaData ----------> ltColCount = 2, specialColCount (constant + hidden cols) = 0
2023-03-03 06:30:49.212~994535900 GaianResultSetMetaData ----------> Built Logical Table DVD template: [NULL, NULL]
2023-03-03 06:30:49.213~994792500 GaianResultSetMetaData ----------> Creating columns meta data using physical cols: [QUERYID VARCHAR(80), DEPTH INT, STATE VARCHAR(20), LTNAME VARCHAR(20), QUERYHASH VARCHAR(20), START_TS TIMESTAMP, QUERY_MS BIGINT, NBROWS BIGINT, GDB_WID VARCHAR(20)], special cols: []
2023-03-03 06:30:49.213~995008900 GaianResultSetMetaData ----------> Building row template from special columns: []
2023-03-03 06:30:49.213~995032200 GaianResultSetMetaData ----------> ltColCount = 9, specialColCount (constant + hidden cols) = 0
2023-03-03 06:30:49.213~995078900 GaianResultSetMetaData ----------> Built Logical Table DVD template: [NULL, NULL, NULL, NULL, NULL, NULL, NULL, NULL, NULL]
2023-03-03 06:30:49.213~995304200 GaianResultSetMetaData ----------> Creating columns meta data using physical cols: [TSTAMP TIMESTAMP, WARNING VARCHAR(128), TSTAMPFIRST TIMESTAMP, REPEATCOUNT BIGINT], special cols: []
2023-03-03 06:30:49.213~995450900 GaianResultSetMetaData ----------> Building row template from special columns: []
2023-03-03 06:30:49.213~995482900 GaianResultSetMetaData ----------> ltColCount = 4, specialColCount (constant + hidden cols) = 0
2023-03-03 06:30:49.213~995523500 GaianResultSetMetaData ----------> Built Logical Table DVD template: [NULL, NULL, NULL, NULL]
2023-03-03 06:30:49.215~997067200 GaianResultSetMetaData ----------> Creating columns meta data using physical cols: [APISETUPSQL VARCHAR(128)], special cols: []
2023-03-03 06:30:49.216~997495500 GaianResultSetMetaData ----------> Building row template from special columns: []
2023-03-03 06:30:49.216~997554600 GaianResultSetMetaData ----------> ltColCount = 1, specialColCount (constant + hidden cols) = 0
2023-03-03 06:30:49.216~997605300 GaianResultSetMetaData ----------> Built Logical Table DVD template: [NULL]
2023-03-03 06:30:49.216~997916200 GaianResultSetMetaData ----------> Creating columns meta data using physical cols: [FNAME VARCHAR(128), MODIFIED BIGINT, SIZE BIGINT, CHECKSUM CHAR(20) FOR BIT DATA], special cols: []
2023-03-03 06:30:49.216~998087300 GaianResultSetMetaData ----------> Building row template from special columns: []
2023-03-03 06:30:49.217~998135000 GaianResultSetMetaData ----------> ltColCount = 4, specialColCount (constant + hidden cols) = 0
2023-03-03 06:30:49.217~998190800 GaianResultSetMetaData ----------> Built Logical Table DVD template: [NULL, NULL, NULL, NULL]
2023-03-03 06:30:49.502~284320400 GaianTable -------> GDB_LTNULL queryID=cspc201:1677825049182:8 steps=0 Entering GaianTable.close()
2023-03-03 06:30:49.503~284441100 GaianTable -------> GDB_LTNULL queryID=cspc201:1677825049182:8 steps=0 Entered clearResultAndInMemoryCache(), gaianResult isNull? true
2023-03-03 06:30:49.516~298643800 GaianDBProcedureUtils -> ******* 
========================================================================================================================================================================

2023-03-03 06:30:49.516 ---------------> API call: listNet('')

2023-03-03 06:30:49.616~398298500 GaianTable -------> GDB_LTNULL queryID=cspc201:1677825049203:12 steps=0 Entering GaianTable.close()
2023-03-03 06:30:49.617~398412800 GaianTable -------> GDB_LTNULL queryID=cspc201:1677825049203:12 steps=0 Entered clearResultAndInMemoryCache(), gaianResult isNull? true
2023-03-03 06:30:49.618~399366300 GaianTable -------> GDB_LTNULL queryID=null steps=-1 GaianTable() Constructor:
========================================================================================================================================================================
New GaianTable VTI Call, table = GDB_LTNULL, explain = true, withProvenance = true
2023-03-03 06:30:49.618~399473900 GaianTable -------> GDB_LTNULL queryID=null steps=-1 Projected Columns: [4, 5, 6]
2023-03-03 06:30:49.618~399631700 GaianTable -------> GDB_LTNULL queryID=null steps=-1 Qualifiers: C6>0
2023-03-03 06:30:49.618~399715600 GaianTable -------> GDB_LTNULL queryID=null steps=-1 Original SQL is not a JOIN and has one FROM and WHERE token and no positional parms, EXTRACTED PREDICATES: gdbx_depth > 0, table alias: T
2023-03-03 06:30:49.618~399751400 GaianTable -------> GDB_LTNULL queryID=null steps=-1 Entered clearResultAndInMemoryCache(), gaianResult isNull? true
2023-03-03 06:30:49.618~399776500 GaianTable -------> GDB_LTNULL queryID=null steps=-1 Initialising query: Getting table def and data sources
2023-03-03 06:30:49.618~399819200 GaianTable -------> GDB_LTNULL queryID=null steps=-1 Explain option with elements: [explainds]
2023-03-03 06:30:49.618~399849100 GaianTable -------> GDB_LTNULL queryID=null steps=-1 Resolving logical table
2023-03-03 06:30:49.618~399973400 GaianTable -------> GDB_LTNULL queryID=null steps=-1 Establishing logical table definition and set of data sources
2023-03-03 06:30:49.618~400021600 GaianTable -------> GDB_LTNULL queryID=null steps=-1 Retrieved node definitions: []
2023-03-03 06:30:49.618~400067900 GaianTable -------> GDB_LTNULL queryID=null steps=-1 MetaData for rows passed to Derby: [CNULL CHAR(1), GDB_NODE VARCHAR(20), GDB_LEAF VARCHAR(50), GDBX_FROM_NODE VARCHAR(20), GDBX_TO_NODE VARCHAR(20), GDBX_DEPTH INT, GDBX_PRECEDENCE CHAR, GDBX_COUNT BIGINT]
2023-03-03 06:30:49.618~400096000 GaianTable -------> GDB_LTNULL queryID=null steps=-1 Creating a new queryID, and associated propagationCount=0 for this Query
2023-03-03 06:30:49.618~400139100 GaianTable -------> ******* GDB_LTNULL queryID=cspc201:1677825049618:13 steps=0 executeFastPathQuery():
========================================================================================================================================================================

2023-03-03 06:30:49.618 -------> NEW INCOMING SQL QUERY: SELECT gdbx_from_node source, gdbx_to_node target    FROM new com.ibm.db2j.GaianTable('gdb_ltnull', 'explainds') T WHERE gdbx_depth > 0


2023-03-03 06:30:49.618~400291800 GaianTable -------> GDB_LTNULL queryID=cspc201:1677825049618:13 steps=0 No nodes to execute query on after initialisation, returning empty ResultSet
2023-03-03 06:30:49.619~400402000 GaianTable -------> GDB_LTNULL queryID=cspc201:1677825049618:13 steps=0 Setting explain row: <SQL QUERY>, cspc201, 0, F, 0
2023-03-03 06:30:49.620~401878400 GaianTable -------> GDB_LTNULL queryID=cspc201:1677825049199:11 steps=0 Entering GaianTable.close()
2023-03-03 06:30:49.620~401966300 GaianTable -------> GDB_LTNULL queryID=cspc201:1677825049199:11 steps=0 Entered clearResultAndInMemoryCache(), gaianResult isNull? true
2023-03-03 06:30:49.721~503265100 GaianTable -------> GDB_LTNULL queryID=cspc201:1677825049195:10 steps=0 Entering GaianTable.close()
2023-03-03 06:30:49.722~503360600 GaianTable -------> GDB_LTNULL queryID=cspc201:1677825049195:10 steps=0 Entered clearResultAndInMemoryCache(), gaianResult isNull? true
2023-03-03 06:30:49.725~507578000 GaianDBProcedureUtils -> ******* 
========================================================================================================================================================================

2023-03-03 06:30:49.725 ---------------> API call: setconfigproperty('DISCOVERY_IP', '')

2023-03-03 06:30:49.729~510999300 GaianDBConfig ------------------------> Reloading config after auto-update...
2023-03-03 06:30:49.729~511468800 DataSourcesManager ---------> Checking Logical Tables: []
2023-03-03 06:30:49.729~511514200 DataSourcesManager ---------> Number of updated/reloaded Logical Tables (incl dependencies): 0/0, skipped: 4
2023-03-03 06:30:49.729~511624800 DataSourcesManager ---------> DRDAConnThread_2: refreshLogicalTables.. cleanup requested for oldDataSources: [DERBY_TABLES_DS0, GDB_LTLOG_DS0]
2023-03-03 06:30:50.749~531168100 GaianTable -------> GDB_LTNULL queryID=cspc201:1677825049187:9 steps=0 Entering GaianTable.close()
2023-03-03 06:30:50.749~531275500 GaianTable -------> GDB_LTNULL queryID=cspc201:1677825049187:9 steps=0 Entered clearResultAndInMemoryCache(), gaianResult isNull? true
2023-03-03 06:30:50.750~532284800 GaianTable -------> GDB_LTNULL queryID=null steps=-1 GaianTable() Constructor:
========================================================================================================================================================================
New GaianTable VTI Call, table = GDB_LTNULL, explain = true, withProvenance = true
2023-03-03 06:30:50.750~532399900 GaianTable -------> GDB_LTNULL queryID=null steps=-1 Projected Columns: [4, 5, 6]
2023-03-03 06:30:50.750~532515300 GaianTable -------> GDB_LTNULL queryID=null steps=-1 Qualifiers: C6>0
2023-03-03 06:30:50.750~532582100 GaianTable -------> GDB_LTNULL queryID=null steps=-1 Original SQL is not a JOIN and has one FROM and WHERE token and no positional parms, EXTRACTED PREDICATES: gdbx_depth > 0, table alias: T
2023-03-03 06:30:50.750~532609800 GaianTable -------> GDB_LTNULL queryID=null steps=-1 Entered clearResultAndInMemoryCache(), gaianResult isNull? true
2023-03-03 06:30:50.750~532632900 GaianTable -------> GDB_LTNULL queryID=null steps=-1 Initialising query: Getting table def and data sources
2023-03-03 06:30:50.750~532665400 GaianTable -------> GDB_LTNULL queryID=null steps=-1 Explain option with elements: [explainds]
2023-03-03 06:30:50.750~532688500 GaianTable -------> GDB_LTNULL queryID=null steps=-1 Resolving logical table
2023-03-03 06:30:50.750~532845000 GaianTable -------> GDB_LTNULL queryID=null steps=-1 Establishing logical table definition and set of data sources
2023-03-03 06:30:50.750~532903600 GaianTable -------> GDB_LTNULL queryID=null steps=-1 Retrieved node definitions: []
2023-03-03 06:30:50.750~532943800 GaianTable -------> GDB_LTNULL queryID=null steps=-1 MetaData for rows passed to Derby: [CNULL CHAR(1), GDB_NODE VARCHAR(20), GDB_LEAF VARCHAR(50), GDBX_FROM_NODE VARCHAR(20), GDBX_TO_NODE VARCHAR(20), GDBX_DEPTH INT, GDBX_PRECEDENCE CHAR, GDBX_COUNT BIGINT]
2023-03-03 06:30:50.750~532976000 GaianTable -------> GDB_LTNULL queryID=null steps=-1 Creating a new queryID, and associated propagationCount=0 for this Query
2023-03-03 06:30:50.751~533057100 GaianTable -------> ******* GDB_LTNULL queryID=cspc201:1677825050751:14 steps=0 executeFastPathQuery():
========================================================================================================================================================================

2023-03-03 06:30:50.751 -------> NEW INCOMING SQL QUERY: SELECT gdbx_from_node source, gdbx_to_node target    FROM new com.ibm.db2j.GaianTable('gdb_ltnull', 'explainds') T WHERE gdbx_depth > 0


2023-03-03 06:30:50.751~533089000 GaianTable -------> GDB_LTNULL queryID=cspc201:1677825050751:14 steps=0 No nodes to execute query on after initialisation, returning empty ResultSet
2023-03-03 06:30:50.751~533215000 GaianTable -------> GDB_LTNULL queryID=cspc201:1677825050751:14 steps=0 Setting explain row: <SQL QUERY>, cspc201, 0, F, 0
2023-03-03 06:30:50.751~533871600 GaianDBProcedureUtils -> ******* 
========================================================================================================================================================================

2023-03-03 06:30:50.751 ---------------> API call: listNet('')

2023-03-03 06:30:52.064~846202500 VTIWrapper ----------------------> GaianNode Watchdog: DERBY_TABLES_DS0 Clearing indexes, count 0
2023-03-03 06:30:52.064~846315800 VTIWrapper ----------------------> GaianNode Watchdog: GDB_LTLOG_DS0 Clearing indexes, count 0
2023-03-03 06:31:08.257~39679400 GaianTable -------> GDB_LTNULL queryID=cspc201:1677825049141:2 steps=0 Entering GaianTable.close()
2023-03-03 06:31:08.258~39868900 GaianTable -------> GDB_LTNULL queryID=cspc201:1677825049141:2 steps=0 Entered clearResultAndInMemoryCache(), gaianResult isNull? true
2023-03-03 06:31:08.268~49376300 GaianTable -------> LT0 queryID=null steps=-1 GaianTable() Constructor:
========================================================================================================================================================================
New GaianTable VTI Call, table = LT0, explain = false, withProvenance = false
2023-03-03 06:31:08.268~49463300 GaianTable -------> LT0 queryID=null steps=-1 Resolving logical table
2023-03-03 06:31:08.268~49579200 GaianTable -------> LT0 queryID=null steps=-1 Establishing logical table definition and set of data sources
2023-03-03 06:31:08.268~49645800 GaianTable -------> LT0 queryID=null steps=-1 Got new meta data for LT def, numCols: 3, numExposedCols: 3
2023-03-03 06:31:08.268~49696800 GaianTable -------> LT0 queryID=null steps=-1 MetaData to be returned to Derby: [LOCATION VARCHAR(30), MISC VARCHAR(30), NUMBER INTEGER]
2023-03-03 06:31:08.273~55340300 GaianTable -------> LT0 queryID=null steps=-1 Entered getEstimatedCostPerInstantiation(), returning 100.0
2023-03-03 06:31:08.274~55548300 GaianTable -------> LT0 queryID=null steps=-1 Entered getEstimatedRowCount(), returning 1.0
2023-03-03 06:31:08.274~55665500 GaianTable -------> LT0 queryID=null steps=-1 Entered supportsMultipleInstantiations(), returning true
2023-03-03 06:31:08.274~55755300 GaianTable -------> LT0 queryID=null steps=-1 Entering GaianTable.close()
2023-03-03 06:31:08.274~55842300 GaianTable -------> LT0 queryID=null steps=-1 Entered clearResultAndInMemoryCache(), gaianResult isNull? true
2023-03-03 06:31:08.278~60431800 GaianTable -------> LT0 queryID=null steps=-1 GaianTable() Constructor:
========================================================================================================================================================================
New GaianTable VTI Call, table = LT0, explain = false, withProvenance = false
2023-03-03 06:31:08.279~60904900 GaianTable -------> LT0 queryID=null steps=-1 Qualifiers: 
2023-03-03 06:31:08.279~61049800 GaianTable -------> LT0 queryID=null steps=-1 Original SQL detected not to have a single FROM and WHERE token - no shallow parsed predicates will be pushed to other nodes
2023-03-03 06:31:08.279~61153600 GaianTable -------> LT0 queryID=null steps=-1 Entered clearResultAndInMemoryCache(), gaianResult isNull? true
2023-03-03 06:31:08.279~61217600 GaianTable -------> LT0 queryID=null steps=-1 Initialising query: Getting table def and data sources
2023-03-03 06:31:08.279~61280500 GaianTable -------> LT0 queryID=null steps=-1 Resolving logical table
2023-03-03 06:31:08.279~61522300 GaianTable -------> LT0 queryID=null steps=-1 Establishing logical table definition and set of data sources
2023-03-03 06:31:08.279~61626400 GaianTable -------> LT0 queryID=null steps=-1 Retrieved node definitions: [null]
2023-03-03 06:31:08.279~61683300 GaianTable -------> LT0 queryID=null steps=-1 MetaData for rows passed to Derby: [LOCATION VARCHAR(30), MISC VARCHAR(30), NUMBER INTEGER]
2023-03-03 06:31:08.279~61734800 GaianTable -------> LT0 queryID=null steps=-1 Creating a new queryID, and associated propagationCount=0 for this Query
2023-03-03 06:31:08.279~61819800 GaianTable -------> ******* LT0 queryID=cspc201:1677825068279:15 steps=0 executeFastPathQuery():
========================================================================================================================================================================

2023-03-03 06:31:08.279 -------> NEW INCOMING SQL QUERY: select * from lt0


2023-03-03 06:31:08.280~62072100 Logger -----------> findDocumentation() unable to locate javadoc due to unresolved install path - path prefix will be masked
2023-03-03 06:31:08.280~62231500 GaianTable -------> WARNING:

2023-03-03 06:31:08.280 ********** GDB_WARNING: ENGINE_PRUNING_INDEXES: Pruning 1 data sources of logical table LT0 as they failed to load properly (see earlier logs)

2023-03-03 06:31:08.280 Documentation: <GaianDBDocumentationDirectory>/javadoc-errors/com/ibm/gaiandb/diags/GDBMessages.html#ENGINE_PRUNING_INDEXES


2023-03-03 06:31:08.280~62294600 GaianTable -------> LT0 queryID=cspc201:1677825068279:15 steps=0 No nodes to execute query on after initialisation, returning empty ResultSet
2023-03-03 06:31:27.674~455749000 GaianTable -------> GDB_LTNULL queryID=cspc201:1677825050751:14 steps=0 Entering GaianTable.close()
2023-03-03 06:31:27.674~455855600 GaianTable -------> GDB_LTNULL queryID=cspc201:1677825050751:14 steps=0 Entered clearResultAndInMemoryCache(), gaianResult isNull? true
2023-03-03 06:31:27.675~456285300 GaianTable -------> GDB_LTNULL queryID=cspc201:1677825049123:1 steps=0 Entering GaianTable.close()
2023-03-03 06:31:27.675~456407200 GaianTable -------> GDB_LTNULL queryID=cspc201:1677825049123:1 steps=0 Entered clearResultAndInMemoryCache(), gaianResult isNull? true
2023-03-03 06:31:27.675~456601000 GaianTable -------> LT0 queryID=cspc201:1677825068279:15 steps=0 Entering GaianTable.close()
2023-03-03 06:31:27.675~456730400 GaianTable -------> LT0 queryID=cspc201:1677825068279:15 steps=0 Entered clearResultAndInMemoryCache(), gaianResult isNull? true
2023-03-03 06:31:27.675~456944000 GaianTable -------> GDB_LTNULL queryID=cspc201:1677825049618:13 steps=0 Entering GaianTable.close()
2023-03-03 06:31:27.675~457004000 GaianTable -------> GDB_LTNULL queryID=cspc201:1677825049618:13 steps=0 Entered clearResultAndInMemoryCache(), gaianResult isNull? true
