2023-07-18 13:55:21.498~263846600 GaianNode -------------> isInitDataUpToDate = true = GAIANDB_JAR_MD5 Unknown = gdbJarMD5_previous Unknown && gdbDbTimestampAtStartup 1689684565145 > gdbJarFile.lastModified() 1689681813025
GaianDB Custom Version: Reza Moosaei 2023_03_29_34
java version "1.8.0_362"
IBM Semeru Runtime Open Edition (build 1.8.0_362-b09)
Eclipse OpenJ9 VM (build openj9-0.36.0, JRE 1.8.0 Windows 11 amd64-64-Bit Compressed References 20230207_599 (JIT enabled, AOT enabled)
OpenJ9   - e68fb241f
OMR      - f491bbf6f
JCL      - eebde685ec based on jdk8u362-b09)

GaianDB V2.1.8 - JAR sizes: [0, 0], timestamps: [2023/07/18-13:03:33, 2023/07/18-13:03:33]

Features Summary: Federated access to JDBC RDBMS tables and CSV Flat files using a logical table abstraction layer;
A stored procedures management API, e.g. to set and view all logical tables and data sources in the network;
SQL Prepared Statement caching; Connection Pooling; Buffered and batched multi-threaded record fetching;
Explain queries to show a query's route and row counts on node; Constant Column definitions for contextual annotations of logical tables;
Discovery of other Gaian Nodes when 'MIN_DISCOVERED_CONNECTIONS' is set, with preferential attachment to highly connected nodes;
Autonomic maintenance of 2-way connections, or re-discovery initiation upon loss of connections;
Automated dynamic management of SQL VIEWS for logical tables and their derivative definitions containing provenance columns or explain columns;
A Policy plugin interface to manipulate the incoming SQL queries or filter returned records;
Flexible GaianDB node discovery using config variable 'DISCOVERY_IP' to specify a broadcast mask or multicast group address;
New configuration parameters defining permitted hosts, denied hosts and cluster IDs to restrict connectivity between nodes;
Connectivity resilience to variable network latency using property 'GAIAN_CONNECTIONS_CHECKER_HEARTBEAT_MS';
MQTT listener & Message Storer; Command line processor; Logging levels; In Memory Tables and Indexing;
Ability to also access an Omnifind text index using com.ibm.db2j.ICAREST('<search_string>');
Excel Spreadsheet Data Source Type; 'Pass-through' SQL capability for insert/update/delete/call; Discovery Gateways for discovery across networks;
Advanced API calls: listnodes(), listflood(), addgateway();
Access control to allow/disallow SQL API configuration and propagated writes;
Basic security: User authentication and low-level automatic scrambling of passwords in the config file;
Detection and cancellation of hanging queries (not mistaken for long-running queries);
Pass-through sub-queries using 'GaianQuery': define exposed data sources on each node which the query will be executed against;
Performance metrics; Provenance columns: GAIAN_NODE, GAIAN_LEAF (queryable using option: 'with_provenance')

PROCESS ID:		18668

NODE ID:		cspc201

WORKING DIRECTORY:	C:\Users\dcsuser\Desktop\New-Solid\Meeting\Week 37\ESPRESSO\GaianDB\Gaian_Maven\installConfig
BYTECODE PATH:		C:\Users\dcsuser\Desktop\New-Solid\Meeting\Week 37\ESPRESSO\GaianDB\Gaian_Maven\target\classes
WORKSPACE:		C:\Users\dcsuser\Desktop\New-Solid\Meeting\Week 37\ESPRESSO\GaianDB\Gaian_Maven\installConfig

PHYSICAL DATABASE:	C:\Users\dcsuser\Desktop\New-Solid\Meeting\Week 37\ESPRESSO\GaianDB\Gaian_Maven\installConfig\gaiandb
LOG FILE:		C:\Users\dcsuser\Desktop\New-Solid\Meeting\Week 37\ESPRESSO\GaianDB\Gaian_Maven\installConfig\gaiandb.log
CONFIG FILE:		C:\Users\dcsuser\Desktop\New-Solid\Meeting\Week 37\ESPRESSO\GaianDB\Gaian_Maven\installConfig\gaiandb_config.properties

DERBY SERVER PORT:	6414
PROVENANCE HOST(S):	0.0.0.0

Network Interfaces: 
lo: Software Loopback Interface 1 /127.0.0.1, /0:0:0:0:0:0:0:1, Address: /127.0.0.1 -> Broadcast: /127.255.255.255, Address: /0:0:0:0:0:0:0:1 -> Broadcast: null
net0: Microsoft 6to4 Adapter 
eth0: WAN Miniport (Network Monitor) 
wlan0: Intel(R) Wi-Fi 6 AX201 160MHz /192.168.1.102, /2a01:4b00:8468:5a00:7e74:3e17:daa3:9fac, /fd00:0:0:0:2243:5b77:42be:4369, /2a01:4b00:8468:5a00:a828:6b5:342c:ad4d, /fd00:0:0:0:a828:6b5:342c:ad4d, /fe80:0:0:0:e9b0:ef47:bcef:3e83%wlan0, Address: /192.168.1.102 -> Broadcast: /192.168.1.255, Address: /2a01:4b00:8468:5a00:7e74:3e17:daa3:9fac -> Broadcast: null, Address: /fd00:0:0:0:2243:5b77:42be:4369 -> Broadcast: null, Address: /2a01:4b00:8468:5a00:a828:6b5:342c:ad4d -> Broadcast: null, Address: /fd00:0:0:0:a828:6b5:342c:ad4d -> Broadcast: null, Address: /fe80:0:0:0:e9b0:ef47:bcef:3e83%wlan0 -> Broadcast: null
net1: Microsoft IP-HTTPS Platform Adapter 
net2: WAN Miniport (IKEv2) 
eth1: Microsoft Kernel Debug Network Adapter 
eth2: Realtek USB GbE Family Controller 
eth3: Bluetooth Device (Personal Area Network) /fe80:0:0:0:4fb4:85b3:cd15:9bc3%eth3, Address: /fe80:0:0:0:4fb4:85b3:cd15:9bc3%eth3 -> Broadcast: null
net3: WAN Miniport (L2TP) 
eth4: PANGP Virtual Ethernet Adapter /192.168.45.26, Address: /192.168.45.26 -> Broadcast: /192.168.45.26
net4: Microsoft Teredo Tunneling Adapter 
eth5: WAN Miniport (IP) 
eth6: WAN Miniport (IPv6) 
wlan1: Microsoft Wi-Fi Direct Virtual Adapter /fe80:0:0:0:f382:ad32:1b3:d2de%wlan1, Address: /fe80:0:0:0:f382:ad32:1b3:d2de%wlan1 -> Broadcast: null
net5: WAN Miniport (PPTP) 
net6: WAN Miniport (SSTP) 
ppp0: WAN Miniport (PPPOE) 
wlan2: Microsoft Wi-Fi Direct Virtual Adapter #2 /fe80:0:0:0:6492:15d8:fae7:a385%wlan2, Address: /fe80:0:0:0:6492:15d8:fae7:a385%wlan2 -> Broadcast: null
eth7: Bluetooth Device (Personal Area Network)-Npcap Packet Driver (NPCAP)-0000 
wlan3: Intel(R) Wi-Fi 6 AX201 160MHz-WFP Native MAC Layer LightWeight Filter-0000 
wlan4: Intel(R) Wi-Fi 6 AX201 160MHz-Virtual WiFi Filter Driver-0000 
wlan5: Intel(R) Wi-Fi 6 AX201 160MHz-Native WiFi Filter Driver-0000 
wlan6: Intel(R) Wi-Fi 6 AX201 160MHz-Npcap Packet Driver (NPCAP)-0000 
wlan7: Intel(R) Wi-Fi 6 AX201 160MHz-QoS Packet Scheduler-0000 
wlan8: Intel(R) Wi-Fi 6 AX201 160MHz-WFP 802.3 MAC Layer LightWeight Filter-0000 
wlan9: Microsoft Wi-Fi Direct Virtual Adapter-WFP Native MAC Layer LightWeight Filter-0000 
wlan10: Microsoft Wi-Fi Direct Virtual Adapter-Native WiFi Filter Driver-0000 
wlan11: Microsoft Wi-Fi Direct Virtual Adapter-Npcap Packet Driver (NPCAP)-0000 
wlan12: Microsoft Wi-Fi Direct Virtual Adapter-QoS Packet Scheduler-0000 
wlan13: Microsoft Wi-Fi Direct Virtual Adapter-WFP 802.3 MAC Layer LightWeight Filter-0000 
wlan14: Microsoft Wi-Fi Direct Virtual Adapter #2-WFP Native MAC Layer LightWeight Filter-0000 
wlan15: Microsoft Wi-Fi Direct Virtual Adapter #2-Native WiFi Filter Driver-0000 
wlan16: Microsoft Wi-Fi Direct Virtual Adapter #2-Npcap Packet Driver (NPCAP)-0000 
wlan17: Microsoft Wi-Fi Direct Virtual Adapter #2-QoS Packet Scheduler-0000 
wlan18: Microsoft Wi-Fi Direct Virtual Adapter #2-WFP 802.3 MAC Layer LightWeight Filter-0000 
eth8: WAN Miniport (IP)-WFP Native MAC Layer LightWeight Filter-0000 
eth9: WAN Miniport (IP)-Npcap Packet Driver (NPCAP)-0000 
eth10: WAN Miniport (IP)-QoS Packet Scheduler-0000 
eth11: WAN Miniport (IPv6)-WFP Native MAC Layer LightWeight Filter-0000 
eth12: WAN Miniport (IPv6)-Npcap Packet Driver (NPCAP)-0000 
eth13: WAN Miniport (IPv6)-QoS Packet Scheduler-0000 
eth14: WAN Miniport (Network Monitor)-WFP Native MAC Layer LightWeight Filter-0000 
eth15: WAN Miniport (Network Monitor)-Npcap Packet Driver (NPCAP)-0000 
eth16: WAN Miniport (Network Monitor)-QoS Packet Scheduler-0000 
eth17: PANGP Virtual Ethernet Adapter-WFP Native MAC Layer LightWeight Filter-0000 
eth18: PANGP Virtual Ethernet Adapter-Npcap Packet Driver (NPCAP)-0000 
eth19: PANGP Virtual Ethernet Adapter-QoS Packet Scheduler-0000 
eth20: PANGP Virtual Ethernet Adapter-WFP 802.3 MAC Layer LightWeight Filter-0000 

Hostname: cspc201
Java localhost ip: 192.168.1.102
Local address designating initial default interface for multicast: 192.168.1.102


2023-07-18 13:55:21.997~763546300 GaianNode -------------> Initialising GaianNode...
2023-07-18 13:55:21.997~763690900 GaianNode -------------> GAIANDB.jar library has not been changed (and db folder is more recent), so initialisation data (e.g. stored procs/funcs) is expected to be already loaded
2023-07-18 13:55:21.998~763943700 GaianNode -------------> Node details: cspc201 gaiandb <password>
2023-07-18 13:55:21.998~764221200 GaianNode -------------> Autonomic Discovery: Maintained connections sought through discovery: MIN_DISCOVERED_CONNECTIONS = 2
2023-07-18 13:55:21.998~764321800 GaianNode -------------> Autonomic Discovery: DISCOVERY_IP = <Default=230.255.255.255>
2023-07-18 13:55:21.998~764406300 GaianNode -------------> Autonomic Discovery: DISCOVERY_GATEWAYS = <Default=No gateways to other networks>
2023-07-18 13:55:21.998~764493400 GaianNode -------------> Autonomic Discovery: MULTICAST_INTERFACES = ALL
2023-07-18 13:55:21.998~764572300 GaianNode -------------> Connectivity: ACCESS_CLUSTERS = <Default=Connect to nodes which are not cluster members>
2023-07-18 13:55:21.998~764656500 GaianNode -------------> Connectivity: ACCESS_HOSTS_PERMITTED = <Default=Accept further connections from any host outside the defined clusters>
2023-07-18 13:55:21.998~764738700 GaianNode -------------> Connectivity: ACCESS_HOSTS_DENIED = <Default=Do not deny connections from any host in or outside the defined clusters>
2023-07-18 13:55:21.999~764853700 GaianNode -------------> Log level set to: MORE
2023-07-18 13:55:22.003~768685400 GaianDBConfig ------------------------> Reloading config after auto-update...
2023-07-18 13:55:22.017~783609700 DataSourcesManager ---------> Checking Logical Tables: [LTSOLID, GDB_LTNULL, LT0, GDB_LTLOG, DERBY_TABLES]
2023-07-18 13:55:22.018~784401100 DataSourcesManager ---------> Signatures differ for LT: LTSOLID, *** OLD: null; *** NEW: {LTSOLID_DS0_ARGS=<GAIAN_WORKSPACE>/csvtestfiles/solid.csv, LTSOLID_DS0_VTI=com.ibm.db2j.FileImport, NODE_CONSTANTS=null, LTSOLID_CONSTANTS=, LTSOLID_DEF=Search Parameters VARCHAR(255), Document URL VARCHAR(255), RELEVANCE VARCHAR(3), LTSOLID_DS0_OPTIONS=MAP_COLUMNS_BY_POSITION}
2023-07-18 13:55:22.019~784699900 DataSourcesManager ---------> ******* Re-loading Logical Table: LTSOLID
2023-07-18 13:55:22.019~784932900 DataSourcesManager ---------> Logical Table definition changed for: LTSOLID, ltNewDef = SEARCH PARAMETERS VARCHAR(255), DOCUMENT URL VARCHAR(255), RELEVANCE VARCHAR(3); Constant Cols: null
2023-07-18 13:55:22.023~789116100 GaianResultSetMetaData ----------> Creating columns meta data using physical cols: [SEARCH PARAMETERS VARCHAR(255), DOCUMENT URL VARCHAR(255), RELEVANCE VARCHAR(3)], special cols: [GDB_NODE VARCHAR(20), GDB_LEAF VARCHAR(50), GDBX_FROM_NODE VARCHAR(20), GDBX_TO_NODE VARCHAR(20), GDBX_DEPTH INT, GDBX_PRECEDENCE CHAR, GDBX_COUNT BIGINT]
2023-07-18 13:55:22.025~791610300 Logger -----------> findDocumentation() unable to locate javadoc due to unresolved install path - path prefix will be masked
2023-07-18 13:55:22.025~791854100 Util -------------> WARNING:

2023-07-18 13:55:22.025 ********** GDB_WARNING: NODE_UNRESOLVED_INSTALL_PATH (10th repetition): GaianDB was unable to resolve install path: java.lang.Exception: Cannot find '/lib/' or '/build/' or '/bin' in bytecode path: /C:/Users/dcsuser/Desktop/New-Solid/Meeting/Week 37/ESPRESSO/GaianDB/Gaian_Maven/target/classes/

2023-07-18 13:55:22.025 Documentation: <GaianDBDocumentationDirectory>/javadoc-errors/com/ibm/gaiandb/diags/GDBMessages.html#NODE_UNRESOLVED_INSTALL_PATH


2023-07-18 13:55:22.026~791961800 Logger -----------> findDocumentation() unable to locate javadoc due to unresolved install path - path prefix will be masked
2023-07-18 13:55:22.026~792144800 Util -------------> WARNING:

2023-07-18 13:55:22.026 ********** GDB_WARNING: NODE_UNRESOLVED_INSTALL_PATH: GaianDB was unable to resolve install path: java.lang.Exception: Cannot find '/lib/' or '/build/' or '/bin' in bytecode path: /C:/Users/dcsuser/Desktop/New-Solid/Meeting/Week 37/ESPRESSO/GaianDB/Gaian_Maven/target/classes/

2023-07-18 13:55:22.026 Documentation: <GaianDBDocumentationDirectory>/javadoc-errors/com/ibm/gaiandb/diags/GDBMessages.html#NODE_UNRESOLVED_INSTALL_PATH


2023-07-18 13:55:22.026~792243200 Logger -----------> findDocumentation() unable to locate javadoc due to unresolved install path - path prefix will be masked
2023-07-18 13:55:22.026~792406800 Util -------------> WARNING:

2023-07-18 13:55:22.026 ********** GDB_WARNING: NODE_UNRESOLVED_INSTALL_PATH: GaianDB was unable to resolve install path: java.lang.Exception: Cannot find '/lib/' or '/build/' or '/bin' in bytecode path: /C:/Users/dcsuser/Desktop/New-Solid/Meeting/Week 37/ESPRESSO/GaianDB/Gaian_Maven/target/classes/

2023-07-18 13:55:22.026 Documentation: <GaianDBDocumentationDirectory>/javadoc-errors/com/ibm/gaiandb/diags/GDBMessages.html#NODE_UNRESOLVED_INSTALL_PATH


2023-07-18 13:55:22.026~792507400 Logger -----------> findDocumentation() unable to locate javadoc due to unresolved install path - path prefix will be masked
2023-07-18 13:55:22.026~792681500 Util -------------> WARNING:

2023-07-18 13:55:22.026 ********** GDB_WARNING: NODE_UNRESOLVED_INSTALL_PATH: GaianDB was unable to resolve install path: java.lang.Exception: Cannot find '/lib/' or '/build/' or '/bin' in bytecode path: /C:/Users/dcsuser/Desktop/New-Solid/Meeting/Week 37/ESPRESSO/GaianDB/Gaian_Maven/target/classes/

2023-07-18 13:55:22.026 Documentation: <GaianDBDocumentationDirectory>/javadoc-errors/com/ibm/gaiandb/diags/GDBMessages.html#NODE_UNRESOLVED_INSTALL_PATH


2023-07-18 13:55:22.026~792791100 Logger -----------> findDocumentation() unable to locate javadoc due to unresolved install path - path prefix will be masked
2023-07-18 13:55:22.026~792934200 Util -------------> WARNING:

2023-07-18 13:55:22.026 ********** GDB_WARNING: NODE_UNRESOLVED_INSTALL_PATH: GaianDB was unable to resolve install path: java.lang.Exception: Cannot find '/lib/' or '/build/' or '/bin' in bytecode path: /C:/Users/dcsuser/Desktop/New-Solid/Meeting/Week 37/ESPRESSO/GaianDB/Gaian_Maven/target/classes/

2023-07-18 13:55:22.026 Documentation: <GaianDBDocumentationDirectory>/javadoc-errors/com/ibm/gaiandb/diags/GDBMessages.html#NODE_UNRESOLVED_INSTALL_PATH


2023-07-18 13:55:22.027~793015400 Logger -----------> findDocumentation() unable to locate javadoc due to unresolved install path - path prefix will be masked
2023-07-18 13:55:22.027~793154600 Util -------------> WARNING:

2023-07-18 13:55:22.027 ********** GDB_WARNING: NODE_UNRESOLVED_INSTALL_PATH: GaianDB was unable to resolve install path: java.lang.Exception: Cannot find '/lib/' or '/build/' or '/bin' in bytecode path: /C:/Users/dcsuser/Desktop/New-Solid/Meeting/Week 37/ESPRESSO/GaianDB/Gaian_Maven/target/classes/

2023-07-18 13:55:22.027 Documentation: <GaianDBDocumentationDirectory>/javadoc-errors/com/ibm/gaiandb/diags/GDBMessages.html#NODE_UNRESOLVED_INSTALL_PATH


2023-07-18 13:55:22.027~793238300 Logger -----------> findDocumentation() unable to locate javadoc due to unresolved install path - path prefix will be masked
2023-07-18 13:55:22.027~793369300 DataSourcesManager ---------> WARNING:

2023-07-18 13:55:22.027 ********** GDB_WARNING: ENGINE_LT_META_DATA_LOAD_ERROR: LTSOLID Could not load table meta data so cannot reload table, cause: java.lang.Exception: Invalid type definition syntax for column 'SEARCH': PARAMETERS

2023-07-18 13:55:22.027 Documentation: <GaianDBDocumentationDirectory>/javadoc-errors/com/ibm/gaiandb/diags/GDBMessages.html#ENGINE_LT_META_DATA_LOAD_ERROR


2023-07-18 13:55:22.027~793834800 DataSourcesManager ---------> Signatures differ for LT: GDB_LTNULL, *** OLD: null; *** NEW: {NODE_CONSTANTS=null, GDB_LTNULL_DEF=CNULL CHAR(1)}
2023-07-18 13:55:22.027~793921700 DataSourcesManager ---------> ******* Re-loading Logical Table: GDB_LTNULL
2023-07-18 13:55:22.028~794092800 DataSourcesManager ---------> Logical Table definition changed for: GDB_LTNULL, ltNewDef = CNULL CHAR(1); Constant Cols: 
2023-07-18 13:55:22.028~794593700 GaianResultSetMetaData ----------> Creating columns meta data using physical cols: [CNULL CHAR(1)], special cols: [GDB_NODE VARCHAR(20), GDB_LEAF VARCHAR(50), GDBX_FROM_NODE VARCHAR(20), GDBX_TO_NODE VARCHAR(20), GDBX_DEPTH INT, GDBX_PRECEDENCE CHAR, GDBX_COUNT BIGINT]
2023-07-18 13:55:22.029~795406200 GaianResultSetMetaData ----------> Building row template from special columns: [GDB_NODE VARCHAR(20), GDB_LEAF VARCHAR(50), GDBX_FROM_NODE VARCHAR(20), GDBX_TO_NODE VARCHAR(20), GDBX_DEPTH INT, GDBX_PRECEDENCE CHAR, GDBX_COUNT BIGINT]
2023-07-18 13:55:22.029~795664400 GaianResultSetMetaData ----------> ltColCount = 8, specialColCount (constant + hidden cols) = 7
2023-07-18 13:55:22.036~801822200 GaianResultSetMetaData ----------> Built Logical Table DVD template: [NULL, cspc201, NULL, NULL, NULL, NULL, NULL, NULL]
2023-07-18 13:55:22.037~802591700 DataSourcesManager ---------> GDB_LTNULL logical table ResultSetMetaData: [CNULL, GDB_NODE, GDB_LEAF, GDBX_FROM_NODE, GDBX_TO_NODE, GDBX_DEPTH, GDBX_PRECEDENCE, GDBX_COUNT, GDB_QRYID, GDB_QRYSTEPS, GDB_CREDENTIALS]
2023-07-18 13:55:22.037~803027900 DataSourcesManager ---------> GDB_LTNULL loading global gaian connections: [], length 0
2023-07-18 13:55:22.037~803136000 DataSourcesManager ---------> GDB_LTNULL physical nodes to be loaded: None
2023-07-18 13:55:22.038~803501300 DataSourcesManager ---------> Signatures differ for LT: LT0, *** OLD: null; *** NEW: {LT0_DS0_OPTIONS=INMEMORY, NODE_CONSTANTS=null, LT0_DS0_C2=COLUMN3, LT0_DS0_C3=COLUMN1, LT0_DS0_VTI=com.ibm.db2j.FileImport, LT0_DS0_ARGS=<GAIAN_WORKSPACE>/csvtestfiles/datafile.dat, LT0_DS0_C1=COLUMN2, LT0_DEF=LOCATION VARCHAR(30), MISC VARCHAR(30), NUMBER INTEGER}
2023-07-18 13:55:22.038~803597200 DataSourcesManager ---------> ******* Re-loading Logical Table: LT0
2023-07-18 13:55:22.038~803727600 DataSourcesManager ---------> Logical Table definition changed for: LT0, ltNewDef = LOCATION VARCHAR(30), MISC VARCHAR(30), NUMBER INTEGER; Constant Cols: 
2023-07-18 13:55:22.038~804399200 GaianResultSetMetaData ----------> Creating columns meta data using physical cols: [LOCATION VARCHAR(30), MISC VARCHAR(30), NUMBER INTEGER], special cols: [GDB_NODE VARCHAR(20), GDB_LEAF VARCHAR(50), GDBX_FROM_NODE VARCHAR(20), GDBX_TO_NODE VARCHAR(20), GDBX_DEPTH INT, GDBX_PRECEDENCE CHAR, GDBX_COUNT BIGINT]
2023-07-18 13:55:22.039~805329400 GaianResultSetMetaData ----------> Building row template from special columns: [GDB_NODE VARCHAR(20), GDB_LEAF VARCHAR(50), GDBX_FROM_NODE VARCHAR(20), GDBX_TO_NODE VARCHAR(20), GDBX_DEPTH INT, GDBX_PRECEDENCE CHAR, GDBX_COUNT BIGINT]
2023-07-18 13:55:22.040~805453400 GaianResultSetMetaData ----------> ltColCount = 10, specialColCount (constant + hidden cols) = 7
2023-07-18 13:55:22.040~805812500 GaianResultSetMetaData ----------> Built Logical Table DVD template: [NULL, NULL, NULL, cspc201, NULL, NULL, NULL, NULL, NULL, NULL]
2023-07-18 13:55:22.040~806435000 DataSourcesManager ---------> LT0 logical table ResultSetMetaData: [LOCATION, MISC, NUMBER, GDB_NODE, GDB_LEAF, GDBX_FROM_NODE, GDBX_TO_NODE, GDBX_DEPTH, GDBX_PRECEDENCE, GDBX_COUNT, GDB_QRYID, GDB_QRYSTEPS, GDB_CREDENTIALS]
2023-07-18 13:55:22.041~806789000 DataSourcesManager ---------> LT0 loading global gaian connections: [], length 0
2023-07-18 13:55:22.041~806899300 DataSourcesManager ---------> LT0 physical nodes to be loaded: [LT0_DS0]
2023-07-18 13:55:22.048~813730800 DataSourcesManager ---------> LT0_DS0 is a VTIWrapper File Node, file name def = C:\Users\dcsuser\Desktop\New-Solid\Meeting\Week 37\ESPRESSO\GaianDB\Gaian_Maven\installConfig/csvtestfiles/datafile.dat
2023-07-18 13:55:22.048~814428600 VTIFile --------------------> LT0_DS0 Building new VTIWrapper File based on: C:\Users\dcsuser\Desktop\New-Solid\Meeting\Week 37\ESPRESSO\GaianDB\Gaian_Maven\installConfig/csvtestfiles/datafile.dat
2023-07-18 13:55:22.049~814915500 VTIWrapper ----------------------> LT0_DS0 Set physical column names to: [COLUMN2, COLUMN3, COLUMN1]
2023-07-18 13:55:22.049~815171600 VTIWrapper ----------------------> LT0_DS0 Loading rows in memory asynchronously (using physical source for queries meanwhile)
2023-07-18 13:55:22.050~815699200 VTIWrapper ----------------------> LT0_DS0 InMemLoader: Synchronizing on Re-init lock
2023-07-18 13:55:22.056~821722300 FileImport -----------------> Resolved controlfilePath: C:\Users\dcsuser\Desktop\New-Solid\Meeting\Week 37\ESPRESSO\GaianDB\Gaian_Maven\installConfig/csvtestfiles/datafile.dat.properties
2023-07-18 13:55:22.078~844451500 GaianResultSetMetaData ----------> Meta data column counts: physical cols: 8, special cols: 0
2023-07-18 13:55:22.078~844800900 GaianResultSetMetaData ----------> Building row template from special columns: []
2023-07-18 13:55:22.078~844912200 GaianResultSetMetaData ----------> ltColCount = 8, specialColCount (constant + hidden cols) = 0
2023-07-18 13:55:22.079~845056100 GaianResultSetMetaData ----------> Built Logical Table DVD template: [NULL, NULL, NULL, NULL, NULL, NULL, NULL, NULL]
2023-07-18 13:55:22.079~845712900 GaianResultSetMetaData ----------> Retrieved meta data for columns: [COLUMN1, COLUMN2, COLUMN3, COLUMN4, COLUMN5, COLUMN6, COLUMN7, COLUMN8]
2023-07-18 13:55:22.079~845882300 VTIFile --------------------> LT0_DS0 Created initial File handle for Stack Pool
2023-07-18 13:55:22.080~846219300 GaianResultSetMetaData ----------> Meta data column counts: physical cols: 8, special cols: 0
2023-07-18 13:55:22.080~846561600 GaianResultSetMetaData ----------> Building row template from special columns: []
2023-07-18 13:55:22.080~846691400 GaianResultSetMetaData ----------> ltColCount = 8, specialColCount (constant + hidden cols) = 0
2023-07-18 13:55:22.080~846852400 GaianResultSetMetaData ----------> Built Logical Table DVD template: [NULL, NULL, NULL, NULL, NULL, NULL, NULL, NULL]
2023-07-18 13:55:22.081~847395600 GaianResultSetMetaData ----------> Retrieved meta data for columns: [COLUMN1, COLUMN2, COLUMN3, COLUMN4, COLUMN5, COLUMN6, COLUMN7, COLUMN8]
2023-07-18 13:55:22.081~847626600 VTIWrapper ----------------------> INIT: LT0_DS0 Mapping logical to physical col ids. Resolving 3 logical col names for 8 cols of the physical source. isMapByPosition ? false
2023-07-18 13:55:22.081~847752300 VTIWrapper ----------------------> INIT: LT0_DS0 Found that mapped column LOCATION->COLUMN2 is physical colindex 2
2023-07-18 13:55:22.081~847862300 VTIWrapper ----------------------> INIT: LT0_DS0 Found that mapped column MISC->COLUMN3 is physical colindex 3
2023-07-18 13:55:22.081~847958100 VTIWrapper ----------------------> INIT: LT0_DS0 Found that mapped column NUMBER->COLUMN1 is physical colindex 1
2023-07-18 13:55:22.083~849201300 DataSourcesManager ---------> Signatures differ for LT: GDB_LTLOG, *** OLD: null; *** NEW: {GDB_LTLOG_DS0_ARGS=C:\Users\dcsuser\Desktop\New-Solid\Meeting\Week 37\ESPRESSO\GaianDB\Gaian_Maven\installConfig/gaiandb.log, NODE_CONSTANTS=null, GDB_LTLOG_DEF=COLUMN1 VARCHAR(255), GDB_LTLOG_DS0_VTI=com.ibm.db2j.FileImport}
2023-07-18 13:55:22.083~849334400 DataSourcesManager ---------> ******* Re-loading Logical Table: GDB_LTLOG
2023-07-18 13:55:22.083~849480100 DataSourcesManager ---------> Logical Table definition changed for: GDB_LTLOG, ltNewDef = COLUMN1 VARCHAR(255); Constant Cols: 
2023-07-18 13:55:22.084~849997200 GaianResultSetMetaData ----------> Creating columns meta data using physical cols: [COLUMN1 VARCHAR(255)], special cols: [GDB_NODE VARCHAR(20), GDB_LEAF VARCHAR(50), GDBX_FROM_NODE VARCHAR(20), GDBX_TO_NODE VARCHAR(20), GDBX_DEPTH INT, GDBX_PRECEDENCE CHAR, GDBX_COUNT BIGINT]
2023-07-18 13:55:22.085~850562300 VTIWrapper ----------------------> LT0_DS0 InMemLoader: Starting to load in-memory rows
2023-07-18 13:55:22.085~850738600 VTIFile --------------------> LT0_DS0 InMemLoader: LT0_DS0 Getting all rows from file: C:\Users\dcsuser\Desktop\New-Solid\Meeting\Week 37\ESPRESSO\GaianDB\Gaian_Maven\installConfig/csvtestfiles/datafile.dat
2023-07-18 13:55:22.085~850980900 GaianResultSetMetaData ----------> Meta data column counts: physical cols: 8, special cols: 0
2023-07-18 13:55:22.085~851211700 GaianResultSetMetaData ----------> Building row template from special columns: []
2023-07-18 13:55:22.085~851314400 GaianResultSetMetaData ----------> ltColCount = 8, specialColCount (constant + hidden cols) = 0
2023-07-18 13:55:22.086~851470200 GaianResultSetMetaData ----------> Built Logical Table DVD template: [NULL, NULL, NULL, NULL, NULL, NULL, NULL, NULL]
2023-07-18 13:55:22.086~851969100 GaianResultSetMetaData ----------> Retrieved meta data for columns: [COLUMN1, COLUMN2, COLUMN3, COLUMN4, COLUMN5, COLUMN6, COLUMN7, COLUMN8]
2023-07-18 13:55:22.086~852082000 VTIWrapper ----------------------> LT0_DS0 InMemLoader: LT0_DS0 Got rows and meta-data from data source. Refreshing physical mappings against logical defs
2023-07-18 13:55:22.086~852223300 VTIWrapper ----------------------> LT0_DS0 InMemLoader: LT0_DS0 Mapping logical to physical col ids. Resolving 3 logical col names for 8 cols of the physical source. isMapByPosition ? false
2023-07-18 13:55:22.086~852327600 VTIWrapper ----------------------> LT0_DS0 InMemLoader: LT0_DS0 Found that mapped column LOCATION->COLUMN2 is physical colindex 2
2023-07-18 13:55:22.086~852434900 VTIWrapper ----------------------> LT0_DS0 InMemLoader: LT0_DS0 Found that mapped column MISC->COLUMN3 is physical colindex 3
2023-07-18 13:55:22.087~852524700 VTIWrapper ----------------------> LT0_DS0 InMemLoader: LT0_DS0 Found that mapped column NUMBER->COLUMN1 is physical colindex 1
2023-07-18 13:55:22.087~852672200 VTIWrapper ----------------------> LT0_DS0 InMemLoader: LT0_DS0 Clearing and re-loading in-memory rows
2023-07-18 13:55:22.087~852786300 VTIWrapper ----------------------> LT0_DS0 InMemLoader: LT0_DS0 Clearing indexes, count 0
2023-07-18 13:55:22.086~851504900 GaianResultSetMetaData ----------> Building row template from special columns: [GDB_NODE VARCHAR(20), GDB_LEAF VARCHAR(50), GDBX_FROM_NODE VARCHAR(20), GDBX_TO_NODE VARCHAR(20), GDBX_DEPTH INT, GDBX_PRECEDENCE CHAR, GDBX_COUNT BIGINT]
2023-07-18 13:55:22.087~853015000 GaianResultSetMetaData ----------> ltColCount = 8, specialColCount (constant + hidden cols) = 7
2023-07-18 13:55:22.087~853336900 GaianResultSetMetaData ----------> Built Logical Table DVD template: [NULL, cspc201, NULL, NULL, NULL, NULL, NULL, NULL]
2023-07-18 13:55:22.101~868499600 GaianResultSetMetaData ----------> Meta data column counts: physical cols: 8, special cols: 0
2023-07-18 13:55:22.103~868642800 DataSourcesManager ---------> GDB_LTLOG logical table ResultSetMetaData: [COLUMN1, GDB_NODE, GDB_LEAF, GDBX_FROM_NODE, GDBX_TO_NODE, GDBX_DEPTH, GDBX_PRECEDENCE, GDBX_COUNT, GDB_QRYID, GDB_QRYSTEPS, GDB_CREDENTIALS]
2023-07-18 13:55:22.103~868931900 GaianResultSetMetaData ----------> Building row template from special columns: []
2023-07-18 13:55:22.103~869001400 DataSourcesManager ---------> GDB_LTLOG loading global gaian connections: [], length 0
2023-07-18 13:55:22.103~869065800 GaianResultSetMetaData ----------> ltColCount = 8, specialColCount (constant + hidden cols) = 0
2023-07-18 13:55:22.103~869153300 DataSourcesManager ---------> GDB_LTLOG physical nodes to be loaded: [GDB_LTLOG_DS0]
2023-07-18 13:55:22.103~869263700 GaianResultSetMetaData ----------> Built Logical Table DVD template: [NULL, NULL, NULL, NULL, NULL, NULL, NULL, NULL]
2023-07-18 13:55:22.103~869334300 DataSourcesManager ---------> GDB_LTLOG_DS0 is a VTIWrapper File Node, file name def = C:\Users\dcsuser\Desktop\New-Solid\Meeting\Week 37\ESPRESSO\GaianDB\Gaian_Maven\installConfig/gaiandb.log
2023-07-18 13:55:22.103~869478900 VTIFile --------------------> GDB_LTLOG_DS0 Building new VTIWrapper File based on: C:\Users\dcsuser\Desktop\New-Solid\Meeting\Week 37\ESPRESSO\GaianDB\Gaian_Maven\installConfig/gaiandb.log
2023-07-18 13:55:22.105~870881900 VTIWrapper ----------------------> GDB_LTLOG_DS0 Set physical column names to: [COLUMN1]
2023-07-18 13:55:22.105~871260300 FileImport -----------------> Searching under config folder C:\Users\dcsuser\Desktop\New-Solid\Meeting\Week 37\ESPRESSO\GaianDB\Gaian_Maven\installConfig\FileImportControls\, all sub-locations of relativeDir: Users\dcsuser\Desktop\New-Solid\Meeting\Week 37\ESPRESSO\GaianDB\Gaian_Maven\installConfig\
2023-07-18 13:55:22.104~870004900 GaianResultSetMetaData ----------> Retrieved meta data for columns: [COLUMN1, COLUMN2, COLUMN3, COLUMN4, COLUMN5, COLUMN6, COLUMN7, COLUMN8]
2023-07-18 13:55:22.106~872099300 FileImport -----------------> Resolved controlfilePath: C:\Users\dcsuser\Desktop\New-Solid\Meeting\Week 37\ESPRESSO\GaianDB\Gaian_Maven\installConfig\FileImportControls\FileImportDefaults.properties
2023-07-18 13:55:22.113~878966600 VTIWrapper ----------------------> LT0_DS0 InMemLoader: LT0_DS0 recycleResult(): Stored FileImport object for C:\Users\dcsuser\Desktop\New-Solid\Meeting\Week 37\ESPRESSO\GaianDB\Gaian_Maven\installConfig/csvtestfiles/datafile.dat in Pool for re-use. Pool current size/max = 1/10
2023-07-18 13:55:22.113~879106400 VTIWrapper ----------------------> LT0_DS0 InMemLoader: LT0_DS0 Loaded all 8 rows in memory for Resource: C:\Users\dcsuser\Desktop\New-Solid\Meeting\Week 37\ESPRESSO\GaianDB\Gaian_Maven\installConfig/csvtestfiles/datafile.dat
2023-07-18 13:55:22.113~879190100 VTIWrapper ----------------------> LT0_DS0 InMemLoader: LT0_DS0 Rows loaded in memory. Reloading indexes, count 0
2023-07-18 13:55:22.113~879356100 VTIWrapper ----------------------> LT0_DS0 InMemLoader: LT0_DS0 INMEMORY setting: ON
2023-07-18 13:55:22.113~879461300 VTIWrapper ----------------------> LT0_DS0 InMemLoader: LT0_DS0 wasRowsInMemory: true, isRowsInMemory: true, existing in-mem coltypes: false
2023-07-18 13:55:22.127~893497200 GaianResultSetMetaData ----------> Meta data column counts: physical cols: 1, special cols: 0
2023-07-18 13:55:22.128~893796300 GaianResultSetMetaData ----------> Building row template from special columns: []
2023-07-18 13:55:22.128~893924200 GaianResultSetMetaData ----------> ltColCount = 1, specialColCount (constant + hidden cols) = 0
2023-07-18 13:55:22.128~894034100 GaianResultSetMetaData ----------> Built Logical Table DVD template: [NULL]
2023-07-18 13:55:22.129~894526300 GaianResultSetMetaData ----------> Retrieved meta data for columns: [COLUMN1]
2023-07-18 13:55:22.129~894695100 VTIFile --------------------> GDB_LTLOG_DS0 Created initial File handle for Stack Pool
2023-07-18 13:55:22.129~895057800 GaianResultSetMetaData ----------> Meta data column counts: physical cols: 1, special cols: 0
2023-07-18 13:55:22.129~895197500 GaianResultSetMetaData ----------> Building row template from special columns: []
2023-07-18 13:55:22.129~895286200 GaianResultSetMetaData ----------> ltColCount = 1, specialColCount (constant + hidden cols) = 0
2023-07-18 13:55:22.129~895389600 GaianResultSetMetaData ----------> Built Logical Table DVD template: [NULL]
2023-07-18 13:55:22.130~895983500 GaianResultSetMetaData ----------> Retrieved meta data for columns: [COLUMN1]
2023-07-18 13:55:22.130~896156200 VTIWrapper ----------------------> INIT: GDB_LTLOG_DS0 Mapping logical to physical col ids. Resolving 1 logical col names for 1 cols of the physical source. isMapByPosition ? false
2023-07-18 13:55:22.130~896269700 VTIWrapper ----------------------> INIT: GDB_LTLOG_DS0 Found that mapped column COLUMN1->COLUMN1 is physical colindex 1
2023-07-18 13:55:22.131~896797400 DataSourcesManager ---------> Signatures differ for LT: DERBY_TABLES, *** OLD: null; *** NEW: {DERBY_TABLES_DS0_C2=TABLETYPE, DERBY_TABLES_DEF=TABNAME VARCHAR(30), TABTYPE CHAR, COLNAME VARCHAR(30), COLTYPE VARCHAR(80), DERBY_TABLES_DS0_C3=COLUMNNAME, DERBY_TABLES_DS0_CONNECTION=localderby sys.systables,sys.syscolumns where tableid=referenceid, DERBY_TABLES_DS0_C4=COLUMNDATATYPE, localderby_USR=null, NODE_CONSTANTS=null, localderby_PWD=null, localderby_DRIVER=null, localderby_URL=null, DERBY_TABLES_DS0_C1=TABLENAME}
2023-07-18 13:55:22.131~896923400 DataSourcesManager ---------> ******* Re-loading Logical Table: DERBY_TABLES
2023-07-18 13:55:22.131~897075800 DataSourcesManager ---------> Logical Table definition changed for: DERBY_TABLES, ltNewDef = TABNAME VARCHAR(30), TABTYPE CHAR, COLNAME VARCHAR(30), COLTYPE VARCHAR(80); Constant Cols: 
2023-07-18 13:55:22.132~897719300 GaianResultSetMetaData ----------> Creating columns meta data using physical cols: [TABNAME VARCHAR(30), TABTYPE CHAR, COLNAME VARCHAR(30), COLTYPE VARCHAR(80)], special cols: [GDB_NODE VARCHAR(20), GDB_LEAF VARCHAR(50), GDBX_FROM_NODE VARCHAR(20), GDBX_TO_NODE VARCHAR(20), GDBX_DEPTH INT, GDBX_PRECEDENCE CHAR, GDBX_COUNT BIGINT]
2023-07-18 13:55:22.133~898745500 GaianResultSetMetaData ----------> Building row template from special columns: [GDB_NODE VARCHAR(20), GDB_LEAF VARCHAR(50), GDBX_FROM_NODE VARCHAR(20), GDBX_TO_NODE VARCHAR(20), GDBX_DEPTH INT, GDBX_PRECEDENCE CHAR, GDBX_COUNT BIGINT]
2023-07-18 13:55:22.133~898906500 GaianResultSetMetaData ----------> ltColCount = 11, specialColCount (constant + hidden cols) = 7
2023-07-18 13:55:22.134~899187400 GaianResultSetMetaData ----------> Built Logical Table DVD template: [NULL, NULL, NULL, NULL, cspc201, NULL, NULL, NULL, NULL, NULL, NULL]
2023-07-18 13:55:22.134~899718700 DataSourcesManager ---------> DERBY_TABLES logical table ResultSetMetaData: [TABNAME, TABTYPE, COLNAME, COLTYPE, GDB_NODE, GDB_LEAF, GDBX_FROM_NODE, GDBX_TO_NODE, GDBX_DEPTH, GDBX_PRECEDENCE, GDBX_COUNT, GDB_QRYID, GDB_QRYSTEPS, GDB_CREDENTIALS]
2023-07-18 13:55:22.134~899899300 DataSourcesManager ---------> DERBY_TABLES loading global gaian connections: [], length 0
2023-07-18 13:55:22.134~899972100 DataSourcesManager ---------> DERBY_TABLES physical nodes to be loaded: [DERBY_TABLES_DS0]
2023-07-18 13:55:22.135~900071900 DataSourcesManager ---------> DERBY_TABLES_DS0 is a VTIWrapper RDB Node, isGaian = false
2023-07-18 13:55:22.135~900986300 VTIRDBResult ---------------> DERBY_TABLES_DS0 Building new VTIRDBResult based on: org.apache.derby.jdbc.EmbeddedDriver'jdbc:derby:gaiandb;create=true'gaiandb, RDBMS provider is Derby
2023-07-18 13:55:22.136~901464600 VTIWrapper ----------------------> DERBY_TABLES_DS0 Set physical column names to: [TABLENAME, TABLETYPE, COLUMNNAME, COLUMNDATATYPE]
2023-07-18 13:55:22.136~901629200 VTIRDBResult ---------------> DERBY_TABLES_DS0 table def = sys.systables,sys.syscolumns where (tableid=referenceid)
2023-07-18 13:55:22.136~901708300 VTIRDBResult ---------------> INIT: DERBY_TABLES_DS0 inMemoryRows is null: true, isNodeInMemoryOptionSet: false
2023-07-18 13:55:22.136~901800500 DataSourcesManager ---------> Number of updated/reloaded Logical Tables (incl dependencies): 5/5, skipped: 0
2023-07-18 13:55:22.137~902161600 DataSourcesManager ---------> INIT: refreshLogicalTables.. cleanup requested for oldDataSources: []
2023-07-18 13:55:22.137~902418700 DataSourcesManager ---------> INIT: Clearing data sources pool for ID that is no longer referenced: C:\Users\dcsuser\Desktop\New-Solid\Meeting\Week 37\ESPRESSO\GaianDB\Gaian_Maven\installConfig/gaiandb.log
2023-07-18 13:55:22.137~902623600 GaianDBConfig ------------------------> Loaded JDBC driver: org.apache.derby.jdbc.EmbeddedDriver
2023-07-18 13:55:22.151~917429600 DatabaseConnector ---------------> INIT: Getting DB Connection for: jdbc:derby:gaiandb;create=true (1 concurrent, synchronous timeout 0ms)
2023-07-18 13:55:22.152~917895000 GaianNode -------------> Starting Derby Network Server, host mask 0.0.0.0, port 6414

2023-07-18 13:55:22.551~316694400 DatabaseConnector ---------------> ******* Connector 1 from INIT: Obtained JDBC Connection org.apache.derby.impl.jdbc.EmbedConnection40@1935488894 (XID = 39570), (SESSIONID = 3), (DATABASE = gaiandb), (DRDAID = null)  in 395 ms for: jdbc:derby:gaiandb;create=true, Pool size: 1
Tue Jul 18 13:55:22 BST 2023 : Apache Derby Network Server - 10.10.1.1 - (1458268) started and ready to accept connections on port 6414
2023-07-18 13:55:23.162~928375000 GaianNode -------------> 
Derby Version: CSS10100/10.10.1.1 - (1458268)  - Java Version: 1.8.0_362 (Eclipse OpenJ9 VM)

GaianNode started for Derby network server with sslMode=off on port: 6414 at Tue Jul 18 13:55:23 BST 2023, startup time: 1786ms

2023-07-18 13:55:23.164~929743400 GaianNode -------------> Derby Network Server maxThreads: 0, timeSliceBeforeYieldPerThread: 0
2023-07-18 13:55:23.206~972361300 DataSourcesManager ---------> Checking views status with: select tablename,columnname,columndatatype from sys.syscolumns, sys.systables st, sys.sysschemas ss where referenceid = tableid and tabletype='V' and schemaname='GAIANDB' and st.schemaid=ss.schemaid and tablename in ('GDB_LTNULL','LT0','GDB_LTLOG','DERBY_TABLES') order by tablename, columnnumber
2023-07-18 13:55:23.245~10762000 DataSourcesManager ---------> UP-TO-DATE VIEWS (4/4): [GDB_LTNULL, LT0, GDB_LTLOG, DERBY_TABLES]
2023-07-18 13:55:23.259~24770100 GaianNodeSeeker -------> Entering discovery loop, my details are: cspc201 gaiandb <pwd>
2023-07-18 13:55:23.392~157135700 GaianNodeSeeker -------> Resolving MULTICAST_INTERFACES: ALL
2023-07-18 13:55:23.651~416874600 GaianNodeSeeker -------> Joining multicast group: /230.255.255.255 on interfaces: [localhost/127.0.0.1, /192.168.45.26, /192.168.1.102]
2023-07-18 13:55:24.542~307380200 GaianNodeSeeker -------> Sending msg: REQ cspc201 230.255.255.255, multicast group: /230.255.255.255, interfaces: [localhost/127.0.0.1, /192.168.45.26, /192.168.1.102]
2023-07-18 13:55:25.360~126057800 GaianNodeSeeker -------> Sent msg: REQ cspc201 230.255.255.255, multicast group: /230.255.255.255, interfaces: [localhost/127.0.0.1, /192.168.45.26, /192.168.1.102]
2023-07-18 13:55:25.360~126172100 GaianNodeSeeker -------> Awaiting msg from network [connections sought: 2]...
2023-07-18 13:55:25.404~169817800 GaianNodeSeeker -------> Awaiting msg from network [connections sought: 2]...
2023-07-18 13:55:25.451~216441800 GaianNodeSeeker -------> Awaiting msg from network [connections sought: 2]...
2023-07-18 13:55:25.496~261911400 GaianNodeSeeker -------> Awaiting msg from network [connections sought: 2]...
2023-07-18 13:55:28.263~29143400 DatabaseConnectionsChecker ------> New number of potentially hanging queries being checked (involving a GaianNode data source): 0
2023-07-18 13:55:28.295~60805800 GaianNode -------------> New node thread count: 12
Tue Jul 18 13:55:28 BST 2023 : Log Connections turned on.
Tue Jul 18 13:55:28 BST 2023 : Connection number: 7.
Tue Jul 18 13:55:28 BST 2023 : Max threads changed to 1000.
Tue Jul 18 13:55:28 BST 2023 : Max threads changed to 1000.
Tue Jul 18 13:55:28 BST 2023 : Connection number: 8.
2023-07-18 13:55:28.298~63863800 GaianNode -------------> Derby Network Server maxThreads set to: 1000
2023-07-18 13:55:29.614~380475200 GaianNodeSeeker -------> Sending msg: REQ cspc201 230.255.255.255, multicast group: /230.255.255.255, interfaces: [localhost/127.0.0.1, /192.168.45.26, /192.168.1.102]
2023-07-18 13:55:29.615~380800600 GaianNodeSeeker -------> Sent msg: REQ cspc201 230.255.255.255, multicast group: /230.255.255.255, interfaces: [localhost/127.0.0.1, /192.168.45.26, /192.168.1.102]
2023-07-18 13:55:29.653~418648800 GaianNodeSeeker -------> Awaiting msg from network [connections sought: 2]...
2023-07-18 13:55:29.698~464202000 GaianNodeSeeker -------> Awaiting msg from network [connections sought: 2]...
2023-07-18 13:55:29.744~509753800 GaianNodeSeeker -------> Awaiting msg from network [connections sought: 2]...
Tue Jul 18 13:55:31 BST 2023 : Connection number: 9.
2023-07-18 13:55:31.567~333071600 GaianTable -------> GDB_LTNULL queryID=null steps=-1 GaianTable() Constructor:
========================================================================================================================================================================
New GaianTable VTI Call, table = GDB_LTNULL, explain = true, withProvenance = true
2023-07-18 13:55:31.567~333163900 GaianTable -------> GDB_LTNULL queryID=null steps=-1 Resolving logical table
2023-07-18 13:55:31.567~333250100 GaianTable -------> GDB_LTNULL queryID=null steps=-1 Establishing logical table definition and set of data sources
2023-07-18 13:55:31.567~333323200 GaianTable -------> GDB_LTNULL queryID=null steps=-1 Got new meta data for LT def, numCols: 8, numExposedCols: 8
2023-07-18 13:55:31.567~333367300 GaianTable -------> GDB_LTNULL queryID=null steps=-1 MetaData to be returned to Derby: [CNULL CHAR(1), GDB_NODE VARCHAR(20), GDB_LEAF VARCHAR(50), GDBX_FROM_NODE VARCHAR(20), GDBX_TO_NODE VARCHAR(20), GDBX_DEPTH INT, GDBX_PRECEDENCE CHAR, GDBX_COUNT BIGINT]
2023-07-18 13:55:31.569~334573400 GaianTable -------> ******* INITIALISING SYSTEM QUERY - THIS WILL SUBSEQUENTLY ONLY BE LOGGED WHEN LOGLEVEL=ALL
SELECT gdbx_to_node local_node FROM new com.ibm.db2j.GaianTable('gdb_ltnull', 'explain') T WHERE gdbx_depth = 0
2023-07-18 13:55:31.573~339325300 GaianTable -------> GDB_LTNULL queryID=null steps=-1 GaianTable() Constructor:
========================================================================================================================================================================
New GaianTable VTI Call, table = GDB_LTNULL, explain = true, withProvenance = true
2023-07-18 13:55:34.758~524384400 GaianNodeSeeker -------> Sending msg: REQ cspc201 230.255.255.255, multicast group: /230.255.255.255, interfaces: [localhost/127.0.0.1, /192.168.45.26, /192.168.1.102]
2023-07-18 13:55:34.759~524823800 GaianNodeSeeker -------> Sent msg: REQ cspc201 230.255.255.255, multicast group: /230.255.255.255, interfaces: [localhost/127.0.0.1, /192.168.45.26, /192.168.1.102]
2023-07-18 13:55:34.806~571348900 GaianNodeSeeker -------> Awaiting msg from network [connections sought: 2]...
2023-07-18 13:55:34.851~617054700 GaianNodeSeeker -------> Awaiting msg from network [connections sought: 2]...
2023-07-18 13:55:34.897~662818400 GaianNodeSeeker -------> Awaiting msg from network [connections sought: 2]...
2023-07-18 13:55:39.884~649575400 GaianNodeSeeker -------> Sending msg: REQ cspc201 230.255.255.255, multicast group: /230.255.255.255, interfaces: [localhost/127.0.0.1, /192.168.45.26, /192.168.1.102]
2023-07-18 13:55:39.884~650078000 GaianNodeSeeker -------> Sent msg: REQ cspc201 230.255.255.255, multicast group: /230.255.255.255, interfaces: [localhost/127.0.0.1, /192.168.45.26, /192.168.1.102]
2023-07-18 13:55:39.917~682825600 GaianNodeSeeker -------> Awaiting msg from network [connections sought: 2]...
2023-07-18 13:55:39.963~728881500 GaianNodeSeeker -------> Awaiting msg from network [connections sought: 2]...
2023-07-18 13:55:40.008~773526800 GaianNodeSeeker -------> Awaiting msg from network [connections sought: 2]...
2023-07-18 13:55:45.027~793537700 GaianNodeSeeker -------> Sending msg: REQ cspc201 230.255.255.255, multicast group: /230.255.255.255, interfaces: [localhost/127.0.0.1, /192.168.45.26, /192.168.1.102]
2023-07-18 13:55:45.027~793833100 GaianNodeSeeker -------> Sent msg: REQ cspc201 230.255.255.255, multicast group: /230.255.255.255, interfaces: [localhost/127.0.0.1, /192.168.45.26, /192.168.1.102]
2023-07-18 13:55:45.061~826506000 GaianNodeSeeker -------> Awaiting msg from network [connections sought: 2]...
2023-07-18 13:55:45.107~872355300 GaianNodeSeeker -------> Awaiting msg from network [connections sought: 2]...
2023-07-18 13:55:45.152~917936900 GaianNodeSeeker -------> Awaiting msg from network [connections sought: 2]...
2023-07-18 13:55:50.170~936680900 GaianNodeSeeker -------> Sending msg: REQ cspc201 230.255.255.255, multicast group: /230.255.255.255, interfaces: [localhost/127.0.0.1, /192.168.45.26, /192.168.1.102]
2023-07-18 13:55:50.171~936956700 GaianNodeSeeker -------> Sent msg: REQ cspc201 230.255.255.255, multicast group: /230.255.255.255, interfaces: [localhost/127.0.0.1, /192.168.45.26, /192.168.1.102]
2023-07-18 13:55:50.214~979959200 GaianNodeSeeker -------> Awaiting msg from network [connections sought: 2]...
2023-07-18 13:55:50.260~26109200 GaianNodeSeeker -------> Awaiting msg from network [connections sought: 2]...
2023-07-18 13:55:50.305~71055100 GaianNodeSeeker -------> Awaiting msg from network [connections sought: 2]...
2023-07-18 13:55:55.307~73391400 GaianNodeSeeker -------> Sending msg: REQ cspc201 230.255.255.255, multicast group: /230.255.255.255, interfaces: [localhost/127.0.0.1, /192.168.45.26, /192.168.1.102]
2023-07-18 13:55:55.307~73748500 GaianNodeSeeker -------> Sent msg: REQ cspc201 230.255.255.255, multicast group: /230.255.255.255, interfaces: [localhost/127.0.0.1, /192.168.45.26, /192.168.1.102]
2023-07-18 13:55:55.344~109610300 GaianNodeSeeker -------> Awaiting msg from network [connections sought: 2]...
2023-07-18 13:55:55.390~155401000 GaianNodeSeeker -------> Awaiting msg from network [connections sought: 2]...
2023-07-18 13:55:55.435~200743500 GaianNodeSeeker -------> Awaiting msg from network [connections sought: 2]...
2023-07-18 13:56:00.449~215427600 GaianNodeSeeker -------> Sending msg: REQ cspc201 230.255.255.255, multicast group: /230.255.255.255, interfaces: [localhost/127.0.0.1, /192.168.45.26, /192.168.1.102]
2023-07-18 13:56:00.449~215674200 GaianNodeSeeker -------> Sent msg: REQ cspc201 230.255.255.255, multicast group: /230.255.255.255, interfaces: [localhost/127.0.0.1, /192.168.45.26, /192.168.1.102]
2023-07-18 13:56:00.495~261150800 GaianNodeSeeker -------> Awaiting msg from network [connections sought: 2]...
2023-07-18 13:56:00.542~308054000 GaianNodeSeeker -------> Awaiting msg from network [connections sought: 2]...
2023-07-18 13:56:00.587~352320000 GaianNodeSeeker -------> Awaiting msg from network [connections sought: 2]...
2023-07-18 13:56:05.595~361719000 GaianNodeSeeker -------> Sending msg: REQ cspc201 230.255.255.255, multicast group: /230.255.255.255, interfaces: [localhost/127.0.0.1, /192.168.45.26, /192.168.1.102]
2023-07-18 13:56:05.596~361999800 GaianNodeSeeker -------> Sent msg: REQ cspc201 230.255.255.255, multicast group: /230.255.255.255, interfaces: [localhost/127.0.0.1, /192.168.45.26, /192.168.1.102]
2023-07-18 13:56:05.638~403546500 GaianNodeSeeker -------> Awaiting msg from network [connections sought: 2]...
2023-07-18 13:56:05.684~449698800 GaianNodeSeeker -------> Awaiting msg from network [connections sought: 2]...
2023-07-18 13:56:05.729~494838900 GaianNodeSeeker -------> Awaiting msg from network [connections sought: 2]...
2023-07-18 13:56:10.663~428751900 GaianNodeSeeker -------> Sending msg: REQ cspc201 230.255.255.255, multicast group: /230.255.255.255, interfaces: [localhost/127.0.0.1, /192.168.45.26, /192.168.1.102]
2023-07-18 13:56:10.663~429044500 GaianNodeSeeker -------> Sent msg: REQ cspc201 230.255.255.255, multicast group: /230.255.255.255, interfaces: [localhost/127.0.0.1, /192.168.45.26, /192.168.1.102]
2023-07-18 13:56:10.700~466158400 GaianNodeSeeker -------> Awaiting msg from network [connections sought: 2]...
2023-07-18 13:56:10.746~511754900 GaianNodeSeeker -------> Awaiting msg from network [connections sought: 2]...
2023-07-18 13:56:10.791~557201700 GaianNodeSeeker -------> Awaiting msg from network [connections sought: 2]...
2023-07-18 13:56:15.656~421824300 GaianNodeSeeker -------> Sending msg: REQ cspc201 230.255.255.255, multicast group: /230.255.255.255, interfaces: [localhost/127.0.0.1, /192.168.45.26, /192.168.1.102]
2023-07-18 13:56:15.656~422140900 GaianNodeSeeker -------> Sent msg: REQ cspc201 230.255.255.255, multicast group: /230.255.255.255, interfaces: [localhost/127.0.0.1, /192.168.45.26, /192.168.1.102]
2023-07-18 13:56:15.703~468913400 GaianNodeSeeker -------> Awaiting msg from network [connections sought: 2]...
2023-07-18 13:56:15.746~511302000 GaianNodeSeeker -------> Awaiting msg from network [connections sought: 2]...
2023-07-18 13:56:15.791~556784400 GaianNodeSeeker -------> Awaiting msg from network [connections sought: 2]...
2023-07-18 13:56:20.665~431205200 GaianNodeSeeker -------> Sending msg: REQ cspc201 230.255.255.255, multicast group: /230.255.255.255, interfaces: [localhost/127.0.0.1, /192.168.45.26, /192.168.1.102]
2023-07-18 13:56:20.666~431493900 GaianNodeSeeker -------> Sent msg: REQ cspc201 230.255.255.255, multicast group: /230.255.255.255, interfaces: [localhost/127.0.0.1, /192.168.45.26, /192.168.1.102]
2023-07-18 13:56:20.703~468598600 GaianNodeSeeker -------> Awaiting msg from network [connections sought: 2]...
2023-07-18 13:56:20.750~515279200 GaianNodeSeeker -------> Awaiting msg from network [connections sought: 2]...
2023-07-18 13:56:20.795~560102100 GaianNodeSeeker -------> Awaiting msg from network [connections sought: 2]...
2023-07-18 13:56:25.669~434994900 GaianNodeSeeker -------> Sending msg: REQ cspc201 230.255.255.255, multicast group: /230.255.255.255, interfaces: [localhost/127.0.0.1, /192.168.45.26, /192.168.1.102]
2023-07-18 13:56:25.669~435289700 GaianNodeSeeker -------> Sent msg: REQ cspc201 230.255.255.255, multicast group: /230.255.255.255, interfaces: [localhost/127.0.0.1, /192.168.45.26, /192.168.1.102]
2023-07-18 13:56:25.706~472217000 GaianNodeSeeker -------> Awaiting msg from network [connections sought: 2]...
2023-07-18 13:56:25.753~518778800 GaianNodeSeeker -------> Awaiting msg from network [connections sought: 2]...
2023-07-18 13:56:25.799~564834000 GaianNodeSeeker -------> Awaiting msg from network [connections sought: 2]...
2023-07-18 13:56:30.767~532711300 GaianNodeSeeker -------> Sending msg: REQ cspc201 230.255.255.255, multicast group: /230.255.255.255, interfaces: [localhost/127.0.0.1, /192.168.45.26, /192.168.1.102]
2023-07-18 13:56:30.767~533028100 GaianNodeSeeker -------> Sent msg: REQ cspc201 230.255.255.255, multicast group: /230.255.255.255, interfaces: [localhost/127.0.0.1, /192.168.45.26, /192.168.1.102]
2023-07-18 13:56:30.807~572862000 GaianNodeSeeker -------> Awaiting msg from network [connections sought: 2]...
2023-07-18 13:56:30.853~618920200 GaianNodeSeeker -------> Awaiting msg from network [connections sought: 2]...
2023-07-18 13:56:30.899~665187700 GaianNodeSeeker -------> Awaiting msg from network [connections sought: 2]...
2023-07-18 13:56:35.868~633897200 GaianNodeSeeker -------> Sending msg: REQ cspc201 230.255.255.255, multicast group: /230.255.255.255, interfaces: [localhost/127.0.0.1, /192.168.45.26, /192.168.1.102]
2023-07-18 13:56:35.868~634200700 GaianNodeSeeker -------> Sent msg: REQ cspc201 230.255.255.255, multicast group: /230.255.255.255, interfaces: [localhost/127.0.0.1, /192.168.45.26, /192.168.1.102]
2023-07-18 13:56:35.910~675504500 GaianNodeSeeker -------> Awaiting msg from network [connections sought: 2]...
2023-07-18 13:56:35.956~721612700 GaianNodeSeeker -------> Awaiting msg from network [connections sought: 2]...
2023-07-18 13:56:36.001~766788200 GaianNodeSeeker -------> Awaiting msg from network [connections sought: 2]...
2023-07-18 13:56:40.981~746937400 GaianNodeSeeker -------> Sending msg: REQ cspc201 230.255.255.255, multicast group: /230.255.255.255, interfaces: [localhost/127.0.0.1, /192.168.45.26, /192.168.1.102]
2023-07-18 13:56:40.981~747223000 GaianNodeSeeker -------> Sent msg: REQ cspc201 230.255.255.255, multicast group: /230.255.255.255, interfaces: [localhost/127.0.0.1, /192.168.45.26, /192.168.1.102]
2023-07-18 13:56:41.023~788505300 GaianNodeSeeker -------> Awaiting msg from network [connections sought: 2]...
2023-07-18 13:56:41.069~834798100 GaianNodeSeeker -------> Awaiting msg from network [connections sought: 2]...
2023-07-18 13:56:41.116~881344200 GaianNodeSeeker -------> Awaiting msg from network [connections sought: 2]...
2023-07-18 13:56:46.083~849173900 GaianNodeSeeker -------> Sending msg: REQ cspc201 230.255.255.255, multicast group: /230.255.255.255, interfaces: [localhost/127.0.0.1, /192.168.45.26, /192.168.1.102]
2023-07-18 13:56:46.083~849508100 GaianNodeSeeker -------> Sent msg: REQ cspc201 230.255.255.255, multicast group: /230.255.255.255, interfaces: [localhost/127.0.0.1, /192.168.45.26, /192.168.1.102]
2023-07-18 13:56:46.124~890017200 GaianNodeSeeker -------> Awaiting msg from network [connections sought: 2]...
2023-07-18 13:56:46.171~936374500 GaianNodeSeeker -------> Awaiting msg from network [connections sought: 2]...
2023-07-18 13:56:46.216~982070200 GaianNodeSeeker -------> Awaiting msg from network [connections sought: 2]...
2023-07-18 13:56:51.198~963759700 GaianNodeSeeker -------> Sending msg: REQ cspc201 230.255.255.255, multicast group: /230.255.255.255, interfaces: [localhost/127.0.0.1, /192.168.45.26, /192.168.1.102]
2023-07-18 13:56:51.198~964043200 GaianNodeSeeker -------> Sent msg: REQ cspc201 230.255.255.255, multicast group: /230.255.255.255, interfaces: [localhost/127.0.0.1, /192.168.45.26, /192.168.1.102]
2023-07-18 13:56:51.237~2896300 GaianNodeSeeker -------> Awaiting msg from network [connections sought: 2]...
2023-07-18 13:56:51.283~48374300 GaianNodeSeeker -------> Awaiting msg from network [connections sought: 2]...
2023-07-18 13:56:51.328~94082300 GaianNodeSeeker -------> Awaiting msg from network [connections sought: 2]...
2023-07-18 13:56:56.285~51518600 GaianNodeSeeker -------> Sending msg: REQ cspc201 230.255.255.255, multicast group: /230.255.255.255, interfaces: [localhost/127.0.0.1, /192.168.45.26, /192.168.1.102]
2023-07-18 13:56:56.286~51832000 GaianNodeSeeker -------> Sent msg: REQ cspc201 230.255.255.255, multicast group: /230.255.255.255, interfaces: [localhost/127.0.0.1, /192.168.45.26, /192.168.1.102]
2023-07-18 13:56:56.328~93876100 GaianNodeSeeker -------> Awaiting msg from network [connections sought: 2]...
2023-07-18 13:56:56.374~140431200 GaianNodeSeeker -------> Awaiting msg from network [connections sought: 2]...
2023-07-18 13:56:56.421~186525600 GaianNodeSeeker -------> Awaiting msg from network [connections sought: 2]...
2023-07-18 13:57:01.394~159831700 GaianNodeSeeker -------> Sending msg: REQ cspc201 230.255.255.255, multicast group: /230.255.255.255, interfaces: [localhost/127.0.0.1, /192.168.45.26, /192.168.1.102]
2023-07-18 13:57:01.394~160189300 GaianNodeSeeker -------> Sent msg: REQ cspc201 230.255.255.255, multicast group: /230.255.255.255, interfaces: [localhost/127.0.0.1, /192.168.45.26, /192.168.1.102]
2023-07-18 13:57:01.436~201615700 GaianNodeSeeker -------> Awaiting msg from network [connections sought: 2]...
2023-07-18 13:57:01.482~247729500 GaianNodeSeeker -------> Awaiting msg from network [connections sought: 2]...
2023-07-18 13:57:01.527~293062900 GaianNodeSeeker -------> Awaiting msg from network [connections sought: 2]...
2023-07-18 13:57:06.496~262280000 GaianNodeSeeker -------> Sending msg: REQ cspc201 230.255.255.255, multicast group: /230.255.255.255, interfaces: [localhost/127.0.0.1, /192.168.45.26, /192.168.1.102]
2023-07-18 13:57:06.497~262557000 GaianNodeSeeker -------> Sent msg: REQ cspc201 230.255.255.255, multicast group: /230.255.255.255, interfaces: [localhost/127.0.0.1, /192.168.45.26, /192.168.1.102]
2023-07-18 13:57:06.531~296670900 GaianNodeSeeker -------> Awaiting msg from network [connections sought: 2]...
2023-07-18 13:57:06.577~342377900 GaianNodeSeeker -------> Awaiting msg from network [connections sought: 2]...
2023-07-18 13:57:06.623~388476400 GaianNodeSeeker -------> Awaiting msg from network [connections sought: 2]...
2023-07-18 13:57:11.576~342446600 GaianNodeSeeker -------> Sending msg: REQ cspc201 230.255.255.255, multicast group: /230.255.255.255, interfaces: [localhost/127.0.0.1, /192.168.45.26, /192.168.1.102]
2023-07-18 13:57:11.577~342750100 GaianNodeSeeker -------> Sent msg: REQ cspc201 230.255.255.255, multicast group: /230.255.255.255, interfaces: [localhost/127.0.0.1, /192.168.45.26, /192.168.1.102]
2023-07-18 13:57:11.617~383151400 GaianNodeSeeker -------> Awaiting msg from network [connections sought: 2]...
2023-07-18 13:57:11.664~429432200 GaianNodeSeeker -------> Awaiting msg from network [connections sought: 2]...
2023-07-18 13:57:11.709~474404600 GaianNodeSeeker -------> Awaiting msg from network [connections sought: 2]...
