2023-04-13 14:38:36.894~699561833 GaianNode -------------> isInitDataUpToDate = true = GAIANDB_JAR_MD5 Unknown = gdbJarMD5_previous Unknown && gdbDbTimestampAtStartup 1681388918556 > gdbJarFile.lastModified() 1681322978352
GaianDB Custom Version: Reza Moosaei 2023_03_29_34
java version "1.8.0_312"
OpenJDK Runtime Environment (build 1.8.0_312-b07)
OpenJDK 64-Bit Server VM (build 25.312-b07, mixed mode)

GaianDB V2.1.8 - JAR sizes: [192, 192], timestamps: [2023/04/12-19:09:38, 2023/04/12-19:09:38]

Features Summary: Federated access to JDBC RDBMS tables and CSV Flat files using a logical table abstraction layer;
A stored procedures management API, e.g. to set and view all logical tables and data sources in the network;
SQL Prepared Statement caching; Connection Pooling; Buffered and batched multi-threaded record fetching;
Explain queries to show a query's route and row counts on node; Constant Column definitions for contextual annotations of logical tables;
Discovery of other Gaian Nodes when 'MIN_DISCOVERED_CONNECTIONS' is set, with preferential attachment to highly connected nodes;
Autonomic maintenance of 2-way connections, or re-discovery initiation upon loss of connections;
Automated dynamic management of SQL VIEWS for logical tables and their derivative definitions containing provenance columns or explain columns;
A Policy plugin interface to manipulate the incoming SQL queries or filter returned records;
Flexible GaianDB node discovery using config variable 'DISCOVERY_IP' to specify a broadcast mask or multicast group address;
New configuration parameters defining permitted hosts, denied hosts and cluster IDs to restrict connectivity between nodes;
Connectivity resilience to variable network latency using property 'GAIAN_CONNECTIONS_CHECKER_HEARTBEAT_MS';
MQTT listener & Message Storer; Command line processor; Logging levels; In Memory Tables and Indexing;
Ability to also access an Omnifind text index using com.ibm.db2j.ICAREST('<search_string>');
Excel Spreadsheet Data Source Type; 'Pass-through' SQL capability for insert/update/delete/call; Discovery Gateways for discovery across networks;
Advanced API calls: listnodes(), listflood(), addgateway();
Access control to allow/disallow SQL API configuration and propagated writes;
Basic security: User authentication and low-level automatic scrambling of passwords in the config file;
Detection and cancellation of hanging queries (not mistaken for long-running queries);
Pass-through sub-queries using 'GaianQuery': define exposed data sources on each node which the query will be executed against;
Performance metrics; Provenance columns: GAIAN_NODE, GAIAN_LEAF (queryable using option: 'with_provenance')

PROCESS ID:		85410

NODE ID:		RagabsMacBookProlocal

WORKING DIRECTORY:	/Users/ragab/ESPRESSO/Impementations/GithubRepo/ESPRESSO/GaianDB/Gaian_Maven/installConfig
BYTECODE PATH:		/Users/ragab/ESPRESSO/Impementations/GithubRepo/ESPRESSO/GaianDB/Gaian_Maven/target/classes
WORKSPACE:		/Users/ragab/ESPRESSO/Impementations/GithubRepo/ESPRESSO/GaianDB/Gaian_Maven/installConfig

PHYSICAL DATABASE:	/Users/ragab/ESPRESSO/Impementations/GithubRepo/ESPRESSO/GaianDB/Gaian_Maven/installConfig/gaiandb
LOG FILE:		/Users/ragab/ESPRESSO/Impementations/GithubRepo/ESPRESSO/GaianDB/Gaian_Maven/installConfig/gaiandb.log
CONFIG FILE:		/Users/ragab/ESPRESSO/Impementations/GithubRepo/ESPRESSO/GaianDB/Gaian_Maven/installConfig/gaiandb_config.properties

DERBY SERVER PORT:	6414
PROVENANCE HOST(S):	0.0.0.0

Network Interfaces: 
utun7: utun7 /fe80:0:0:0:e6e7:4717:f41f:1079%utun7, Address: /fe80:0:0:0:e6e7:4717:f41f:1079%utun7 -> Broadcast: null
utun6: utun6 /fe80:0:0:0:7021:227d:c0f2:481f%utun6, Address: /fe80:0:0:0:7021:227d:c0f2:481f%utun6 -> Broadcast: null
utun5: utun5 /fe80:0:0:0:f9fc:5a7e:c7dc:cf9%utun5, Address: /fe80:0:0:0:f9fc:5a7e:c7dc:cf9%utun5 -> Broadcast: null
utun4: utun4 /fe80:0:0:0:2eb5:89ad:29f4:8a25%utun4, Address: /fe80:0:0:0:2eb5:89ad:29f4:8a25%utun4 -> Broadcast: null
utun2: utun2 /fe80:0:0:0:6790:5b7c:2160:2726%utun2, Address: /fe80:0:0:0:6790:5b7c:2160:2726%utun2 -> Broadcast: null
utun1: utun1 /fe80:0:0:0:ce81:b1c:bd2c:69e%utun1, Address: /fe80:0:0:0:ce81:b1c:bd2c:69e%utun1 -> Broadcast: null
utun0: utun0 /fe80:0:0:0:3804:1e2e:fba0:1ac0%utun0, Address: /fe80:0:0:0:3804:1e2e:fba0:1ac0%utun0 -> Broadcast: null
llw0: llw0 /fe80:0:0:0:9c18:85ff:fe78:ce38%llw0, Address: /fe80:0:0:0:9c18:85ff:fe78:ce38%llw0 -> Broadcast: null
awdl0: awdl0 /fe80:0:0:0:9c18:85ff:fe78:ce38%awdl0, Address: /fe80:0:0:0:9c18:85ff:fe78:ce38%awdl0 -> Broadcast: null
ap1: ap1 /fe80:0:0:0:7ce9:1eff:fe7b:3305%ap1, Address: /fe80:0:0:0:7ce9:1eff:fe7b:3305%ap1 -> Broadcast: null
anpi2: anpi2 /fe80:0:0:0:34aa:e9ff:fe78:b612%anpi2, Address: /fe80:0:0:0:34aa:e9ff:fe78:b612%anpi2 -> Broadcast: null
anpi0: anpi0 /fe80:0:0:0:34aa:e9ff:fe78:b610%anpi0, Address: /fe80:0:0:0:34aa:e9ff:fe78:b610%anpi0 -> Broadcast: null
anpi1: anpi1 /fe80:0:0:0:34aa:e9ff:fe78:b611%anpi1, Address: /fe80:0:0:0:34aa:e9ff:fe78:b611%anpi1 -> Broadcast: null
utun3: utun3 /10.64.16.27, Address: /10.64.16.27 -> Broadcast: null
en0: en0 /2001:630:d0:8e06:d81c:d958:84e0:e582%en0, /2001:630:d0:8e06:6908:8651:c6b0:2f46%en0, /2001:630:d0:8e06:480a:a4e9:32ce:688c%en0, /2001:630:d0:8e06:146c:fe4:7ec8:a23a%en0, /fe80:0:0:0:8aa:7b22:1c5:cbbd%en0, /10.9.155.181, Address: /2001:630:d0:8e06:d81c:d958:84e0:e582%en0 -> Broadcast: null, Address: /2001:630:d0:8e06:6908:8651:c6b0:2f46%en0 -> Broadcast: null, Address: /2001:630:d0:8e06:480a:a4e9:32ce:688c%en0 -> Broadcast: null, Address: /2001:630:d0:8e06:146c:fe4:7ec8:a23a%en0 -> Broadcast: null, Address: /fe80:0:0:0:8aa:7b22:1c5:cbbd%en0 -> Broadcast: null, Address: /10.9.155.181 -> Broadcast: /10.9.155.255
lo0: lo0 /fe80:0:0:0:0:0:0:1%lo0, /0:0:0:0:0:0:0:1%lo0, /127.0.0.1, Address: /fe80:0:0:0:0:0:0:1%lo0 -> Broadcast: null, Address: /0:0:0:0:0:0:0:1%lo0 -> Broadcast: null, Address: /127.0.0.1 -> Broadcast: null

Hostname: Ragabs-MacBook-Pro.local
Java localhost ip: 127.0.0.1
Local address designating initial default interface for multicast: 10.9.155.181


2023-04-13 14:38:36.909~714325667 GaianNode -------------> Initialising GaianNode...
2023-04-13 14:38:36.909~714459333 GaianNode -------------> GAIANDB.jar library has not been changed (and db folder is more recent), so initialisation data (e.g. stored procs/funcs) is expected to be already loaded
2023-04-13 14:38:36.909~714511292 GaianNode -------------> Node details: RagabsMacBookProlocal gaiandb <password>
2023-04-13 14:38:36.909~714598375 GaianNode -------------> Autonomic Discovery: Maintained connections sought through discovery: MIN_DISCOVERED_CONNECTIONS = 2
2023-04-13 14:38:36.909~714640167 GaianNode -------------> Autonomic Discovery: DISCOVERY_IP = <Default=230.255.255.255>
2023-04-13 14:38:36.909~714676625 GaianNode -------------> Autonomic Discovery: DISCOVERY_GATEWAYS = <Default=No gateways to other networks>
2023-04-13 14:38:36.909~714716375 GaianNode -------------> Autonomic Discovery: MULTICAST_INTERFACES = ALL
2023-04-13 14:38:36.909~714748500 GaianNode -------------> Connectivity: ACCESS_CLUSTERS = <Default=Connect to nodes which are not cluster members>
2023-04-13 14:38:36.909~714779958 GaianNode -------------> Connectivity: ACCESS_HOSTS_PERMITTED = <Default=Accept further connections from any host outside the defined clusters>
2023-04-13 14:38:36.910~714809250 GaianNode -------------> Connectivity: ACCESS_HOSTS_DENIED = <Default=Do not deny connections from any host in or outside the defined clusters>
2023-04-13 14:38:36.910~714890167 GaianNode -------------> Log level set to: NONE
2023-04-13 14:38:37.296~101757333 GaianNode -------------> Starting Derby Network Server, host mask 0.0.0.0, port 6414

2023-04-13 14:38:37.374~179122208 Util -------------> WARNING:

2023-04-13 14:38:37.370 ********** GDB_WARNING: NODE_UNRESOLVED_INSTALL_PATH (10th repetition): GaianDB was unable to resolve install path: java.lang.Exception: Cannot find '/lib/' or '/build/' or '/bin' in bytecode path: /Users/ragab/ESPRESSO/Impementations/GithubRepo/ESPRESSO/GaianDB/Gaian_Maven/target/classes/

2023-04-13 14:38:37.370 Documentation: <GaianDBDocumentationDirectory>/javadoc-errors/com/ibm/gaiandb/diags/GDBMessages.html#NODE_UNRESOLVED_INSTALL_PATH


2023-04-13 14:38:37.374~179346833 Util -------------> WARNING:

2023-04-13 14:38:37.374 ********** GDB_WARNING: NODE_UNRESOLVED_INSTALL_PATH: GaianDB was unable to resolve install path: java.lang.Exception: Cannot find '/lib/' or '/build/' or '/bin' in bytecode path: /Users/ragab/ESPRESSO/Impementations/GithubRepo/ESPRESSO/GaianDB/Gaian_Maven/target/classes/

2023-04-13 14:38:37.374 Documentation: <GaianDBDocumentationDirectory>/javadoc-errors/com/ibm/gaiandb/diags/GDBMessages.html#NODE_UNRESOLVED_INSTALL_PATH


2023-04-13 14:38:37.374~179397917 Util -------------> WARNING:

2023-04-13 14:38:37.374 ********** GDB_WARNING: NODE_UNRESOLVED_INSTALL_PATH: GaianDB was unable to resolve install path: java.lang.Exception: Cannot find '/lib/' or '/build/' or '/bin' in bytecode path: /Users/ragab/ESPRESSO/Impementations/GithubRepo/ESPRESSO/GaianDB/Gaian_Maven/target/classes/

2023-04-13 14:38:37.374 Documentation: <GaianDBDocumentationDirectory>/javadoc-errors/com/ibm/gaiandb/diags/GDBMessages.html#NODE_UNRESOLVED_INSTALL_PATH


2023-04-13 14:38:37.374~179441250 Util -------------> WARNING:

2023-04-13 14:38:37.374 ********** GDB_WARNING: NODE_UNRESOLVED_INSTALL_PATH: GaianDB was unable to resolve install path: java.lang.Exception: Cannot find '/lib/' or '/build/' or '/bin' in bytecode path: /Users/ragab/ESPRESSO/Impementations/GithubRepo/ESPRESSO/GaianDB/Gaian_Maven/target/classes/

2023-04-13 14:38:37.374 Documentation: <GaianDBDocumentationDirectory>/javadoc-errors/com/ibm/gaiandb/diags/GDBMessages.html#NODE_UNRESOLVED_INSTALL_PATH


2023-04-13 14:38:37.374~179483250 Util -------------> WARNING:

2023-04-13 14:38:37.374 ********** GDB_WARNING: NODE_UNRESOLVED_INSTALL_PATH: GaianDB was unable to resolve install path: java.lang.Exception: Cannot find '/lib/' or '/build/' or '/bin' in bytecode path: /Users/ragab/ESPRESSO/Impementations/GithubRepo/ESPRESSO/GaianDB/Gaian_Maven/target/classes/

2023-04-13 14:38:37.374 Documentation: <GaianDBDocumentationDirectory>/javadoc-errors/com/ibm/gaiandb/diags/GDBMessages.html#NODE_UNRESOLVED_INSTALL_PATH


2023-04-13 14:38:37.374~179524458 Util -------------> WARNING:

2023-04-13 14:38:37.374 ********** GDB_WARNING: NODE_UNRESOLVED_INSTALL_PATH: GaianDB was unable to resolve install path: java.lang.Exception: Cannot find '/lib/' or '/build/' or '/bin' in bytecode path: /Users/ragab/ESPRESSO/Impementations/GithubRepo/ESPRESSO/GaianDB/Gaian_Maven/target/classes/

2023-04-13 14:38:37.374 Documentation: <GaianDBDocumentationDirectory>/javadoc-errors/com/ibm/gaiandb/diags/GDBMessages.html#NODE_UNRESOLVED_INSTALL_PATH


2023-04-13 14:38:37.375~180719542 GaianNode -------------> WARNING:

2023-04-13 14:38:37.375 ********** GDB_WARNING: NODE_START_EXCEPTION_ERROR: GaianNode terminating due to Exception, cause: java.lang.Exception: Unable to start GaianNode on port 6414 (GaianDB may already be running), cause: java.net.BindException: Address already in use (Bind failed)
	=> TRACE:     GaianNode.main:348 -> GaianNode.start:461 -> GaianNode.initialiseNode:901

2023-04-13 14:38:37.375 Documentation: <GaianDBDocumentationDirectory>/javadoc-errors/com/ibm/gaiandb/diags/GDBMessages.html#NODE_START_EXCEPTION_ERROR


2023-04-13 14:38:37.376~181038417 GaianNode -------------> Gaian Node Exiting: GaianNode terminating due to Exception, cause: java.lang.Exception: Unable to start GaianNode on port 6414 (GaianDB may already be running), cause: java.net.BindException: Address already in use (Bind failed)
2023-04-13 14:38:37.380~185498792 GaianNode -------------> Number of remaining GaianResult objects to close: 0
2023-04-13 14:38:37.384~188888708 GaianNode -------------> Node thread count before exit: 6
2023-04-13 14:38:37.443~248487917 DatabaseConnector ---------------> Connector 1 from INIT: WARNING:

2023-04-13 14:38:37.443 ********** GDB_WARNING: ENGINE_JDBC_CONN_ATTEMPT_ERROR: Failed JDBC Connection attempt in 147 ms for: jdbc:derby:gaiandb;create=true, cause: java.sql.SQLException: Failed to start database 'gaiandb' with class loader sun.misc.Launcher$AppClassLoader@18b4aac2, see the next exception for details.; Common issues: missing jdbc driver, network/database unavailability (e.g. firewall), incorrect user/password and/or insufficient database access rights (e.g. if derby.database.defaultConnectionMode=noAccess in derby.properties)

2023-04-13 14:38:37.443 Documentation: <GaianDBDocumentationDirectory>/javadoc-errors/com/ibm/gaiandb/diags/GDBMessages.html#ENGINE_JDBC_CONN_ATTEMPT_ERROR


