2023-03-05 10:04:15.747~232548700 GaianNode -------------> isInitDataUpToDate = true = GAIANDB_JAR_MD5 6ADB9869623AF5F4E78FEC8D4AC723AA = gdbJarMD5_previous 6ADB9869623AF5F4E78FEC8D4AC723AA && gdbDbTimestampAtStartup 1677921720684 > gdbJarFile.lastModified() 1677610274000
java version "17.0.6"
OpenJDK Runtime Environment (build 17.0.6+10-LTS)
OpenJDK 64-Bit Server VM (build 17.0.6+10-LTS, mixed mode, sharing)

GaianDB V2.1.8 - JAR sizes: [762814, 211792], timestamps: [2023/02/28-18:51:14, 2023/02/28-18:51:14]

Features Summary: Federated access to JDBC RDBMS tables and CSV Flat files using a logical table abstraction layer;
A stored procedures management API, e.g. to set and view all logical tables and data sources in the network;
SQL Prepared Statement caching; Connection Pooling; Buffered and batched multi-threaded record fetching;
Explain queries to show a query's route and row counts on node; Constant Column definitions for contextual annotations of logical tables;
Discovery of other Gaian Nodes when 'MIN_DISCOVERED_CONNECTIONS' is set, with preferential attachment to highly connected nodes;
Autonomic maintenance of 2-way connections, or re-discovery initiation upon loss of connections;
Automated dynamic management of SQL VIEWS for logical tables and their derivative definitions containing provenance columns or explain columns;
A Policy plugin interface to manipulate the incoming SQL queries or filter returned records;
Flexible GaianDB node discovery using config variable 'DISCOVERY_IP' to specify a broadcast mask or multicast group address;
New configuration parameters defining permitted hosts, denied hosts and cluster IDs to restrict connectivity between nodes;
Connectivity resilience to variable network latency using property 'GAIAN_CONNECTIONS_CHECKER_HEARTBEAT_MS';
MQTT listener & Message Storer; Command line processor; Logging levels; In Memory Tables and Indexing;
Ability to also access an Omnifind text index using com.ibm.db2j.ICAREST('<search_string>');
Excel Spreadsheet Data Source Type; 'Pass-through' SQL capability for insert/update/delete/call; Discovery Gateways for discovery across networks;
Advanced API calls: listnodes(), listflood(), addgateway();
Access control to allow/disallow SQL API configuration and propagated writes;
Basic security: User authentication and low-level automatic scrambling of passwords in the config file;
Detection and cancellation of hanging queries (not mistaken for long-running queries);
Pass-through sub-queries using 'GaianQuery': define exposed data sources on each node which the query will be executed against;
Performance metrics; Provenance columns: GAIAN_NODE, GAIAN_LEAF (queryable using option: 'with_provenance')

PROCESS ID:		16300

NODE ID:		cspc201

WORKING DIRECTORY:	C:\Users\dcsuser\GaianProject\GaianS-Demo\gaiandb\build\GAIANDB_V2.1.8_20230228
BYTECODE PATH:		C:\Users\dcsuser\GaianProject\GaianS-Demo\gaiandb\build\GAIANDB_V2.1.8_20230228\lib\GAIANDB.jar
WORKSPACE:		C:\Users\dcsuser\GaianProject\GaianS-Demo\gaiandb\build\GAIANDB_V2.1.8_20230228

PHYSICAL DATABASE:	C:\Users\dcsuser\GaianProject\GaianS-Demo\gaiandb\build\GAIANDB_V2.1.8_20230228\gaiandb
LOG FILE:		C:\Users\dcsuser\GaianProject\GaianS-Demo\gaiandb\build\GAIANDB_V2.1.8_20230228\gaiandb.log
CONFIG FILE:		C:\Users\dcsuser\GaianProject\GaianS-Demo\gaiandb\build\GAIANDB_V2.1.8_20230228\gaiandb_config.properties

DERBY SERVER PORT:	6414
PROVENANCE HOST(S):	0.0.0.0

Network Interfaces: 
lo: Software Loopback Interface 1 /127.0.0.1, /0:0:0:0:0:0:0:1, Address: /127.0.0.1 -> Broadcast: /127.255.255.255, Address: /0:0:0:0:0:0:0:1 -> Broadcast: null
net0: Microsoft 6to4 Adapter 
eth0: WAN Miniport (Network Monitor) 
wlan0: Intel(R) Wi-Fi 6 AX201 160MHz /192.168.1.102, /2a01:4b00:8468:5a00:7e74:3e17:daa3:9fac, /fd00:0:0:0:2243:5b77:42be:4369, /2a01:4b00:8468:5a00:2de4:97ea:4c70:e339, /fd00:0:0:0:2de4:97ea:4c70:e339, /fe80:0:0:0:e9b0:ef47:bcef:3e83%wlan0, Address: /192.168.1.102 -> Broadcast: /192.168.1.255, Address: /2a01:4b00:8468:5a00:7e74:3e17:daa3:9fac -> Broadcast: null, Address: /fd00:0:0:0:2243:5b77:42be:4369 -> Broadcast: null, Address: /2a01:4b00:8468:5a00:2de4:97ea:4c70:e339 -> Broadcast: null, Address: /fd00:0:0:0:2de4:97ea:4c70:e339 -> Broadcast: null, Address: /fe80:0:0:0:e9b0:ef47:bcef:3e83%wlan0 -> Broadcast: null
net1: Microsoft IP-HTTPS Platform Adapter 
net2: WAN Miniport (IKEv2) 
eth1: Microsoft Kernel Debug Network Adapter 
eth2: Realtek USB GbE Family Controller 
eth3: Bluetooth Device (Personal Area Network) 
net3: WAN Miniport (L2TP) 
eth4: PANGP Virtual Ethernet Adapter 
net4: Microsoft Teredo Tunneling Adapter 
eth5: WAN Miniport (IP) 
eth6: WAN Miniport (IPv6) 
wlan1: Microsoft Wi-Fi Direct Virtual Adapter /fe80:0:0:0:f382:ad32:1b3:d2de%wlan1, Address: /fe80:0:0:0:f382:ad32:1b3:d2de%wlan1 -> Broadcast: null
net5: WAN Miniport (PPTP) 
net6: WAN Miniport (SSTP) 
ppp0: WAN Miniport (PPPOE) 
wlan2: Microsoft Wi-Fi Direct Virtual Adapter #2 /fe80:0:0:0:6492:15d8:fae7:a385%wlan2, Address: /fe80:0:0:0:6492:15d8:fae7:a385%wlan2 -> Broadcast: null
wlan3: Intel(R) Wi-Fi 6 AX201 160MHz-WFP Native MAC Layer LightWeight Filter-0000 
wlan4: Intel(R) Wi-Fi 6 AX201 160MHz-Virtual WiFi Filter Driver-0000 
wlan5: Intel(R) Wi-Fi 6 AX201 160MHz-Native WiFi Filter Driver-0000 
wlan6: Intel(R) Wi-Fi 6 AX201 160MHz-QoS Packet Scheduler-0000 
wlan7: Intel(R) Wi-Fi 6 AX201 160MHz-WFP 802.3 MAC Layer LightWeight Filter-0000 
wlan8: Microsoft Wi-Fi Direct Virtual Adapter-WFP Native MAC Layer LightWeight Filter-0000 
wlan9: Microsoft Wi-Fi Direct Virtual Adapter-Native WiFi Filter Driver-0000 
wlan10: Microsoft Wi-Fi Direct Virtual Adapter-QoS Packet Scheduler-0000 
wlan11: Microsoft Wi-Fi Direct Virtual Adapter-WFP 802.3 MAC Layer LightWeight Filter-0000 
wlan12: Microsoft Wi-Fi Direct Virtual Adapter #2-WFP Native MAC Layer LightWeight Filter-0000 
wlan13: Microsoft Wi-Fi Direct Virtual Adapter #2-Native WiFi Filter Driver-0000 
wlan14: Microsoft Wi-Fi Direct Virtual Adapter #2-QoS Packet Scheduler-0000 
wlan15: Microsoft Wi-Fi Direct Virtual Adapter #2-WFP 802.3 MAC Layer LightWeight Filter-0000 
eth7: WAN Miniport (IP)-WFP Native MAC Layer LightWeight Filter-0000 
eth8: WAN Miniport (IP)-QoS Packet Scheduler-0000 
eth9: WAN Miniport (IPv6)-WFP Native MAC Layer LightWeight Filter-0000 
eth10: WAN Miniport (IPv6)-QoS Packet Scheduler-0000 
eth11: WAN Miniport (Network Monitor)-WFP Native MAC Layer LightWeight Filter-0000 
eth12: WAN Miniport (Network Monitor)-QoS Packet Scheduler-0000 

Hostname: cspc201
Java localhost ip: 192.168.1.102
Local address designating initial default interface for multicast: 192.168.1.102


2023-03-05 10:04:15.766~251525200 GaianNode -------------> Initialising GaianNode...
2023-03-05 10:04:15.766~251639400 GaianNode -------------> GAIANDB.jar library has not been changed (and db folder is more recent), so initialisation data (e.g. stored procs/funcs) is expected to be already loaded
2023-03-05 10:04:15.766~251720600 GaianNode -------------> Node details: cspc201 gaiandb <password>
2023-03-05 10:04:15.766~251810200 GaianNode -------------> Autonomic Discovery: Maintained connections sought through discovery: MIN_DISCOVERED_CONNECTIONS = 2
2023-03-05 10:04:15.766~251866000 GaianNode -------------> Autonomic Discovery: DISCOVERY_IP = <Default=230.255.255.255>
2023-03-05 10:04:15.766~251911400 GaianNode -------------> Autonomic Discovery: DISCOVERY_GATEWAYS = <Default=No gateways to other networks>
2023-03-05 10:04:15.767~251952400 GaianNode -------------> Autonomic Discovery: MULTICAST_INTERFACES = ALL
2023-03-05 10:04:15.767~252020700 GaianNode -------------> Connectivity: ACCESS_CLUSTERS = <Default=Connect to nodes which are not cluster members>
2023-03-05 10:04:15.767~252069400 GaianNode -------------> Connectivity: ACCESS_HOSTS_PERMITTED = <Default=Accept further connections from any host outside the defined clusters>
2023-03-05 10:04:15.767~252123600 GaianNode -------------> Connectivity: ACCESS_HOSTS_DENIED = <Default=Do not deny connections from any host in or outside the defined clusters>
2023-03-05 10:04:15.767~252209500 GaianNode -------------> Log level set to: NONE
2023-03-05 10:04:16.023~507555300 GaianNode -------------> Starting Derby Network Server, host mask 0.0.0.0, port 6414
2023-03-05 10:04:16.031~516598100 DatabaseConnector ---------------> Connector 1 from INIT: WARNING:

2023-03-05 10:04:16.031 ********** GDB_WARNING: ENGINE_JDBC_CONN_ATTEMPT_ERROR: Failed JDBC Connection attempt in 144 ms for: jdbc:mysql://localhost:3306/test, cause: com.mysql.jdbc.exceptions.jdbc4.CommunicationsException: Communications link failure

The last packet sent successfully to the server was 0 milliseconds ago. The driver has not received any packets from the server.; Common issues: missing jdbc driver, network/database unavailability (e.g. firewall), incorrect user/password and/or insufficient database access rights

2023-03-05 10:04:16.031 Documentation: file:///C:/Users/dcsuser/GaianProject/GaianS-Demo/gaiandb/build/GAIANDB_V2.1.8_20230228/doc/javadoc-errors/com/ibm/gaiandb/diags/GDBMessages.html#ENGINE_JDBC_CONN_ATTEMPT_ERROR



Sun Mar 05 10:04:16 GMT 2023 : Apache Derby Network Server - 10.10.2.1 - (1643489) started and ready to accept connections on port 6414
2023-03-05 10:04:16.496~981043200 GaianNode -------------> 
Derby Version: CSS10100/10.10.2.1 - (1643489)  - Java Version: 17.0.6 (OpenJDK 64-Bit Server VM)

GaianNode started for Derby network server with sslMode=off on port: 6414 at Sun Mar 05 10:04:16 GMT 2023, startup time: 832ms

2023-03-05 10:04:16.691~175317800 DatabaseConnector ---------------> Connector 1 from INIT: WARNING:

2023-03-05 10:04:16.691 ********** GDB_WARNING: ENGINE_JDBC_CONN_ATTEMPT_ERROR: Failed JDBC Connection attempt in 4 ms for: jdbc:mysql://localhost:3306/test, cause: com.mysql.jdbc.exceptions.jdbc4.CommunicationsException: Communications link failure

The last packet sent successfully to the server was 0 milliseconds ago. The driver has not received any packets from the server.; Common issues: missing jdbc driver, network/database unavailability (e.g. firewall), incorrect user/password and/or insufficient database access rights

2023-03-05 10:04:16.691 Documentation: file:///C:/Users/dcsuser/GaianProject/GaianS-Demo/gaiandb/build/GAIANDB_V2.1.8_20230228/doc/javadoc-errors/com/ibm/gaiandb/diags/GDBMessages.html#ENGINE_JDBC_CONN_ATTEMPT_ERROR


2023-03-05 10:04:16.694~178884100 GaianNode -------------> Used Heap Memory changed by >10MB. jMemory (MB): 20.522624 (= 7%, jMemoryMax (MB): 268.435456). jMemoryNonHeap (MB): 27.188408 - (suspected hanging queries being checked: 0)
2023-03-05 10:04:16.698~183192700 DatabaseConnector ---------------> Connector 1 from GaianNode Watchdog: WARNING:

2023-03-05 10:04:16.698 ********** GDB_WARNING: ENGINE_JDBC_CONN_ATTEMPT_ERROR: Failed JDBC Connection attempt in 2 ms for: jdbc:mysql://localhost:3306/test, cause: com.mysql.jdbc.exceptions.jdbc4.CommunicationsException: Communications link failure

The last packet sent successfully to the server was 0 milliseconds ago. The driver has not received any packets from the server.; Common issues: missing jdbc driver, network/database unavailability (e.g. firewall), incorrect user/password and/or insufficient database access rights

2023-03-05 10:04:16.698 Documentation: file:///C:/Users/dcsuser/GaianProject/GaianS-Demo/gaiandb/build/GAIANDB_V2.1.8_20230228/doc/javadoc-errors/com/ibm/gaiandb/diags/GDBMessages.html#ENGINE_JDBC_CONN_ATTEMPT_ERROR


Sun Mar 05 10:04:21 GMT 2023 : Max threads changed to 1000.
Sun Mar 05 10:04:21 GMT 2023 : Max threads changed to 1000.
2023-03-05 10:04:21.756~240462500 DatabaseConnector ---------------> Connector 1 from GaianNode Watchdog: WARNING:

2023-03-05 10:04:21.756 ********** GDB_WARNING: ENGINE_JDBC_CONN_ATTEMPT_ERROR: Failed JDBC Connection attempt in 3 ms for: jdbc:mysql://localhost:3306/test, cause: com.mysql.jdbc.exceptions.jdbc4.CommunicationsException: Communications link failure

The last packet sent successfully to the server was 0 milliseconds ago. The driver has not received any packets from the server.; Common issues: missing jdbc driver, network/database unavailability (e.g. firewall), incorrect user/password and/or insufficient database access rights

2023-03-05 10:04:21.756 Documentation: file:///C:/Users/dcsuser/GaianProject/GaianS-Demo/gaiandb/build/GAIANDB_V2.1.8_20230228/doc/javadoc-errors/com/ibm/gaiandb/diags/GDBMessages.html#ENGINE_JDBC_CONN_ATTEMPT_ERROR


2023-03-05 10:04:26.806~291472400 DatabaseConnector ---------------> Connector 1 from GaianNode Watchdog: WARNING:

2023-03-05 10:04:26.806 ********** GDB_WARNING: ENGINE_JDBC_CONN_ATTEMPT_ERROR: Failed JDBC Connection attempt in 4 ms for: jdbc:mysql://localhost:3306/test, cause: com.mysql.jdbc.exceptions.jdbc4.CommunicationsException: Communications link failure

The last packet sent successfully to the server was 0 milliseconds ago. The driver has not received any packets from the server.; Common issues: missing jdbc driver, network/database unavailability (e.g. firewall), incorrect user/password and/or insufficient database access rights

2023-03-05 10:04:26.806 Documentation: file:///C:/Users/dcsuser/GaianProject/GaianS-Demo/gaiandb/build/GAIANDB_V2.1.8_20230228/doc/javadoc-errors/com/ibm/gaiandb/diags/GDBMessages.html#ENGINE_JDBC_CONN_ATTEMPT_ERROR


2023-03-05 10:04:31.862~347569000 DatabaseConnector ---------------> Connector 1 from GaianNode Watchdog: WARNING:

2023-03-05 10:04:31.862 ********** GDB_WARNING: ENGINE_JDBC_CONN_ATTEMPT_ERROR (10th repetition): Failed JDBC Connection attempt in 6 ms for: jdbc:mysql://localhost:3306/test, cause: com.mysql.jdbc.exceptions.jdbc4.CommunicationsException: Communications link failure

The last packet sent successfully to the server was 0 milliseconds ago. The driver has not received any packets from the server.; Common issues: missing jdbc driver, network/database unavailability (e.g. firewall), incorrect user/password and/or insufficient database access rights

2023-03-05 10:04:31.862 Documentation: file:///C:/Users/dcsuser/GaianProject/GaianS-Demo/gaiandb/build/GAIANDB_V2.1.8_20230228/doc/javadoc-errors/com/ibm/gaiandb/diags/GDBMessages.html#ENGINE_JDBC_CONN_ATTEMPT_ERROR


2023-03-05 10:08:19.283~768989400 DatabaseConnector ---------------> Connector 1 from GaianNode Watchdog: WARNING:

2023-03-05 10:08:19.283 ********** GDB_WARNING: ENGINE_JDBC_CONN_ATTEMPT_ERROR (100th repetition): Failed JDBC Connection attempt in 5 ms for: jdbc:mysql://localhost:3306/test, cause: com.mysql.jdbc.exceptions.jdbc4.CommunicationsException: Communications link failure

The last packet sent successfully to the server was 0 milliseconds ago. The driver has not received any packets from the server.; Common issues: missing jdbc driver, network/database unavailability (e.g. firewall), incorrect user/password and/or insufficient database access rights

2023-03-05 10:08:19.283 Documentation: file:///C:/Users/dcsuser/GaianProject/GaianS-Demo/gaiandb/build/GAIANDB_V2.1.8_20230228/doc/javadoc-errors/com/ibm/gaiandb/diags/GDBMessages.html#ENGINE_JDBC_CONN_ATTEMPT_ERROR


2023-03-05 10:12:31.958~443707700 DatabaseConnector ---------------> Connector 1 from GaianNode Watchdog: WARNING:

2023-03-05 10:12:31.958 ********** GDB_WARNING: ENGINE_JDBC_CONN_ATTEMPT_ERROR (200th repetition): Failed JDBC Connection attempt in 3 ms for: jdbc:mysql://localhost:3306/test, cause: com.mysql.jdbc.exceptions.jdbc4.CommunicationsException: Communications link failure

The last packet sent successfully to the server was 0 milliseconds ago. The driver has not received any packets from the server.; Common issues: missing jdbc driver, network/database unavailability (e.g. firewall), incorrect user/password and/or insufficient database access rights

2023-03-05 10:12:31.958 Documentation: file:///C:/Users/dcsuser/GaianProject/GaianS-Demo/gaiandb/build/GAIANDB_V2.1.8_20230228/doc/javadoc-errors/com/ibm/gaiandb/diags/GDBMessages.html#ENGINE_JDBC_CONN_ATTEMPT_ERROR


2023-03-05 10:16:44.686~171144500 DatabaseConnector ---------------> Connector 1 from GaianNode Watchdog: WARNING:

2023-03-05 10:16:44.686 ********** GDB_WARNING: ENGINE_JDBC_CONN_ATTEMPT_ERROR (300th repetition): Failed JDBC Connection attempt in 4 ms for: jdbc:mysql://localhost:3306/test, cause: com.mysql.jdbc.exceptions.jdbc4.CommunicationsException: Communications link failure

The last packet sent successfully to the server was 0 milliseconds ago. The driver has not received any packets from the server.; Common issues: missing jdbc driver, network/database unavailability (e.g. firewall), incorrect user/password and/or insufficient database access rights

2023-03-05 10:16:44.686 Documentation: file:///C:/Users/dcsuser/GaianProject/GaianS-Demo/gaiandb/build/GAIANDB_V2.1.8_20230228/doc/javadoc-errors/com/ibm/gaiandb/diags/GDBMessages.html#ENGINE_JDBC_CONN_ATTEMPT_ERROR


2023-03-05 10:20:57.473~957657000 DatabaseConnector ---------------> Connector 1 from GaianNode Watchdog: WARNING:

2023-03-05 10:20:57.473 ********** GDB_WARNING: ENGINE_JDBC_CONN_ATTEMPT_ERROR (400th repetition): Failed JDBC Connection attempt in 2 ms for: jdbc:mysql://localhost:3306/test, cause: com.mysql.jdbc.exceptions.jdbc4.CommunicationsException: Communications link failure

The last packet sent successfully to the server was 0 milliseconds ago. The driver has not received any packets from the server.; Common issues: missing jdbc driver, network/database unavailability (e.g. firewall), incorrect user/password and/or insufficient database access rights

2023-03-05 10:20:57.473 Documentation: file:///C:/Users/dcsuser/GaianProject/GaianS-Demo/gaiandb/build/GAIANDB_V2.1.8_20230228/doc/javadoc-errors/com/ibm/gaiandb/diags/GDBMessages.html#ENGINE_JDBC_CONN_ATTEMPT_ERROR


2023-03-05 10:25:10.121~606283200 DatabaseConnector ---------------> Connector 1 from GaianNode Watchdog: WARNING:

2023-03-05 10:25:10.121 ********** GDB_WARNING: ENGINE_JDBC_CONN_ATTEMPT_ERROR (500th repetition): Failed JDBC Connection attempt in 1 ms for: jdbc:mysql://localhost:3306/test, cause: com.mysql.jdbc.exceptions.jdbc4.CommunicationsException: Communications link failure

The last packet sent successfully to the server was 0 milliseconds ago. The driver has not received any packets from the server.; Common issues: missing jdbc driver, network/database unavailability (e.g. firewall), incorrect user/password and/or insufficient database access rights

2023-03-05 10:25:10.121 Documentation: file:///C:/Users/dcsuser/GaianProject/GaianS-Demo/gaiandb/build/GAIANDB_V2.1.8_20230228/doc/javadoc-errors/com/ibm/gaiandb/diags/GDBMessages.html#ENGINE_JDBC_CONN_ATTEMPT_ERROR


2023-03-05 10:29:22.821~306788300 DatabaseConnector ---------------> Connector 1 from GaianNode Watchdog: WARNING:

2023-03-05 10:29:22.821 ********** GDB_WARNING: ENGINE_JDBC_CONN_ATTEMPT_ERROR (600th repetition): Failed JDBC Connection attempt in 3 ms for: jdbc:mysql://localhost:3306/test, cause: com.mysql.jdbc.exceptions.jdbc4.CommunicationsException: Communications link failure

The last packet sent successfully to the server was 0 milliseconds ago. The driver has not received any packets from the server.; Common issues: missing jdbc driver, network/database unavailability (e.g. firewall), incorrect user/password and/or insufficient database access rights

2023-03-05 10:29:22.821 Documentation: file:///C:/Users/dcsuser/GaianProject/GaianS-Demo/gaiandb/build/GAIANDB_V2.1.8_20230228/doc/javadoc-errors/com/ibm/gaiandb/diags/GDBMessages.html#ENGINE_JDBC_CONN_ATTEMPT_ERROR


2023-03-05 10:33:35.524~8685100 DatabaseConnector ---------------> Connector 1 from GaianNode Watchdog: WARNING:

2023-03-05 10:33:35.524 ********** GDB_WARNING: ENGINE_JDBC_CONN_ATTEMPT_ERROR (700th repetition): Failed JDBC Connection attempt in 3 ms for: jdbc:mysql://localhost:3306/test, cause: com.mysql.jdbc.exceptions.jdbc4.CommunicationsException: Communications link failure

The last packet sent successfully to the server was 0 milliseconds ago. The driver has not received any packets from the server.; Common issues: missing jdbc driver, network/database unavailability (e.g. firewall), incorrect user/password and/or insufficient database access rights

2023-03-05 10:33:35.524 Documentation: file:///C:/Users/dcsuser/GaianProject/GaianS-Demo/gaiandb/build/GAIANDB_V2.1.8_20230228/doc/javadoc-errors/com/ibm/gaiandb/diags/GDBMessages.html#ENGINE_JDBC_CONN_ATTEMPT_ERROR


2023-03-05 10:37:48.174~658884500 DatabaseConnector ---------------> Connector 1 from GaianNode Watchdog: WARNING:

2023-03-05 10:37:48.174 ********** GDB_WARNING: ENGINE_JDBC_CONN_ATTEMPT_ERROR (800th repetition): Failed JDBC Connection attempt in 4 ms for: jdbc:mysql://localhost:3306/test, cause: com.mysql.jdbc.exceptions.jdbc4.CommunicationsException: Communications link failure

The last packet sent successfully to the server was 0 milliseconds ago. The driver has not received any packets from the server.; Common issues: missing jdbc driver, network/database unavailability (e.g. firewall), incorrect user/password and/or insufficient database access rights

2023-03-05 10:37:48.174 Documentation: file:///C:/Users/dcsuser/GaianProject/GaianS-Demo/gaiandb/build/GAIANDB_V2.1.8_20230228/doc/javadoc-errors/com/ibm/gaiandb/diags/GDBMessages.html#ENGINE_JDBC_CONN_ATTEMPT_ERROR


